  DrawComponent.cpp
C:\Users\bbty0\source\repos\QTViewer\QTViewer\src\DrawComponent.cpp(1,1): warning C4828: 파일에 0x20e 오프셋에서 시작하는 문자가 포함되어 있습니다. 이 문자는 현재 원본 문자 집합에서 잘못된 문자입니다(코드 페이지 65001).
C:\Users\bbty0\source\repos\QTViewer\QTViewer\src\DrawComponent.cpp(1,1): warning C4828: 파일에 0x20f 오프셋에서 시작하는 문자가 포함되어 있습니다. 이 문자는 현재 원본 문자 집합에서 잘못된 문자입니다(코드 페이지 65001).
C:\Users\bbty0\source\repos\QTViewer\QTViewer\src\DrawComponent.cpp(1,1): warning C4828: 파일에 0x211 오프셋에서 시작하는 문자가 포함되어 있습니다. 이 문자는 현재 원본 문자 집합에서 잘못된 문자입니다(코드 페이지 65001).
C:\Users\bbty0\source\repos\QTViewer\QTViewer\src\DrawComponent.cpp(1,1): warning C4828: 파일에 0x213 오프셋에서 시작하는 문자가 포함되어 있습니다. 이 문자는 현재 원본 문자 집합에서 잘못된 문자입니다(코드 페이지 65001).
C:\Users\bbty0\source\repos\QTViewer\QTViewer\src\DrawComponent.cpp(1,1): warning C4828: 파일에 0x214 오프셋에서 시작하는 문자가 포함되어 있습니다. 이 문자는 현재 원본 문자 집합에서 잘못된 문자입니다(코드 페이지 65001).
C:\Users\bbty0\source\repos\QTViewer\QTViewer\src\DrawComponent.cpp(1,1): warning C4828: 파일에 0x215 오프셋에서 시작하는 문자가 포함되어 있습니다. 이 문자는 현재 원본 문자 집합에서 잘못된 문자입니다(코드 페이지 65001).
C:\Users\bbty0\source\repos\QTViewer\QTViewer\src\DrawComponent.cpp(1,1): warning C4828: 파일에 0x216 오프셋에서 시작하는 문자가 포함되어 있습니다. 이 문자는 현재 원본 문자 집합에서 잘못된 문자입니다(코드 페이지 65001).
C:\Users\bbty0\source\repos\QTViewer\QTViewer\src\DrawComponent.cpp(1,1): warning C4828: 파일에 0x219 오프셋에서 시작하는 문자가 포함되어 있습니다. 이 문자는 현재 원본 문자 집합에서 잘못된 문자입니다(코드 페이지 65001).
C:\Users\bbty0\source\repos\QTViewer\QTViewer\src\DrawComponent.cpp(1,1): warning C4828: 파일에 0x21a 오프셋에서 시작하는 문자가 포함되어 있습니다. 이 문자는 현재 원본 문자 집합에서 잘못된 문자입니다(코드 페이지 65001).
C:\Users\bbty0\source\repos\QTViewer\QTViewer\src\DrawComponent.cpp(1,1): warning C4828: 파일에 0x21b 오프셋에서 시작하는 문자가 포함되어 있습니다. 이 문자는 현재 원본 문자 집합에서 잘못된 문자입니다(코드 페이지 65001).
C:\Users\bbty0\source\repos\QTViewer\QTViewer\src\DrawComponent.cpp(1,1): warning C4828: 파일에 0x21c 오프셋에서 시작하는 문자가 포함되어 있습니다. 이 문자는 현재 원본 문자 집합에서 잘못된 문자입니다(코드 페이지 65001).
C:\Users\bbty0\source\repos\QTViewer\QTViewer\src\DrawComponent.cpp(1,1): warning C4828: 파일에 0x21e 오프셋에서 시작하는 문자가 포함되어 있습니다. 이 문자는 현재 원본 문자 집합에서 잘못된 문자입니다(코드 페이지 65001).
C:\Users\bbty0\source\repos\QTViewer\QTViewer\src\DrawComponent.cpp(1,1): warning C4828: 파일에 0x21f 오프셋에서 시작하는 문자가 포함되어 있습니다. 이 문자는 현재 원본 문자 집합에서 잘못된 문자입니다(코드 페이지 65001).
C:\Users\bbty0\source\repos\QTViewer\QTViewer\src\DrawComponent.cpp(1,1): warning C4828: 파일에 0x220 오프셋에서 시작하는 문자가 포함되어 있습니다. 이 문자는 현재 원본 문자 집합에서 잘못된 문자입니다(코드 페이지 65001).
C:\Users\bbty0\source\repos\QTViewer\QTViewer\src\DrawComponent.cpp(1,1): warning C4828: 파일에 0x221 오프셋에서 시작하는 문자가 포함되어 있습니다. 이 문자는 현재 원본 문자 집합에서 잘못된 문자입니다(코드 페이지 65001).
C:\Users\bbty0\source\repos\QTViewer\QTViewer\src\DrawComponent.cpp(1,1): warning C4828: 파일에 0x222 오프셋에서 시작하는 문자가 포함되어 있습니다. 이 문자는 현재 원본 문자 집합에서 잘못된 문자입니다(코드 페이지 65001).
C:\Users\bbty0\source\repos\QTViewer\QTViewer\src\DrawComponent.cpp(1,1): warning C4828: 파일에 0x225 오프셋에서 시작하는 문자가 포함되어 있습니다. 이 문자는 현재 원본 문자 집합에서 잘못된 문자입니다(코드 페이지 65001).
C:\Users\bbty0\source\repos\QTViewer\QTViewer\src\DrawComponent.cpp(1,1): warning C4828: 파일에 0x226 오프셋에서 시작하는 문자가 포함되어 있습니다. 이 문자는 현재 원본 문자 집합에서 잘못된 문자입니다(코드 페이지 65001).
C:\Users\bbty0\source\repos\QTViewer\QTViewer\src\DrawComponent.cpp(1,1): warning C4828: 파일에 0x227 오프셋에서 시작하는 문자가 포함되어 있습니다. 이 문자는 현재 원본 문자 집합에서 잘못된 문자입니다(코드 페이지 65001).
C:\Users\bbty0\source\repos\QTViewer\QTViewer\src\DrawComponent.cpp(1,1): warning C4828: 파일에 0x228 오프셋에서 시작하는 문자가 포함되어 있습니다. 이 문자는 현재 원본 문자 집합에서 잘못된 문자입니다(코드 페이지 65001).
C:\Users\bbty0\source\repos\QTViewer\QTViewer\src\DrawComponent.cpp(1,1): warning C4828: 파일에 0x22b 오프셋에서 시작하는 문자가 포함되어 있습니다. 이 문자는 현재 원본 문자 집합에서 잘못된 문자입니다(코드 페이지 65001).
C:\Users\bbty0\source\repos\QTViewer\QTViewer\src\DrawComponent.cpp(1,1): warning C4828: 파일에 0x22c 오프셋에서 시작하는 문자가 포함되어 있습니다. 이 문자는 현재 원본 문자 집합에서 잘못된 문자입니다(코드 페이지 65001).
C:\Users\bbty0\source\repos\QTViewer\QTViewer\src\DrawComponent.cpp(1,1): warning C4828: 파일에 0x22d 오프셋에서 시작하는 문자가 포함되어 있습니다. 이 문자는 현재 원본 문자 집합에서 잘못된 문자입니다(코드 페이지 65001).
C:\Users\bbty0\source\repos\QTViewer\QTViewer\src\DrawComponent.cpp(1,1): warning C4828: 파일에 0x22e 오프셋에서 시작하는 문자가 포함되어 있습니다. 이 문자는 현재 원본 문자 집합에서 잘못된 문자입니다(코드 페이지 65001).
C:\Users\bbty0\source\repos\QTViewer\QTViewer\src\DrawComponent.cpp(1,1): warning C4828: 파일에 0x230 오프셋에서 시작하는 문자가 포함되어 있습니다. 이 문자는 현재 원본 문자 집합에서 잘못된 문자입니다(코드 페이지 65001).
C:\Users\bbty0\source\repos\QTViewer\QTViewer\src\DrawComponent.cpp(1,1): warning C4828: 파일에 0x231 오프셋에서 시작하는 문자가 포함되어 있습니다. 이 문자는 현재 원본 문자 집합에서 잘못된 문자입니다(코드 페이지 65001).
C:\Users\bbty0\source\repos\QTViewer\QTViewer\src\DrawComponent.cpp(1,1): warning C4828: 파일에 0x235 오프셋에서 시작하는 문자가 포함되어 있습니다. 이 문자는 현재 원본 문자 집합에서 잘못된 문자입니다(코드 페이지 65001).
C:\Users\bbty0\source\repos\QTViewer\QTViewer\src\DrawComponent.cpp(1,1): warning C4828: 파일에 0x236 오프셋에서 시작하는 문자가 포함되어 있습니다. 이 문자는 현재 원본 문자 집합에서 잘못된 문자입니다(코드 페이지 65001).
C:\Users\bbty0\source\repos\QTViewer\QTViewer\src\DrawComponent.cpp(1,1): warning C4828: 파일에 0x383 오프셋에서 시작하는 문자가 포함되어 있습니다. 이 문자는 현재 원본 문자 집합에서 잘못된 문자입니다(코드 페이지 65001).
C:\Users\bbty0\source\repos\QTViewer\QTViewer\src\DrawComponent.cpp(1,1): warning C4828: 파일에 0x384 오프셋에서 시작하는 문자가 포함되어 있습니다. 이 문자는 현재 원본 문자 집합에서 잘못된 문자입니다(코드 페이지 65001).
C:\Users\bbty0\source\repos\QTViewer\QTViewer\src\DrawComponent.cpp(1,1): warning C4828: 파일에 0x386 오프셋에서 시작하는 문자가 포함되어 있습니다. 이 문자는 현재 원본 문자 집합에서 잘못된 문자입니다(코드 페이지 65001).
C:\Users\bbty0\source\repos\QTViewer\QTViewer\src\DrawComponent.cpp(1,1): warning C4828: 파일에 0x387 오프셋에서 시작하는 문자가 포함되어 있습니다. 이 문자는 현재 원본 문자 집합에서 잘못된 문자입니다(코드 페이지 65001).
C:\Users\bbty0\source\repos\QTViewer\QTViewer\src\DrawComponent.cpp(1,1): warning C4828: 파일에 0x38b 오프셋에서 시작하는 문자가 포함되어 있습니다. 이 문자는 현재 원본 문자 집합에서 잘못된 문자입니다(코드 페이지 65001).
C:\Users\bbty0\source\repos\QTViewer\QTViewer\src\DrawComponent.cpp(1,1): warning C4828: 파일에 0x38c 오프셋에서 시작하는 문자가 포함되어 있습니다. 이 문자는 현재 원본 문자 집합에서 잘못된 문자입니다(코드 페이지 65001).
C:\Users\bbty0\source\repos\QTViewer\QTViewer\src\DrawComponent.cpp(1,1): warning C4828: 파일에 0x38f 오프셋에서 시작하는 문자가 포함되어 있습니다. 이 문자는 현재 원본 문자 집합에서 잘못된 문자입니다(코드 페이지 65001).
C:\Users\bbty0\source\repos\QTViewer\QTViewer\src\DrawComponent.cpp(1,1): warning C4828: 파일에 0x390 오프셋에서 시작하는 문자가 포함되어 있습니다. 이 문자는 현재 원본 문자 집합에서 잘못된 문자입니다(코드 페이지 65001).
C:\Users\bbty0\source\repos\QTViewer\QTViewer\src\DrawComponent.cpp(1,1): warning C4828: 파일에 0x391 오프셋에서 시작하는 문자가 포함되어 있습니다. 이 문자는 현재 원본 문자 집합에서 잘못된 문자입니다(코드 페이지 65001).
C:\Users\bbty0\source\repos\QTViewer\QTViewer\src\DrawComponent.cpp(1,1): warning C4828: 파일에 0x392 오프셋에서 시작하는 문자가 포함되어 있습니다. 이 문자는 현재 원본 문자 집합에서 잘못된 문자입니다(코드 페이지 65001).
C:\Users\bbty0\source\repos\QTViewer\QTViewer\src\DrawComponent.cpp(1,1): warning C4828: 파일에 0x396 오프셋에서 시작하는 문자가 포함되어 있습니다. 이 문자는 현재 원본 문자 집합에서 잘못된 문자입니다(코드 페이지 65001).
C:\Users\bbty0\source\repos\QTViewer\QTViewer\src\DrawComponent.cpp(1,1): warning C4828: 파일에 0x397 오프셋에서 시작하는 문자가 포함되어 있습니다. 이 문자는 현재 원본 문자 집합에서 잘못된 문자입니다(코드 페이지 65001).
C:\Users\bbty0\source\repos\QTViewer\QTViewer\src\DrawComponent.cpp(1,1): warning C4828: 파일에 0x398 오프셋에서 시작하는 문자가 포함되어 있습니다. 이 문자는 현재 원본 문자 집합에서 잘못된 문자입니다(코드 페이지 65001).
C:\Users\bbty0\source\repos\QTViewer\QTViewer\src\DrawComponent.cpp(1,1): warning C4828: 파일에 0x399 오프셋에서 시작하는 문자가 포함되어 있습니다. 이 문자는 현재 원본 문자 집합에서 잘못된 문자입니다(코드 페이지 65001).
C:\Users\bbty0\source\repos\QTViewer\QTViewer\src\DrawComponent.cpp(1,1): warning C4828: 파일에 0x39b 오프셋에서 시작하는 문자가 포함되어 있습니다. 이 문자는 현재 원본 문자 집합에서 잘못된 문자입니다(코드 페이지 65001).
C:\Users\bbty0\source\repos\QTViewer\QTViewer\src\DrawComponent.cpp(1,1): warning C4828: 파일에 0x39c 오프셋에서 시작하는 문자가 포함되어 있습니다. 이 문자는 현재 원본 문자 집합에서 잘못된 문자입니다(코드 페이지 65001).
C:\Users\bbty0\source\repos\QTViewer\QTViewer\src\DrawComponent.cpp(1,1): warning C4828: 파일에 0x3a0 오프셋에서 시작하는 문자가 포함되어 있습니다. 이 문자는 현재 원본 문자 집합에서 잘못된 문자입니다(코드 페이지 65001).
C:\Users\bbty0\source\repos\QTViewer\QTViewer\src\DrawComponent.cpp(1,1): warning C4828: 파일에 0x3a2 오프셋에서 시작하는 문자가 포함되어 있습니다. 이 문자는 현재 원본 문자 집합에서 잘못된 문자입니다(코드 페이지 65001).
C:\Users\bbty0\source\repos\QTViewer\QTViewer\src\DrawComponent.cpp(1,1): warning C4828: 파일에 0x3a3 오프셋에서 시작하는 문자가 포함되어 있습니다. 이 문자는 현재 원본 문자 집합에서 잘못된 문자입니다(코드 페이지 65001).
C:\Users\bbty0\source\repos\QTViewer\QTViewer\src\DrawComponent.cpp(1,1): warning C4828: 파일에 0x3a6 오프셋에서 시작하는 문자가 포함되어 있습니다. 이 문자는 현재 원본 문자 집합에서 잘못된 문자입니다(코드 페이지 65001).
C:\Users\bbty0\source\repos\QTViewer\QTViewer\src\DrawComponent.cpp(1,1): warning C4828: 파일에 0x3a8 오프셋에서 시작하는 문자가 포함되어 있습니다. 이 문자는 현재 원본 문자 집합에서 잘못된 문자입니다(코드 페이지 65001).
C:\Users\bbty0\source\repos\QTViewer\QTViewer\src\DrawComponent.cpp(1,1): warning C4828: 파일에 0x3a9 오프셋에서 시작하는 문자가 포함되어 있습니다. 이 문자는 현재 원본 문자 집합에서 잘못된 문자입니다(코드 페이지 65001).
C:\Users\bbty0\source\repos\QTViewer\QTViewer\src\DrawComponent.cpp(1,1): warning C4828: 파일에 0x3ac 오프셋에서 시작하는 문자가 포함되어 있습니다. 이 문자는 현재 원본 문자 집합에서 잘못된 문자입니다(코드 페이지 65001).
C:\Users\bbty0\source\repos\QTViewer\QTViewer\src\DrawComponent.cpp(1,1): warning C4828: 파일에 0x3ad 오프셋에서 시작하는 문자가 포함되어 있습니다. 이 문자는 현재 원본 문자 집합에서 잘못된 문자입니다(코드 페이지 65001).
C:\Users\bbty0\source\repos\QTViewer\QTViewer\src\DrawComponent.cpp(1,1): warning C4828: 파일에 0x3ae 오프셋에서 시작하는 문자가 포함되어 있습니다. 이 문자는 현재 원본 문자 집합에서 잘못된 문자입니다(코드 페이지 65001).
C:\Users\bbty0\source\repos\QTViewer\QTViewer\src\DrawComponent.cpp(1,1): warning C4828: 파일에 0x3b1 오프셋에서 시작하는 문자가 포함되어 있습니다. 이 문자는 현재 원본 문자 집합에서 잘못된 문자입니다(코드 페이지 65001).
C:\Users\bbty0\source\repos\QTViewer\QTViewer\src\DrawComponent.cpp(1,1): warning C4828: 파일에 0x3b3 오프셋에서 시작하는 문자가 포함되어 있습니다. 이 문자는 현재 원본 문자 집합에서 잘못된 문자입니다(코드 페이지 65001).
C:\Users\bbty0\source\repos\QTViewer\QTViewer\src\DrawComponent.cpp(1,1): warning C4828: 파일에 0x3b4 오프셋에서 시작하는 문자가 포함되어 있습니다. 이 문자는 현재 원본 문자 집합에서 잘못된 문자입니다(코드 페이지 65001).
C:\Users\bbty0\source\repos\QTViewer\QTViewer\src\DrawComponent.cpp(1,1): warning C4828: 파일에 0x3b5 오프셋에서 시작하는 문자가 포함되어 있습니다. 이 문자는 현재 원본 문자 집합에서 잘못된 문자입니다(코드 페이지 65001).
C:\Users\bbty0\source\repos\QTViewer\QTViewer\src\DrawComponent.cpp(1,1): warning C4828: 파일에 0x3b6 오프셋에서 시작하는 문자가 포함되어 있습니다. 이 문자는 현재 원본 문자 집합에서 잘못된 문자입니다(코드 페이지 65001).
C:\Users\bbty0\source\repos\QTViewer\QTViewer\src\DrawComponent.cpp(1,1): warning C4828: 파일에 0x3b8 오프셋에서 시작하는 문자가 포함되어 있습니다. 이 문자는 현재 원본 문자 집합에서 잘못된 문자입니다(코드 페이지 65001).
C:\Users\bbty0\source\repos\QTViewer\QTViewer\src\DrawComponent.cpp(1,1): warning C4828: 파일에 0x3b9 오프셋에서 시작하는 문자가 포함되어 있습니다. 이 문자는 현재 원본 문자 집합에서 잘못된 문자입니다(코드 페이지 65001).
C:\Users\bbty0\source\repos\QTViewer\QTViewer\src\DrawComponent.cpp(1,1): warning C4828: 파일에 0x3ba 오프셋에서 시작하는 문자가 포함되어 있습니다. 이 문자는 현재 원본 문자 집합에서 잘못된 문자입니다(코드 페이지 65001).
C:\Users\bbty0\source\repos\QTViewer\QTViewer\src\DrawComponent.cpp(1,1): warning C4828: 파일에 0x4d8 오프셋에서 시작하는 문자가 포함되어 있습니다. 이 문자는 현재 원본 문자 집합에서 잘못된 문자입니다(코드 페이지 65001).
C:\Users\bbty0\source\repos\QTViewer\QTViewer\src\DrawComponent.cpp(1,1): warning C4828: 파일에 0x4db 오프셋에서 시작하는 문자가 포함되어 있습니다. 이 문자는 현재 원본 문자 집합에서 잘못된 문자입니다(코드 페이지 65001).
C:\Users\bbty0\source\repos\QTViewer\QTViewer\src\DrawComponent.cpp(1,1): warning C4828: 파일에 0x4dc 오프셋에서 시작하는 문자가 포함되어 있습니다. 이 문자는 현재 원본 문자 집합에서 잘못된 문자입니다(코드 페이지 65001).
C:\Users\bbty0\source\repos\QTViewer\QTViewer\src\DrawComponent.cpp(1,1): warning C4828: 파일에 0x4dd 오프셋에서 시작하는 문자가 포함되어 있습니다. 이 문자는 현재 원본 문자 집합에서 잘못된 문자입니다(코드 페이지 65001).
C:\Users\bbty0\source\repos\QTViewer\QTViewer\src\DrawComponent.cpp(1,1): warning C4828: 파일에 0x5e6 오프셋에서 시작하는 문자가 포함되어 있습니다. 이 문자는 현재 원본 문자 집합에서 잘못된 문자입니다(코드 페이지 65001).
C:\Users\bbty0\source\repos\QTViewer\QTViewer\src\DrawComponent.cpp(1,1): warning C4828: 파일에 0x5e7 오프셋에서 시작하는 문자가 포함되어 있습니다. 이 문자는 현재 원본 문자 집합에서 잘못된 문자입니다(코드 페이지 65001).
C:\Users\bbty0\source\repos\QTViewer\QTViewer\src\DrawComponent.cpp(1,1): warning C4828: 파일에 0x5e8 오프셋에서 시작하는 문자가 포함되어 있습니다. 이 문자는 현재 원본 문자 집합에서 잘못된 문자입니다(코드 페이지 65001).
C:\Users\bbty0\source\repos\QTViewer\QTViewer\src\DrawComponent.cpp(1,1): warning C4828: 파일에 0x5e9 오프셋에서 시작하는 문자가 포함되어 있습니다. 이 문자는 현재 원본 문자 집합에서 잘못된 문자입니다(코드 페이지 65001).
C:\Users\bbty0\source\repos\QTViewer\QTViewer\src\DrawComponent.cpp(1,1): warning C4828: 파일에 0x6f2 오프셋에서 시작하는 문자가 포함되어 있습니다. 이 문자는 현재 원본 문자 집합에서 잘못된 문자입니다(코드 페이지 65001).
C:\Users\bbty0\source\repos\QTViewer\QTViewer\src\DrawComponent.cpp(1,1): warning C4828: 파일에 0x6f3 오프셋에서 시작하는 문자가 포함되어 있습니다. 이 문자는 현재 원본 문자 집합에서 잘못된 문자입니다(코드 페이지 65001).
C:\Users\bbty0\source\repos\QTViewer\QTViewer\src\DrawComponent.cpp(1,1): warning C4828: 파일에 0x6f7 오프셋에서 시작하는 문자가 포함되어 있습니다. 이 문자는 현재 원본 문자 집합에서 잘못된 문자입니다(코드 페이지 65001).
C:\Users\bbty0\source\repos\QTViewer\QTViewer\src\DrawComponent.cpp(1,1): warning C4828: 파일에 0x9a9 오프셋에서 시작하는 문자가 포함되어 있습니다. 이 문자는 현재 원본 문자 집합에서 잘못된 문자입니다(코드 페이지 65001).
C:\Users\bbty0\source\repos\QTViewer\QTViewer\src\DrawComponent.cpp(1,1): warning C4828: 파일에 0x9aa 오프셋에서 시작하는 문자가 포함되어 있습니다. 이 문자는 현재 원본 문자 집합에서 잘못된 문자입니다(코드 페이지 65001).
C:\Users\bbty0\source\repos\QTViewer\QTViewer\src\DrawComponent.cpp(1,1): warning C4828: 파일에 0x9ab 오프셋에서 시작하는 문자가 포함되어 있습니다. 이 문자는 현재 원본 문자 집합에서 잘못된 문자입니다(코드 페이지 65001).
C:\Users\bbty0\source\repos\QTViewer\QTViewer\src\DrawComponent.cpp(1,1): warning C4828: 파일에 0x9ac 오프셋에서 시작하는 문자가 포함되어 있습니다. 이 문자는 현재 원본 문자 집합에서 잘못된 문자입니다(코드 페이지 65001).
C:\Users\bbty0\source\repos\QTViewer\QTViewer\src\DrawComponent.cpp(1,1): warning C4828: 파일에 0x9ae 오프셋에서 시작하는 문자가 포함되어 있습니다. 이 문자는 현재 원본 문자 집합에서 잘못된 문자입니다(코드 페이지 65001).
C:\Users\bbty0\source\repos\QTViewer\QTViewer\src\DrawComponent.cpp(1,1): warning C4828: 파일에 0x9b0 오프셋에서 시작하는 문자가 포함되어 있습니다. 이 문자는 현재 원본 문자 집합에서 잘못된 문자입니다(코드 페이지 65001).
C:\Users\bbty0\source\repos\QTViewer\QTViewer\src\DrawComponent.cpp(1,1): warning C4828: 파일에 0x9b1 오프셋에서 시작하는 문자가 포함되어 있습니다. 이 문자는 현재 원본 문자 집합에서 잘못된 문자입니다(코드 페이지 65001).
C:\Users\bbty0\source\repos\QTViewer\QTViewer\src\DrawComponent.cpp(1,1): warning C4828: 파일에 0x9b3 오프셋에서 시작하는 문자가 포함되어 있습니다. 이 문자는 현재 원본 문자 집합에서 잘못된 문자입니다(코드 페이지 65001).
C:\Users\bbty0\source\repos\QTViewer\QTViewer\src\DrawComponent.cpp(1,1): warning C4828: 파일에 0x9b4 오프셋에서 시작하는 문자가 포함되어 있습니다. 이 문자는 현재 원본 문자 집합에서 잘못된 문자입니다(코드 페이지 65001).
C:\Users\bbty0\source\repos\QTViewer\QTViewer\src\DrawComponent.cpp(1,1): warning C4828: 파일에 0x9b7 오프셋에서 시작하는 문자가 포함되어 있습니다. 이 문자는 현재 원본 문자 집합에서 잘못된 문자입니다(코드 페이지 65001).
C:\Users\bbty0\source\repos\QTViewer\QTViewer\src\DrawComponent.cpp(1,1): warning C4828: 파일에 0x9b8 오프셋에서 시작하는 문자가 포함되어 있습니다. 이 문자는 현재 원본 문자 집합에서 잘못된 문자입니다(코드 페이지 65001).
C:\Users\bbty0\source\repos\QTViewer\QTViewer\src\DrawComponent.cpp(1,1): warning C4828: 파일에 0x10a5 오프셋에서 시작하는 문자가 포함되어 있습니다. 이 문자는 현재 원본 문자 집합에서 잘못된 문자입니다(코드 페이지 65001).
C:\Users\bbty0\source\repos\QTViewer\QTViewer\src\DrawComponent.cpp(1,1): warning C4828: 파일에 0x10a6 오프셋에서 시작하는 문자가 포함되어 있습니다. 이 문자는 현재 원본 문자 집합에서 잘못된 문자입니다(코드 페이지 65001).
C:\Users\bbty0\source\repos\QTViewer\QTViewer\src\DrawComponent.cpp(1,1): warning C4828: 파일에 0x10ac 오프셋에서 시작하는 문자가 포함되어 있습니다. 이 문자는 현재 원본 문자 집합에서 잘못된 문자입니다(코드 페이지 65001).
C:\Users\bbty0\source\repos\QTViewer\QTViewer\src\DrawComponent.cpp(1,1): warning C4828: 파일에 0x10ad 오프셋에서 시작하는 문자가 포함되어 있습니다. 이 문자는 현재 원본 문자 집합에서 잘못된 문자입니다(코드 페이지 65001).
C:\Users\bbty0\source\repos\QTViewer\QTViewer\src\DrawComponent.cpp(1,1): warning C4828: 파일에 0x10af 오프셋에서 시작하는 문자가 포함되어 있습니다. 이 문자는 현재 원본 문자 집합에서 잘못된 문자입니다(코드 페이지 65001).
C:\Users\bbty0\source\repos\QTViewer\QTViewer\src\DrawComponent.cpp(1,1): warning C4828: 파일에 0x10bd 오프셋에서 시작하는 문자가 포함되어 있습니다. 이 문자는 현재 원본 문자 집합에서 잘못된 문자입니다(코드 페이지 65001).
C:\Users\bbty0\source\repos\QTViewer\QTViewer\src\DrawComponent.cpp(1,1): warning C4828: 파일에 0x10be 오프셋에서 시작하는 문자가 포함되어 있습니다. 이 문자는 현재 원본 문자 집합에서 잘못된 문자입니다(코드 페이지 65001).
C:\Users\bbty0\source\repos\QTViewer\QTViewer\src\DrawComponent.cpp(1,1): warning C4828: 파일에 0x10c6 오프셋에서 시작하는 문자가 포함되어 있습니다. 이 문자는 현재 원본 문자 집합에서 잘못된 문자입니다(코드 페이지 65001).
C:\Users\bbty0\source\repos\QTViewer\QTViewer\src\DrawComponent.cpp(1,1): warning C4828: 파일에 0x10c7 오프셋에서 시작하는 문자가 포함되어 있습니다. 이 문자는 현재 원본 문자 집합에서 잘못된 문자입니다(코드 페이지 65001).
C:\Users\bbty0\source\repos\QTViewer\QTViewer\src\DrawComponent.cpp(1,1): warning C4828: 파일에 0x10c9 오프셋에서 시작하는 문자가 포함되어 있습니다. 이 문자는 현재 원본 문자 집합에서 잘못된 문자입니다(코드 페이지 65001).
C:\Users\bbty0\source\repos\QTViewer\QTViewer\src\DrawComponent.cpp(1,1): warning C4828: 파일에 0x10d9 오프셋에서 시작하는 문자가 포함되어 있습니다. 이 문자는 현재 원본 문자 집합에서 잘못된 문자입니다(코드 페이지 65001).
C:\Users\bbty0\source\repos\QTViewer\QTViewer\src\DrawComponent.cpp(1,1): warning C4828: 파일에 0x10da 오프셋에서 시작하는 문자가 포함되어 있습니다. 이 문자는 현재 원본 문자 집합에서 잘못된 문자입니다(코드 페이지 65001).
C:\Users\bbty0\source\repos\QTViewer\QTViewer\src\DrawComponent.cpp(1,1): warning C4828: 파일에 0x10e7 오프셋에서 시작하는 문자가 포함되어 있습니다. 이 문자는 현재 원본 문자 집합에서 잘못된 문자입니다(코드 페이지 65001).
C:\Users\bbty0\source\repos\QTViewer\QTViewer\src\DrawComponent.cpp(1,1): warning C4828: 파일에 0x10e8 오프셋에서 시작하는 문자가 포함되어 있습니다. 이 문자는 현재 원본 문자 집합에서 잘못된 문자입니다(코드 페이지 65001).
C:\Users\bbty0\source\repos\QTViewer\QTViewer\src\DrawComponent.cpp(1,1): warning C4828: 파일에 0x10ea 오프셋에서 시작하는 문자가 포함되어 있습니다. 이 문자는 현재 원본 문자 집합에서 잘못된 문자입니다(코드 페이지 65001).
C:\Users\bbty0\source\repos\QTViewer\QTViewer\src\DrawComponent.cpp(1,1): warning C4828: 파일에 0x10ed 오프셋에서 시작하는 문자가 포함되어 있습니다. 이 문자는 현재 원본 문자 집합에서 잘못된 문자입니다(코드 페이지 65001).
C:\Users\bbty0\source\repos\QTViewer\QTViewer\src\DrawComponent.cpp(1,1): warning C4828: 파일에 0x10ee 오프셋에서 시작하는 문자가 포함되어 있습니다. 이 문자는 현재 원본 문자 집합에서 잘못된 문자입니다(코드 페이지 65001).
C:\Users\bbty0\source\repos\QTViewer\QTViewer\src\DrawComponent.cpp(1,1): warning C4828: 파일에 0x10ef 오프셋에서 시작하는 문자가 포함되어 있습니다. 이 문자는 현재 원본 문자 집합에서 잘못된 문자입니다(코드 페이지 65001).
C:\Users\bbty0\source\repos\QTViewer\QTViewer\src\DrawComponent.cpp(1,1): warning C4828: 파일에 0x1171 오프셋에서 시작하는 문자가 포함되어 있습니다. 이 문자는 현재 원본 문자 집합에서 잘못된 문자입니다(코드 페이지 65001).
C:\Users\bbty0\source\repos\QTViewer\QTViewer\src\DrawComponent.cpp(1,1): warning C4828: 파일에 0x1172 오프셋에서 시작하는 문자가 포함되어 있습니다. 이 문자는 현재 원본 문자 집합에서 잘못된 문자입니다(코드 페이지 65001).
C:\Users\bbty0\source\repos\QTViewer\QTViewer\src\DrawComponent.cpp(1,1): warning C4828: 파일에 0x1176 오프셋에서 시작하는 문자가 포함되어 있습니다. 이 문자는 현재 원본 문자 집합에서 잘못된 문자입니다(코드 페이지 65001).
C:\Users\bbty0\source\repos\QTViewer\QTViewer\src\DrawComponent.cpp(1,1): warning C4828: 파일에 0x1177 오프셋에서 시작하는 문자가 포함되어 있습니다. 이 문자는 현재 원본 문자 집합에서 잘못된 문자입니다(코드 페이지 65001).
C:\Users\bbty0\source\repos\QTViewer\QTViewer\src\DrawComponent.cpp(1,1): warning C4828: 파일에 0x117b 오프셋에서 시작하는 문자가 포함되어 있습니다. 이 문자는 현재 원본 문자 집합에서 잘못된 문자입니다(코드 페이지 65001).
C:\Users\bbty0\source\repos\QTViewer\QTViewer\src\DrawComponent.cpp(1,1): warning C4828: 파일에 0x117c 오프셋에서 시작하는 문자가 포함되어 있습니다. 이 문자는 현재 원본 문자 집합에서 잘못된 문자입니다(코드 페이지 65001).
C:\Users\bbty0\source\repos\QTViewer\QTViewer\src\DrawComponent.cpp(1,1): warning C4828: 파일에 0x117d 오프셋에서 시작하는 문자가 포함되어 있습니다. 이 문자는 현재 원본 문자 집합에서 잘못된 문자입니다(코드 페이지 65001).
C:\Users\bbty0\source\repos\QTViewer\QTViewer\src\DrawComponent.cpp(1,1): warning C4828: 파일에 0x117e 오프셋에서 시작하는 문자가 포함되어 있습니다. 이 문자는 현재 원본 문자 집합에서 잘못된 문자입니다(코드 페이지 65001).
C:\Users\bbty0\source\repos\QTViewer\QTViewer\src\BVH.h(1,1): warning C4828: 파일에 0xb9 오프셋에서 시작하는 문자가 포함되어 있습니다. 이 문자는 현재 원본 문자 집합에서 잘못된 문자입니다(코드 페이지 65001).
C:\Users\bbty0\source\repos\QTViewer\QTViewer\src\BVH.h(1,1): warning C4828: 파일에 0xbc 오프셋에서 시작하는 문자가 포함되어 있습니다. 이 문자는 현재 원본 문자 집합에서 잘못된 문자입니다(코드 페이지 65001).
C:\Users\bbty0\source\repos\QTViewer\QTViewer\src\BVH.h(1,1): warning C4828: 파일에 0xbd 오프셋에서 시작하는 문자가 포함되어 있습니다. 이 문자는 현재 원본 문자 집합에서 잘못된 문자입니다(코드 페이지 65001).
C:\Users\bbty0\source\repos\QTViewer\QTViewer\src\BVH.h(1,1): warning C4828: 파일에 0xbe 오프셋에서 시작하는 문자가 포함되어 있습니다. 이 문자는 현재 원본 문자 집합에서 잘못된 문자입니다(코드 페이지 65001).
C:\Users\bbty0\source\repos\QTViewer\QTViewer\src\BVH.h(1,1): warning C4828: 파일에 0xbf 오프셋에서 시작하는 문자가 포함되어 있습니다. 이 문자는 현재 원본 문자 집합에서 잘못된 문자입니다(코드 페이지 65001).
C:\Users\bbty0\source\repos\QTViewer\QTViewer\src\BVH.h(1,1): warning C4828: 파일에 0xc1 오프셋에서 시작하는 문자가 포함되어 있습니다. 이 문자는 현재 원본 문자 집합에서 잘못된 문자입니다(코드 페이지 65001).
C:\Users\bbty0\source\repos\QTViewer\QTViewer\src\BVH.h(1,1): warning C4828: 파일에 0xc2 오프셋에서 시작하는 문자가 포함되어 있습니다. 이 문자는 현재 원본 문자 집합에서 잘못된 문자입니다(코드 페이지 65001).
C:\Users\bbty0\source\repos\QTViewer\QTViewer\src\BVH.h(1,1): warning C4828: 파일에 0xc9 오프셋에서 시작하는 문자가 포함되어 있습니다. 이 문자는 현재 원본 문자 집합에서 잘못된 문자입니다(코드 페이지 65001).
C:\Users\bbty0\source\repos\QTViewer\QTViewer\src\BVH.h(1,1): warning C4828: 파일에 0xca 오프셋에서 시작하는 문자가 포함되어 있습니다. 이 문자는 현재 원본 문자 집합에서 잘못된 문자입니다(코드 페이지 65001).
C:\Users\bbty0\source\repos\QTViewer\QTViewer\src\BVH.h(1,1): warning C4828: 파일에 0xd0 오프셋에서 시작하는 문자가 포함되어 있습니다. 이 문자는 현재 원본 문자 집합에서 잘못된 문자입니다(코드 페이지 65001).
C:\Users\bbty0\source\repos\QTViewer\QTViewer\src\BVH.h(1,1): warning C4828: 파일에 0xd1 오프셋에서 시작하는 문자가 포함되어 있습니다. 이 문자는 현재 원본 문자 집합에서 잘못된 문자입니다(코드 페이지 65001).
C:\Users\bbty0\source\repos\QTViewer\QTViewer\src\BVH.h(1,1): warning C4828: 파일에 0xd3 오프셋에서 시작하는 문자가 포함되어 있습니다. 이 문자는 현재 원본 문자 집합에서 잘못된 문자입니다(코드 페이지 65001).
C:\Users\bbty0\source\repos\QTViewer\QTViewer\src\BVH.h(1,1): warning C4828: 파일에 0xd4 오프셋에서 시작하는 문자가 포함되어 있습니다. 이 문자는 현재 원본 문자 집합에서 잘못된 문자입니다(코드 페이지 65001).
C:\Users\bbty0\source\repos\QTViewer\QTViewer\src\BVH.h(1,1): warning C4828: 파일에 0xd5 오프셋에서 시작하는 문자가 포함되어 있습니다. 이 문자는 현재 원본 문자 집합에서 잘못된 문자입니다(코드 페이지 65001).
C:\Users\bbty0\source\repos\QTViewer\QTViewer\src\BVH.h(1,1): warning C4828: 파일에 0xd8 오프셋에서 시작하는 문자가 포함되어 있습니다. 이 문자는 현재 원본 문자 집합에서 잘못된 문자입니다(코드 페이지 65001).
C:\Users\bbty0\source\repos\QTViewer\QTViewer\src\BVH.h(1,1): warning C4828: 파일에 0xda 오프셋에서 시작하는 문자가 포함되어 있습니다. 이 문자는 현재 원본 문자 집합에서 잘못된 문자입니다(코드 페이지 65001).
C:\Users\bbty0\source\repos\QTViewer\QTViewer\src\BVH.h(1,1): warning C4828: 파일에 0xdc 오프셋에서 시작하는 문자가 포함되어 있습니다. 이 문자는 현재 원본 문자 집합에서 잘못된 문자입니다(코드 페이지 65001).
C:\Users\bbty0\source\repos\QTViewer\QTViewer\src\BVH.h(1,1): warning C4828: 파일에 0xdd 오프셋에서 시작하는 문자가 포함되어 있습니다. 이 문자는 현재 원본 문자 집합에서 잘못된 문자입니다(코드 페이지 65001).
C:\Users\bbty0\source\repos\QTViewer\QTViewer\src\BVH.h(1,1): warning C4828: 파일에 0x1b4 오프셋에서 시작하는 문자가 포함되어 있습니다. 이 문자는 현재 원본 문자 집합에서 잘못된 문자입니다(코드 페이지 65001).
C:\Users\bbty0\source\repos\QTViewer\QTViewer\src\BVH.h(1,1): warning C4828: 파일에 0x1b5 오프셋에서 시작하는 문자가 포함되어 있습니다. 이 문자는 현재 원본 문자 집합에서 잘못된 문자입니다(코드 페이지 65001).
C:\Users\bbty0\source\repos\QTViewer\QTViewer\src\BVH.h(1,1): warning C4828: 파일에 0x2b9 오프셋에서 시작하는 문자가 포함되어 있습니다. 이 문자는 현재 원본 문자 집합에서 잘못된 문자입니다(코드 페이지 65001).
C:\Users\bbty0\source\repos\QTViewer\QTViewer\src\BVH.h(1,1): warning C4828: 파일에 0x2ba 오프셋에서 시작하는 문자가 포함되어 있습니다. 이 문자는 현재 원본 문자 집합에서 잘못된 문자입니다(코드 페이지 65001).
C:\Users\bbty0\source\repos\QTViewer\QTViewer\src\BVH.h(1,1): warning C4828: 파일에 0x388 오프셋에서 시작하는 문자가 포함되어 있습니다. 이 문자는 현재 원본 문자 집합에서 잘못된 문자입니다(코드 페이지 65001).
C:\Users\bbty0\source\repos\QTViewer\QTViewer\src\BVH.h(1,1): warning C4828: 파일에 0x389 오프셋에서 시작하는 문자가 포함되어 있습니다. 이 문자는 현재 원본 문자 집합에서 잘못된 문자입니다(코드 페이지 65001).
C:\Users\bbty0\source\repos\QTViewer\QTViewer\src\BVH.h(1,1): warning C4828: 파일에 0x38a 오프셋에서 시작하는 문자가 포함되어 있습니다. 이 문자는 현재 원본 문자 집합에서 잘못된 문자입니다(코드 페이지 65001).
C:\Users\bbty0\source\repos\QTViewer\QTViewer\src\BVH.h(1,1): warning C4828: 파일에 0x38b 오프셋에서 시작하는 문자가 포함되어 있습니다. 이 문자는 현재 원본 문자 집합에서 잘못된 문자입니다(코드 페이지 65001).
C:\Users\bbty0\source\repos\QTViewer\QTViewer\src\BVH.h(1,1): warning C4828: 파일에 0x38c 오프셋에서 시작하는 문자가 포함되어 있습니다. 이 문자는 현재 원본 문자 집합에서 잘못된 문자입니다(코드 페이지 65001).
C:\Users\bbty0\source\repos\QTViewer\QTViewer\src\BVH.h(1,1): warning C4828: 파일에 0x38d 오프셋에서 시작하는 문자가 포함되어 있습니다. 이 문자는 현재 원본 문자 집합에서 잘못된 문자입니다(코드 페이지 65001).
C:\Users\bbty0\source\repos\QTViewer\QTViewer\src\BVH.h(1,1): warning C4828: 파일에 0x67b 오프셋에서 시작하는 문자가 포함되어 있습니다. 이 문자는 현재 원본 문자 집합에서 잘못된 문자입니다(코드 페이지 65001).
C:\Users\bbty0\source\repos\QTViewer\QTViewer\src\BVH.h(1,1): warning C4828: 파일에 0x67c 오프셋에서 시작하는 문자가 포함되어 있습니다. 이 문자는 현재 원본 문자 집합에서 잘못된 문자입니다(코드 페이지 65001).
C:\Users\bbty0\source\repos\QTViewer\QTViewer\src\BVH.h(1,1): warning C4828: 파일에 0x67e 오프셋에서 시작하는 문자가 포함되어 있습니다. 이 문자는 현재 원본 문자 집합에서 잘못된 문자입니다(코드 페이지 65001).
C:\Users\bbty0\source\repos\QTViewer\QTViewer\src\BVH.h(1,1): warning C4828: 파일에 0x680 오프셋에서 시작하는 문자가 포함되어 있습니다. 이 문자는 현재 원본 문자 집합에서 잘못된 문자입니다(코드 페이지 65001).
C:\Users\bbty0\source\repos\QTViewer\QTViewer\src\BVH.h(1,1): warning C4828: 파일에 0x681 오프셋에서 시작하는 문자가 포함되어 있습니다. 이 문자는 현재 원본 문자 집합에서 잘못된 문자입니다(코드 페이지 65001).
C:\Users\bbty0\source\repos\QTViewer\QTViewer\src\BVH.h(1,1): warning C4828: 파일에 0x685 오프셋에서 시작하는 문자가 포함되어 있습니다. 이 문자는 현재 원본 문자 집합에서 잘못된 문자입니다(코드 페이지 65001).
C:\Users\bbty0\source\repos\QTViewer\QTViewer\src\BVH.h(1,1): warning C4828: 파일에 0x7b4 오프셋에서 시작하는 문자가 포함되어 있습니다. 이 문자는 현재 원본 문자 집합에서 잘못된 문자입니다(코드 페이지 65001).
C:\Users\bbty0\source\repos\QTViewer\QTViewer\src\BVH.h(1,1): warning C4828: 파일에 0x7b5 오프셋에서 시작하는 문자가 포함되어 있습니다. 이 문자는 현재 원본 문자 집합에서 잘못된 문자입니다(코드 페이지 65001).
C:\Users\bbty0\source\repos\QTViewer\QTViewer\src\BVH.h(1,1): warning C4828: 파일에 0x7b9 오프셋에서 시작하는 문자가 포함되어 있습니다. 이 문자는 현재 원본 문자 집합에서 잘못된 문자입니다(코드 페이지 65001).
C:\Users\bbty0\source\repos\QTViewer\QTViewer\src\BVH.h(1,1): warning C4828: 파일에 0x7bb 오프셋에서 시작하는 문자가 포함되어 있습니다. 이 문자는 현재 원본 문자 집합에서 잘못된 문자입니다(코드 페이지 65001).
C:\Users\bbty0\source\repos\QTViewer\QTViewer\src\BVH.h(1,1): warning C4828: 파일에 0x7bc 오프셋에서 시작하는 문자가 포함되어 있습니다. 이 문자는 현재 원본 문자 집합에서 잘못된 문자입니다(코드 페이지 65001).
C:\Users\bbty0\source\repos\QTViewer\QTViewer\src\BVH.h(1,1): warning C4828: 파일에 0x7bd 오프셋에서 시작하는 문자가 포함되어 있습니다. 이 문자는 현재 원본 문자 집합에서 잘못된 문자입니다(코드 페이지 65001).
C:\Users\bbty0\source\repos\QTViewer\QTViewer\src\BVH.h(1,1): warning C4828: 파일에 0x7be 오프셋에서 시작하는 문자가 포함되어 있습니다. 이 문자는 현재 원본 문자 집합에서 잘못된 문자입니다(코드 페이지 65001).
C:\Users\bbty0\source\repos\QTViewer\QTViewer\src\BVH.h(1,1): warning C4828: 파일에 0x7c0 오프셋에서 시작하는 문자가 포함되어 있습니다. 이 문자는 현재 원본 문자 집합에서 잘못된 문자입니다(코드 페이지 65001).
C:\Users\bbty0\source\repos\QTViewer\QTViewer\src\BVH.h(1,1): warning C4828: 파일에 0x7c1 오프셋에서 시작하는 문자가 포함되어 있습니다. 이 문자는 현재 원본 문자 집합에서 잘못된 문자입니다(코드 페이지 65001).
C:\Users\bbty0\source\repos\QTViewer\QTViewer\src\BVH.h(1,1): warning C4828: 파일에 0x7c3 오프셋에서 시작하는 문자가 포함되어 있습니다. 이 문자는 현재 원본 문자 집합에서 잘못된 문자입니다(코드 페이지 65001).
C:\Users\bbty0\source\repos\QTViewer\QTViewer\src\BVH.h(1,1): warning C4828: 파일에 0x7c4 오프셋에서 시작하는 문자가 포함되어 있습니다. 이 문자는 현재 원본 문자 집합에서 잘못된 문자입니다(코드 페이지 65001).
C:\Users\bbty0\source\repos\QTViewer\QTViewer\src\BVH.h(1,1): warning C4828: 파일에 0x7c5 오프셋에서 시작하는 문자가 포함되어 있습니다. 이 문자는 현재 원본 문자 집합에서 잘못된 문자입니다(코드 페이지 65001).
C:\Users\bbty0\source\repos\QTViewer\QTViewer\src\BVH.h(1,1): warning C4828: 파일에 0x824 오프셋에서 시작하는 문자가 포함되어 있습니다. 이 문자는 현재 원본 문자 집합에서 잘못된 문자입니다(코드 페이지 65001).
C:\Users\bbty0\source\repos\QTViewer\QTViewer\src\BVH.h(1,1): warning C4828: 파일에 0x825 오프셋에서 시작하는 문자가 포함되어 있습니다. 이 문자는 현재 원본 문자 집합에서 잘못된 문자입니다(코드 페이지 65001).
C:\Users\bbty0\source\repos\QTViewer\QTViewer\src\BVH.h(1,1): warning C4828: 파일에 0x829 오프셋에서 시작하는 문자가 포함되어 있습니다. 이 문자는 현재 원본 문자 집합에서 잘못된 문자입니다(코드 페이지 65001).
C:\Users\bbty0\source\repos\QTViewer\QTViewer\src\BVH.h(1,1): warning C4828: 파일에 0x82b 오프셋에서 시작하는 문자가 포함되어 있습니다. 이 문자는 현재 원본 문자 집합에서 잘못된 문자입니다(코드 페이지 65001).
C:\Users\bbty0\source\repos\QTViewer\QTViewer\src\BVH.h(1,1): warning C4828: 파일에 0x82c 오프셋에서 시작하는 문자가 포함되어 있습니다. 이 문자는 현재 원본 문자 집합에서 잘못된 문자입니다(코드 페이지 65001).
C:\Users\bbty0\source\repos\QTViewer\QTViewer\src\BVH.h(1,1): warning C4828: 파일에 0x82d 오프셋에서 시작하는 문자가 포함되어 있습니다. 이 문자는 현재 원본 문자 집합에서 잘못된 문자입니다(코드 페이지 65001).
C:\Users\bbty0\source\repos\QTViewer\QTViewer\src\BVH.h(1,1): warning C4828: 파일에 0x82e 오프셋에서 시작하는 문자가 포함되어 있습니다. 이 문자는 현재 원본 문자 집합에서 잘못된 문자입니다(코드 페이지 65001).
C:\Users\bbty0\source\repos\QTViewer\QTViewer\src\BVH.h(1,1): warning C4828: 파일에 0x832 오프셋에서 시작하는 문자가 포함되어 있습니다. 이 문자는 현재 원본 문자 집합에서 잘못된 문자입니다(코드 페이지 65001).
C:\Users\bbty0\source\repos\QTViewer\QTViewer\src\BVH.h(1,1): warning C4828: 파일에 0x833 오프셋에서 시작하는 문자가 포함되어 있습니다. 이 문자는 현재 원본 문자 집합에서 잘못된 문자입니다(코드 페이지 65001).
C:\Users\bbty0\source\repos\QTViewer\QTViewer\src\BVH.h(1,1): warning C4828: 파일에 0x85f 오프셋에서 시작하는 문자가 포함되어 있습니다. 이 문자는 현재 원본 문자 집합에서 잘못된 문자입니다(코드 페이지 65001).
C:\Users\bbty0\source\repos\QTViewer\QTViewer\src\BVH.h(1,1): warning C4828: 파일에 0x860 오프셋에서 시작하는 문자가 포함되어 있습니다. 이 문자는 현재 원본 문자 집합에서 잘못된 문자입니다(코드 페이지 65001).
C:\Users\bbty0\source\repos\QTViewer\QTViewer\src\BVH.h(1,1): warning C4828: 파일에 0x861 오프셋에서 시작하는 문자가 포함되어 있습니다. 이 문자는 현재 원본 문자 집합에서 잘못된 문자입니다(코드 페이지 65001).
C:\Users\bbty0\source\repos\QTViewer\QTViewer\src\BVH.h(1,1): warning C4828: 파일에 0x862 오프셋에서 시작하는 문자가 포함되어 있습니다. 이 문자는 현재 원본 문자 집합에서 잘못된 문자입니다(코드 페이지 65001).
C:\Users\bbty0\source\repos\QTViewer\QTViewer\src\BVH.h(1,1): warning C4828: 파일에 0x98d 오프셋에서 시작하는 문자가 포함되어 있습니다. 이 문자는 현재 원본 문자 집합에서 잘못된 문자입니다(코드 페이지 65001).
C:\Users\bbty0\source\repos\QTViewer\QTViewer\src\BVH.h(1,1): warning C4828: 파일에 0x98e 오프셋에서 시작하는 문자가 포함되어 있습니다. 이 문자는 현재 원본 문자 집합에서 잘못된 문자입니다(코드 페이지 65001).
C:\Users\bbty0\source\repos\QTViewer\QTViewer\src\BVH.h(1,1): warning C4828: 파일에 0x995 오프셋에서 시작하는 문자가 포함되어 있습니다. 이 문자는 현재 원본 문자 집합에서 잘못된 문자입니다(코드 페이지 65001).
C:\Users\bbty0\source\repos\QTViewer\QTViewer\src\BVH.h(1,1): warning C4828: 파일에 0x996 오프셋에서 시작하는 문자가 포함되어 있습니다. 이 문자는 현재 원본 문자 집합에서 잘못된 문자입니다(코드 페이지 65001).
C:\Users\bbty0\source\repos\QTViewer\QTViewer\src\BVH.h(1,1): warning C4828: 파일에 0x998 오프셋에서 시작하는 문자가 포함되어 있습니다. 이 문자는 현재 원본 문자 집합에서 잘못된 문자입니다(코드 페이지 65001).
C:\Users\bbty0\source\repos\QTViewer\QTViewer\src\BVH.h(1,1): warning C4828: 파일에 0x999 오프셋에서 시작하는 문자가 포함되어 있습니다. 이 문자는 현재 원본 문자 집합에서 잘못된 문자입니다(코드 페이지 65001).
C:\Users\bbty0\source\repos\QTViewer\QTViewer\src\BVH.h(1,1): warning C4828: 파일에 0x99a 오프셋에서 시작하는 문자가 포함되어 있습니다. 이 문자는 현재 원본 문자 집합에서 잘못된 문자입니다(코드 페이지 65001).
C:\Users\bbty0\source\repos\QTViewer\QTViewer\src\BVH.h(1,1): warning C4828: 파일에 0x99c 오프셋에서 시작하는 문자가 포함되어 있습니다. 이 문자는 현재 원본 문자 집합에서 잘못된 문자입니다(코드 페이지 65001).
C:\Users\bbty0\source\repos\QTViewer\QTViewer\src\BVH.h(1,1): warning C4828: 파일에 0x99d 오프셋에서 시작하는 문자가 포함되어 있습니다. 이 문자는 현재 원본 문자 집합에서 잘못된 문자입니다(코드 페이지 65001).
C:\Users\bbty0\source\repos\QTViewer\QTViewer\src\BVH.h(1,1): warning C4828: 파일에 0x99f 오프셋에서 시작하는 문자가 포함되어 있습니다. 이 문자는 현재 원본 문자 집합에서 잘못된 문자입니다(코드 페이지 65001).
C:\Users\bbty0\source\repos\QTViewer\QTViewer\src\BVH.h(1,1): warning C4828: 파일에 0x9a3 오프셋에서 시작하는 문자가 포함되어 있습니다. 이 문자는 현재 원본 문자 집합에서 잘못된 문자입니다(코드 페이지 65001).
C:\Users\bbty0\source\repos\QTViewer\QTViewer\src\BVH.h(1,1): warning C4828: 파일에 0x9a4 오프셋에서 시작하는 문자가 포함되어 있습니다. 이 문자는 현재 원본 문자 집합에서 잘못된 문자입니다(코드 페이지 65001).
C:\Users\bbty0\source\repos\QTViewer\QTViewer\src\BVH.h(1,1): warning C4828: 파일에 0x9a7 오프셋에서 시작하는 문자가 포함되어 있습니다. 이 문자는 현재 원본 문자 집합에서 잘못된 문자입니다(코드 페이지 65001).
C:\Users\bbty0\source\repos\QTViewer\QTViewer\src\BVH.h(1,1): warning C4828: 파일에 0x9a8 오프셋에서 시작하는 문자가 포함되어 있습니다. 이 문자는 현재 원본 문자 집합에서 잘못된 문자입니다(코드 페이지 65001).
C:\Users\bbty0\source\repos\QTViewer\QTViewer\src\BVH.h(1,1): warning C4828: 파일에 0x9aa 오프셋에서 시작하는 문자가 포함되어 있습니다. 이 문자는 현재 원본 문자 집합에서 잘못된 문자입니다(코드 페이지 65001).
C:\Users\bbty0\source\repos\QTViewer\QTViewer\src\BVH.h(1,1): warning C4828: 파일에 0x9ac 오프셋에서 시작하는 문자가 포함되어 있습니다. 이 문자는 현재 원본 문자 집합에서 잘못된 문자입니다(코드 페이지 65001).
C:\Users\bbty0\source\repos\QTViewer\QTViewer\src\BVH.h(1,1): warning C4828: 파일에 0x9ad 오프셋에서 시작하는 문자가 포함되어 있습니다. 이 문자는 현재 원본 문자 집합에서 잘못된 문자입니다(코드 페이지 65001).
C:\Users\bbty0\source\repos\QTViewer\QTViewer\src\BVH.h(1,1): warning C4828: 파일에 0xa0c 오프셋에서 시작하는 문자가 포함되어 있습니다. 이 문자는 현재 원본 문자 집합에서 잘못된 문자입니다(코드 페이지 65001).
C:\Users\bbty0\source\repos\QTViewer\QTViewer\src\BVH.h(1,1): warning C4828: 파일에 0xa0d 오프셋에서 시작하는 문자가 포함되어 있습니다. 이 문자는 현재 원본 문자 집합에서 잘못된 문자입니다(코드 페이지 65001).
C:\Users\bbty0\source\repos\QTViewer\QTViewer\src\BVH.h(1,1): warning C4828: 파일에 0xa0e 오프셋에서 시작하는 문자가 포함되어 있습니다. 이 문자는 현재 원본 문자 집합에서 잘못된 문자입니다(코드 페이지 65001).
C:\Users\bbty0\source\repos\QTViewer\QTViewer\src\BVH.h(1,1): warning C4828: 파일에 0xa0f 오프셋에서 시작하는 문자가 포함되어 있습니다. 이 문자는 현재 원본 문자 집합에서 잘못된 문자입니다(코드 페이지 65001).
C:\Users\bbty0\source\repos\QTViewer\QTViewer\src\BVH.h(1,1): warning C4828: 파일에 0xa10 오프셋에서 시작하는 문자가 포함되어 있습니다. 이 문자는 현재 원본 문자 집합에서 잘못된 문자입니다(코드 페이지 65001).
C:\Users\bbty0\source\repos\QTViewer\QTViewer\src\BVH.h(1,1): warning C4828: 파일에 0xa11 오프셋에서 시작하는 문자가 포함되어 있습니다. 이 문자는 현재 원본 문자 집합에서 잘못된 문자입니다(코드 페이지 65001).
C:\Users\bbty0\source\repos\QTViewer\QTViewer\src\boundingsphere.h(1,1): warning C4828: 파일에 0xdf 오프셋에서 시작하는 문자가 포함되어 있습니다. 이 문자는 현재 원본 문자 집합에서 잘못된 문자입니다(코드 페이지 65001).
C:\Users\bbty0\source\repos\QTViewer\QTViewer\src\boundingsphere.h(1,1): warning C4828: 파일에 0xe1 오프셋에서 시작하는 문자가 포함되어 있습니다. 이 문자는 현재 원본 문자 집합에서 잘못된 문자입니다(코드 페이지 65001).
C:\Users\bbty0\source\repos\QTViewer\QTViewer\src\boundingsphere.h(1,1): warning C4828: 파일에 0xe2 오프셋에서 시작하는 문자가 포함되어 있습니다. 이 문자는 현재 원본 문자 집합에서 잘못된 문자입니다(코드 페이지 65001).
C:\Users\bbty0\source\repos\QTViewer\QTViewer\src\boundingsphere.h(1,1): warning C4828: 파일에 0xe5 오프셋에서 시작하는 문자가 포함되어 있습니다. 이 문자는 현재 원본 문자 집합에서 잘못된 문자입니다(코드 페이지 65001).
C:\Users\bbty0\source\repos\QTViewer\QTViewer\src\boundingsphere.h(1,1): warning C4828: 파일에 0xe7 오프셋에서 시작하는 문자가 포함되어 있습니다. 이 문자는 현재 원본 문자 집합에서 잘못된 문자입니다(코드 페이지 65001).
C:\Users\bbty0\source\repos\QTViewer\QTViewer\src\boundingsphere.h(1,1): warning C4828: 파일에 0xeb 오프셋에서 시작하는 문자가 포함되어 있습니다. 이 문자는 현재 원본 문자 집합에서 잘못된 문자입니다(코드 페이지 65001).
C:\Users\bbty0\source\repos\QTViewer\QTViewer\src\boundingsphere.h(1,1): warning C4828: 파일에 0xec 오프셋에서 시작하는 문자가 포함되어 있습니다. 이 문자는 현재 원본 문자 집합에서 잘못된 문자입니다(코드 페이지 65001).
C:\Users\bbty0\source\repos\QTViewer\QTViewer\src\boundingsphere.h(51): warning C4172: 지역 변수 또는 임시: radius의 주소를 반환하고 있습니다.
C:\Users\bbty0\source\repos\QTViewer\QTViewer\src\boundingsphere.h(90): warning C4172: 지역 변수 또는 임시: center의 주소를 반환하고 있습니다.
  QTViewer.vcxproj -> C:\Users\bbty0\source\repos\QTViewer\QTViewer\bin\debug\QTViewer.exe
