  DrawComponent.cpp
C:\Users\bbty0\source\repos\QTViewer\QTViewer\src\DrawComponent.cpp(1,1): warning C4828: 파일에 0x164 오프셋에서 시작하는 문자가 포함되어 있습니다. 이 문자는 현재 원본 문자 집합에서 잘못된 문자입니다(코드 페이지 65001).
C:\Users\bbty0\source\repos\QTViewer\QTViewer\src\DrawComponent.cpp(1,1): warning C4828: 파일에 0x167 오프셋에서 시작하는 문자가 포함되어 있습니다. 이 문자는 현재 원본 문자 집합에서 잘못된 문자입니다(코드 페이지 65001).
C:\Users\bbty0\source\repos\QTViewer\QTViewer\src\DrawComponent.cpp(1,1): warning C4828: 파일에 0x16a 오프셋에서 시작하는 문자가 포함되어 있습니다. 이 문자는 현재 원본 문자 집합에서 잘못된 문자입니다(코드 페이지 65001).
C:\Users\bbty0\source\repos\QTViewer\QTViewer\src\DrawComponent.cpp(1,1): warning C4828: 파일에 0x16b 오프셋에서 시작하는 문자가 포함되어 있습니다. 이 문자는 현재 원본 문자 집합에서 잘못된 문자입니다(코드 페이지 65001).
C:\Users\bbty0\source\repos\QTViewer\QTViewer\src\DrawComponent.cpp(1,1): warning C4828: 파일에 0x16d 오프셋에서 시작하는 문자가 포함되어 있습니다. 이 문자는 현재 원본 문자 집합에서 잘못된 문자입니다(코드 페이지 65001).
C:\Users\bbty0\source\repos\QTViewer\QTViewer\src\DrawComponent.cpp(1,1): warning C4828: 파일에 0x16f 오프셋에서 시작하는 문자가 포함되어 있습니다. 이 문자는 현재 원본 문자 집합에서 잘못된 문자입니다(코드 페이지 65001).
C:\Users\bbty0\source\repos\QTViewer\QTViewer\src\DrawComponent.cpp(1,1): warning C4828: 파일에 0x170 오프셋에서 시작하는 문자가 포함되어 있습니다. 이 문자는 현재 원본 문자 집합에서 잘못된 문자입니다(코드 페이지 65001).
C:\Users\bbty0\source\repos\QTViewer\QTViewer\src\DrawComponent.cpp(1,1): warning C4828: 파일에 0x172 오프셋에서 시작하는 문자가 포함되어 있습니다. 이 문자는 현재 원본 문자 집합에서 잘못된 문자입니다(코드 페이지 65001).
C:\Users\bbty0\source\repos\QTViewer\QTViewer\src\DrawComponent.cpp(1,1): warning C4828: 파일에 0x173 오프셋에서 시작하는 문자가 포함되어 있습니다. 이 문자는 현재 원본 문자 집합에서 잘못된 문자입니다(코드 페이지 65001).
C:\Users\bbty0\source\repos\QTViewer\QTViewer\src\DrawComponent.cpp(1,1): warning C4828: 파일에 0x175 오프셋에서 시작하는 문자가 포함되어 있습니다. 이 문자는 현재 원본 문자 집합에서 잘못된 문자입니다(코드 페이지 65001).
C:\Users\bbty0\source\repos\QTViewer\QTViewer\src\DrawComponent.cpp(1,1): warning C4828: 파일에 0x176 오프셋에서 시작하는 문자가 포함되어 있습니다. 이 문자는 현재 원본 문자 집합에서 잘못된 문자입니다(코드 페이지 65001).
C:\Users\bbty0\source\repos\QTViewer\QTViewer\src\DrawComponent.cpp(1,1): warning C4828: 파일에 0x17a 오프셋에서 시작하는 문자가 포함되어 있습니다. 이 문자는 현재 원본 문자 집합에서 잘못된 문자입니다(코드 페이지 65001).
C:\Users\bbty0\source\repos\QTViewer\QTViewer\src\DrawComponent.cpp(1,1): warning C4828: 파일에 0x17b 오프셋에서 시작하는 문자가 포함되어 있습니다. 이 문자는 현재 원본 문자 집합에서 잘못된 문자입니다(코드 페이지 65001).
C:\Users\bbty0\source\repos\QTViewer\QTViewer\src\DrawComponent.cpp(1,1): warning C4828: 파일에 0x17c 오프셋에서 시작하는 문자가 포함되어 있습니다. 이 문자는 현재 원본 문자 집합에서 잘못된 문자입니다(코드 페이지 65001).
C:\Users\bbty0\source\repos\QTViewer\QTViewer\src\DrawComponent.cpp(1,1): warning C4828: 파일에 0x17d 오프셋에서 시작하는 문자가 포함되어 있습니다. 이 문자는 현재 원본 문자 집합에서 잘못된 문자입니다(코드 페이지 65001).
C:\Users\bbty0\source\repos\QTViewer\QTViewer\src\DrawComponent.cpp(1,1): warning C4828: 파일에 0x17e 오프셋에서 시작하는 문자가 포함되어 있습니다. 이 문자는 현재 원본 문자 집합에서 잘못된 문자입니다(코드 페이지 65001).
C:\Users\bbty0\source\repos\QTViewer\QTViewer\src\DrawComponent.cpp(1,1): warning C4828: 파일에 0x17f 오프셋에서 시작하는 문자가 포함되어 있습니다. 이 문자는 현재 원본 문자 집합에서 잘못된 문자입니다(코드 페이지 65001).
C:\Users\bbty0\source\repos\QTViewer\QTViewer\src\DrawComponent.cpp(1,1): warning C4828: 파일에 0x181 오프셋에서 시작하는 문자가 포함되어 있습니다. 이 문자는 현재 원본 문자 집합에서 잘못된 문자입니다(코드 페이지 65001).
C:\Users\bbty0\source\repos\QTViewer\QTViewer\src\DrawComponent.cpp(1,1): warning C4828: 파일에 0x182 오프셋에서 시작하는 문자가 포함되어 있습니다. 이 문자는 현재 원본 문자 집합에서 잘못된 문자입니다(코드 페이지 65001).
C:\Users\bbty0\source\repos\QTViewer\QTViewer\src\DrawComponent.cpp(1,1): warning C4828: 파일에 0x187 오프셋에서 시작하는 문자가 포함되어 있습니다. 이 문자는 현재 원본 문자 집합에서 잘못된 문자입니다(코드 페이지 65001).
C:\Users\bbty0\source\repos\QTViewer\QTViewer\src\DrawComponent.cpp(1,1): warning C4828: 파일에 0x188 오프셋에서 시작하는 문자가 포함되어 있습니다. 이 문자는 현재 원본 문자 집합에서 잘못된 문자입니다(코드 페이지 65001).
C:\Users\bbty0\source\repos\QTViewer\QTViewer\src\DrawComponent.cpp(1,1): warning C4828: 파일에 0x18a 오프셋에서 시작하는 문자가 포함되어 있습니다. 이 문자는 현재 원본 문자 집합에서 잘못된 문자입니다(코드 페이지 65001).
C:\Users\bbty0\source\repos\QTViewer\QTViewer\src\DrawComponent.cpp(1,1): warning C4828: 파일에 0x18e 오프셋에서 시작하는 문자가 포함되어 있습니다. 이 문자는 현재 원본 문자 집합에서 잘못된 문자입니다(코드 페이지 65001).
C:\Users\bbty0\source\repos\QTViewer\QTViewer\src\DrawComponent.cpp(1,1): warning C4828: 파일에 0x18f 오프셋에서 시작하는 문자가 포함되어 있습니다. 이 문자는 현재 원본 문자 집합에서 잘못된 문자입니다(코드 페이지 65001).
C:\Users\bbty0\source\repos\QTViewer\QTViewer\src\DrawComponent.cpp(1,1): warning C4828: 파일에 0x190 오프셋에서 시작하는 문자가 포함되어 있습니다. 이 문자는 현재 원본 문자 집합에서 잘못된 문자입니다(코드 페이지 65001).
C:\Users\bbty0\source\repos\QTViewer\QTViewer\src\DrawComponent.cpp(1,1): warning C4828: 파일에 0x191 오프셋에서 시작하는 문자가 포함되어 있습니다. 이 문자는 현재 원본 문자 집합에서 잘못된 문자입니다(코드 페이지 65001).
C:\Users\bbty0\source\repos\QTViewer\QTViewer\src\DrawComponent.cpp(1,1): warning C4828: 파일에 0x1ba 오프셋에서 시작하는 문자가 포함되어 있습니다. 이 문자는 현재 원본 문자 집합에서 잘못된 문자입니다(코드 페이지 65001).
C:\Users\bbty0\source\repos\QTViewer\QTViewer\src\DrawComponent.cpp(1,1): warning C4828: 파일에 0x1bb 오프셋에서 시작하는 문자가 포함되어 있습니다. 이 문자는 현재 원본 문자 집합에서 잘못된 문자입니다(코드 페이지 65001).
C:\Users\bbty0\source\repos\QTViewer\QTViewer\src\DrawComponent.cpp(1,1): warning C4828: 파일에 0x1bc 오프셋에서 시작하는 문자가 포함되어 있습니다. 이 문자는 현재 원본 문자 집합에서 잘못된 문자입니다(코드 페이지 65001).
C:\Users\bbty0\source\repos\QTViewer\QTViewer\src\DrawComponent.cpp(1,1): warning C4828: 파일에 0x1bd 오프셋에서 시작하는 문자가 포함되어 있습니다. 이 문자는 현재 원본 문자 집합에서 잘못된 문자입니다(코드 페이지 65001).
C:\Users\bbty0\source\repos\QTViewer\QTViewer\src\DrawComponent.cpp(1,1): warning C4828: 파일에 0x1c1 오프셋에서 시작하는 문자가 포함되어 있습니다. 이 문자는 현재 원본 문자 집합에서 잘못된 문자입니다(코드 페이지 65001).
C:\Users\bbty0\source\repos\QTViewer\QTViewer\src\DrawComponent.cpp(1,1): warning C4828: 파일에 0x1c2 오프셋에서 시작하는 문자가 포함되어 있습니다. 이 문자는 현재 원본 문자 집합에서 잘못된 문자입니다(코드 페이지 65001).
C:\Users\bbty0\source\repos\QTViewer\QTViewer\src\DrawComponent.cpp(1,1): warning C4828: 파일에 0x1c4 오프셋에서 시작하는 문자가 포함되어 있습니다. 이 문자는 현재 원본 문자 집합에서 잘못된 문자입니다(코드 페이지 65001).
C:\Users\bbty0\source\repos\QTViewer\QTViewer\src\DrawComponent.cpp(1,1): warning C4828: 파일에 0x1c7 오프셋에서 시작하는 문자가 포함되어 있습니다. 이 문자는 현재 원본 문자 집합에서 잘못된 문자입니다(코드 페이지 65001).
C:\Users\bbty0\source\repos\QTViewer\QTViewer\src\DrawComponent.cpp(1,1): warning C4828: 파일에 0x1c8 오프셋에서 시작하는 문자가 포함되어 있습니다. 이 문자는 현재 원본 문자 집합에서 잘못된 문자입니다(코드 페이지 65001).
C:\Users\bbty0\source\repos\QTViewer\QTViewer\src\DrawComponent.cpp(1,1): warning C4828: 파일에 0x1c9 오프셋에서 시작하는 문자가 포함되어 있습니다. 이 문자는 현재 원본 문자 집합에서 잘못된 문자입니다(코드 페이지 65001).
C:\Users\bbty0\source\repos\QTViewer\QTViewer\src\DrawComponent.cpp(1,1): warning C4828: 파일에 0x1cd 오프셋에서 시작하는 문자가 포함되어 있습니다. 이 문자는 현재 원본 문자 집합에서 잘못된 문자입니다(코드 페이지 65001).
C:\Users\bbty0\source\repos\QTViewer\QTViewer\src\DrawComponent.cpp(1,1): warning C4828: 파일에 0x1ce 오프셋에서 시작하는 문자가 포함되어 있습니다. 이 문자는 현재 원본 문자 집합에서 잘못된 문자입니다(코드 페이지 65001).
C:\Users\bbty0\source\repos\QTViewer\QTViewer\src\DrawComponent.cpp(1,1): warning C4828: 파일에 0x1cf 오프셋에서 시작하는 문자가 포함되어 있습니다. 이 문자는 현재 원본 문자 집합에서 잘못된 문자입니다(코드 페이지 65001).
C:\Users\bbty0\source\repos\QTViewer\QTViewer\src\DrawComponent.cpp(1,1): warning C4828: 파일에 0x1d0 오프셋에서 시작하는 문자가 포함되어 있습니다. 이 문자는 현재 원본 문자 집합에서 잘못된 문자입니다(코드 페이지 65001).
C:\Users\bbty0\source\repos\QTViewer\QTViewer\src\DrawComponent.cpp(1,1): warning C4828: 파일에 0x1d2 오프셋에서 시작하는 문자가 포함되어 있습니다. 이 문자는 현재 원본 문자 집합에서 잘못된 문자입니다(코드 페이지 65001).
C:\Users\bbty0\source\repos\QTViewer\QTViewer\src\DrawComponent.cpp(1,1): warning C4828: 파일에 0x1d3 오프셋에서 시작하는 문자가 포함되어 있습니다. 이 문자는 현재 원본 문자 집합에서 잘못된 문자입니다(코드 페이지 65001).
C:\Users\bbty0\source\repos\QTViewer\QTViewer\src\DrawComponent.cpp(1,1): warning C4828: 파일에 0x1d4 오프셋에서 시작하는 문자가 포함되어 있습니다. 이 문자는 현재 원본 문자 집합에서 잘못된 문자입니다(코드 페이지 65001).
C:\Users\bbty0\source\repos\QTViewer\QTViewer\src\DrawComponent.cpp(1,1): warning C4828: 파일에 0x1d5 오프셋에서 시작하는 문자가 포함되어 있습니다. 이 문자는 현재 원본 문자 집합에서 잘못된 문자입니다(코드 페이지 65001).
C:\Users\bbty0\source\repos\QTViewer\QTViewer\src\DrawComponent.cpp(1,1): warning C4828: 파일에 0x1d8 오프셋에서 시작하는 문자가 포함되어 있습니다. 이 문자는 현재 원본 문자 집합에서 잘못된 문자입니다(코드 페이지 65001).
C:\Users\bbty0\source\repos\QTViewer\QTViewer\src\DrawComponent.cpp(1,1): warning C4828: 파일에 0x1d9 오프셋에서 시작하는 문자가 포함되어 있습니다. 이 문자는 현재 원본 문자 집합에서 잘못된 문자입니다(코드 페이지 65001).
C:\Users\bbty0\source\repos\QTViewer\QTViewer\src\DrawComponent.cpp(1,1): warning C4828: 파일에 0x1db 오프셋에서 시작하는 문자가 포함되어 있습니다. 이 문자는 현재 원본 문자 집합에서 잘못된 문자입니다(코드 페이지 65001).
C:\Users\bbty0\source\repos\QTViewer\QTViewer\src\DrawComponent.cpp(1,1): warning C4828: 파일에 0x1df 오프셋에서 시작하는 문자가 포함되어 있습니다. 이 문자는 현재 원본 문자 집합에서 잘못된 문자입니다(코드 페이지 65001).
C:\Users\bbty0\source\repos\QTViewer\QTViewer\src\DrawComponent.cpp(1,1): warning C4828: 파일에 0x1e0 오프셋에서 시작하는 문자가 포함되어 있습니다. 이 문자는 현재 원본 문자 집합에서 잘못된 문자입니다(코드 페이지 65001).
C:\Users\bbty0\source\repos\QTViewer\QTViewer\src\DrawComponent.cpp(1,1): warning C4828: 파일에 0x1e1 오프셋에서 시작하는 문자가 포함되어 있습니다. 이 문자는 현재 원본 문자 집합에서 잘못된 문자입니다(코드 페이지 65001).
C:\Users\bbty0\source\repos\QTViewer\QTViewer\src\DrawComponent.cpp(1,1): warning C4828: 파일에 0x1e2 오프셋에서 시작하는 문자가 포함되어 있습니다. 이 문자는 현재 원본 문자 집합에서 잘못된 문자입니다(코드 페이지 65001).
C:\Users\bbty0\source\repos\QTViewer\QTViewer\src\DrawComponent.cpp(1,1): warning C4828: 파일에 0x20c 오프셋에서 시작하는 문자가 포함되어 있습니다. 이 문자는 현재 원본 문자 집합에서 잘못된 문자입니다(코드 페이지 65001).
C:\Users\bbty0\source\repos\QTViewer\QTViewer\src\DrawComponent.cpp(1,1): warning C4828: 파일에 0x20d 오프셋에서 시작하는 문자가 포함되어 있습니다. 이 문자는 현재 원본 문자 집합에서 잘못된 문자입니다(코드 페이지 65001).
C:\Users\bbty0\source\repos\QTViewer\QTViewer\src\DrawComponent.cpp(1,1): warning C4828: 파일에 0x20e 오프셋에서 시작하는 문자가 포함되어 있습니다. 이 문자는 현재 원본 문자 집합에서 잘못된 문자입니다(코드 페이지 65001).
C:\Users\bbty0\source\repos\QTViewer\QTViewer\src\DrawComponent.cpp(1,1): warning C4828: 파일에 0x20f 오프셋에서 시작하는 문자가 포함되어 있습니다. 이 문자는 현재 원본 문자 집합에서 잘못된 문자입니다(코드 페이지 65001).
C:\Users\bbty0\source\repos\QTViewer\QTViewer\src\DrawComponent.cpp(1,1): warning C4828: 파일에 0x213 오프셋에서 시작하는 문자가 포함되어 있습니다. 이 문자는 현재 원본 문자 집합에서 잘못된 문자입니다(코드 페이지 65001).
C:\Users\bbty0\source\repos\QTViewer\QTViewer\src\DrawComponent.cpp(1,1): warning C4828: 파일에 0x214 오프셋에서 시작하는 문자가 포함되어 있습니다. 이 문자는 현재 원본 문자 집합에서 잘못된 문자입니다(코드 페이지 65001).
C:\Users\bbty0\source\repos\QTViewer\QTViewer\src\DrawComponent.cpp(1,1): warning C4828: 파일에 0x216 오프셋에서 시작하는 문자가 포함되어 있습니다. 이 문자는 현재 원본 문자 집합에서 잘못된 문자입니다(코드 페이지 65001).
C:\Users\bbty0\source\repos\QTViewer\QTViewer\src\DrawComponent.cpp(1,1): warning C4828: 파일에 0x219 오프셋에서 시작하는 문자가 포함되어 있습니다. 이 문자는 현재 원본 문자 집합에서 잘못된 문자입니다(코드 페이지 65001).
C:\Users\bbty0\source\repos\QTViewer\QTViewer\src\DrawComponent.cpp(1,1): warning C4828: 파일에 0x21a 오프셋에서 시작하는 문자가 포함되어 있습니다. 이 문자는 현재 원본 문자 집합에서 잘못된 문자입니다(코드 페이지 65001).
C:\Users\bbty0\source\repos\QTViewer\QTViewer\src\DrawComponent.cpp(1,1): warning C4828: 파일에 0x21b 오프셋에서 시작하는 문자가 포함되어 있습니다. 이 문자는 현재 원본 문자 집합에서 잘못된 문자입니다(코드 페이지 65001).
C:\Users\bbty0\source\repos\QTViewer\QTViewer\src\DrawComponent.cpp(1,1): warning C4828: 파일에 0x21f 오프셋에서 시작하는 문자가 포함되어 있습니다. 이 문자는 현재 원본 문자 집합에서 잘못된 문자입니다(코드 페이지 65001).
C:\Users\bbty0\source\repos\QTViewer\QTViewer\src\DrawComponent.cpp(1,1): warning C4828: 파일에 0x220 오프셋에서 시작하는 문자가 포함되어 있습니다. 이 문자는 현재 원본 문자 집합에서 잘못된 문자입니다(코드 페이지 65001).
C:\Users\bbty0\source\repos\QTViewer\QTViewer\src\DrawComponent.cpp(1,1): warning C4828: 파일에 0x221 오프셋에서 시작하는 문자가 포함되어 있습니다. 이 문자는 현재 원본 문자 집합에서 잘못된 문자입니다(코드 페이지 65001).
C:\Users\bbty0\source\repos\QTViewer\QTViewer\src\DrawComponent.cpp(1,1): warning C4828: 파일에 0x222 오프셋에서 시작하는 문자가 포함되어 있습니다. 이 문자는 현재 원본 문자 집합에서 잘못된 문자입니다(코드 페이지 65001).
C:\Users\bbty0\source\repos\QTViewer\QTViewer\src\DrawComponent.cpp(1,1): warning C4828: 파일에 0x226 오프셋에서 시작하는 문자가 포함되어 있습니다. 이 문자는 현재 원본 문자 집합에서 잘못된 문자입니다(코드 페이지 65001).
C:\Users\bbty0\source\repos\QTViewer\QTViewer\src\DrawComponent.cpp(1,1): warning C4828: 파일에 0x227 오프셋에서 시작하는 문자가 포함되어 있습니다. 이 문자는 현재 원본 문자 집합에서 잘못된 문자입니다(코드 페이지 65001).
C:\Users\bbty0\source\repos\QTViewer\QTViewer\src\DrawComponent.cpp(1,1): warning C4828: 파일에 0x22a 오프셋에서 시작하는 문자가 포함되어 있습니다. 이 문자는 현재 원본 문자 집합에서 잘못된 문자입니다(코드 페이지 65001).
C:\Users\bbty0\source\repos\QTViewer\QTViewer\src\DrawComponent.cpp(1,1): warning C4828: 파일에 0x22b 오프셋에서 시작하는 문자가 포함되어 있습니다. 이 문자는 현재 원본 문자 집합에서 잘못된 문자입니다(코드 페이지 65001).
C:\Users\bbty0\source\repos\QTViewer\QTViewer\src\DrawComponent.cpp(1,1): warning C4828: 파일에 0x22d 오프셋에서 시작하는 문자가 포함되어 있습니다. 이 문자는 현재 원본 문자 집합에서 잘못된 문자입니다(코드 페이지 65001).
C:\Users\bbty0\source\repos\QTViewer\QTViewer\src\DrawComponent.cpp(1,1): warning C4828: 파일에 0x231 오프셋에서 시작하는 문자가 포함되어 있습니다. 이 문자는 현재 원본 문자 집합에서 잘못된 문자입니다(코드 페이지 65001).
C:\Users\bbty0\source\repos\QTViewer\QTViewer\src\DrawComponent.cpp(1,1): warning C4828: 파일에 0x232 오프셋에서 시작하는 문자가 포함되어 있습니다. 이 문자는 현재 원본 문자 집합에서 잘못된 문자입니다(코드 페이지 65001).
C:\Users\bbty0\source\repos\QTViewer\QTViewer\src\DrawComponent.cpp(1,1): warning C4828: 파일에 0x233 오프셋에서 시작하는 문자가 포함되어 있습니다. 이 문자는 현재 원본 문자 집합에서 잘못된 문자입니다(코드 페이지 65001).
C:\Users\bbty0\source\repos\QTViewer\QTViewer\src\DrawComponent.cpp(1,1): warning C4828: 파일에 0x234 오프셋에서 시작하는 문자가 포함되어 있습니다. 이 문자는 현재 원본 문자 집합에서 잘못된 문자입니다(코드 페이지 65001).
C:\Users\bbty0\source\repos\QTViewer\QTViewer\src\DrawComponent.cpp(1,1): warning C4828: 파일에 0x2c5 오프셋에서 시작하는 문자가 포함되어 있습니다. 이 문자는 현재 원본 문자 집합에서 잘못된 문자입니다(코드 페이지 65001).
C:\Users\bbty0\source\repos\QTViewer\QTViewer\src\DrawComponent.cpp(1,1): warning C4828: 파일에 0x2c6 오프셋에서 시작하는 문자가 포함되어 있습니다. 이 문자는 현재 원본 문자 집합에서 잘못된 문자입니다(코드 페이지 65001).
C:\Users\bbty0\source\repos\QTViewer\QTViewer\src\DrawComponent.cpp(1,1): warning C4828: 파일에 0x2c7 오프셋에서 시작하는 문자가 포함되어 있습니다. 이 문자는 현재 원본 문자 집합에서 잘못된 문자입니다(코드 페이지 65001).
C:\Users\bbty0\source\repos\QTViewer\QTViewer\src\DrawComponent.cpp(1,1): warning C4828: 파일에 0x2c8 오프셋에서 시작하는 문자가 포함되어 있습니다. 이 문자는 현재 원본 문자 집합에서 잘못된 문자입니다(코드 페이지 65001).
C:\Users\bbty0\source\repos\QTViewer\QTViewer\src\DrawComponent.cpp(1,1): warning C4828: 파일에 0x2ca 오프셋에서 시작하는 문자가 포함되어 있습니다. 이 문자는 현재 원본 문자 집합에서 잘못된 문자입니다(코드 페이지 65001).
C:\Users\bbty0\source\repos\QTViewer\QTViewer\src\DrawComponent.cpp(1,1): warning C4828: 파일에 0x2cb 오프셋에서 시작하는 문자가 포함되어 있습니다. 이 문자는 현재 원본 문자 집합에서 잘못된 문자입니다(코드 페이지 65001).
C:\Users\bbty0\source\repos\QTViewer\QTViewer\src\DrawComponent.cpp(1,1): warning C4828: 파일에 0x2cf 오프셋에서 시작하는 문자가 포함되어 있습니다. 이 문자는 현재 원본 문자 집합에서 잘못된 문자입니다(코드 페이지 65001).
C:\Users\bbty0\source\repos\QTViewer\QTViewer\src\DrawComponent.cpp(1,1): warning C4828: 파일에 0x2d0 오프셋에서 시작하는 문자가 포함되어 있습니다. 이 문자는 현재 원본 문자 집합에서 잘못된 문자입니다(코드 페이지 65001).
C:\Users\bbty0\source\repos\QTViewer\QTViewer\src\DrawComponent.cpp(1,1): warning C4828: 파일에 0x2d4 오프셋에서 시작하는 문자가 포함되어 있습니다. 이 문자는 현재 원본 문자 집합에서 잘못된 문자입니다(코드 페이지 65001).
C:\Users\bbty0\source\repos\QTViewer\QTViewer\src\DrawComponent.cpp(1,1): warning C4828: 파일에 0x2d5 오프셋에서 시작하는 문자가 포함되어 있습니다. 이 문자는 현재 원본 문자 집합에서 잘못된 문자입니다(코드 페이지 65001).
C:\Users\bbty0\source\repos\QTViewer\QTViewer\src\DrawComponent.cpp(1,1): warning C4828: 파일에 0x2d6 오프셋에서 시작하는 문자가 포함되어 있습니다. 이 문자는 현재 원본 문자 집합에서 잘못된 문자입니다(코드 페이지 65001).
C:\Users\bbty0\source\repos\QTViewer\QTViewer\src\DrawComponent.cpp(1,1): warning C4828: 파일에 0x2d7 오프셋에서 시작하는 문자가 포함되어 있습니다. 이 문자는 현재 원본 문자 집합에서 잘못된 문자입니다(코드 페이지 65001).
C:\Users\bbty0\source\repos\QTViewer\QTViewer\src\DrawComponent.cpp(1,1): warning C4828: 파일에 0x2db 오프셋에서 시작하는 문자가 포함되어 있습니다. 이 문자는 현재 원본 문자 집합에서 잘못된 문자입니다(코드 페이지 65001).
C:\Users\bbty0\source\repos\QTViewer\QTViewer\src\DrawComponent.cpp(1,1): warning C4828: 파일에 0x2dc 오프셋에서 시작하는 문자가 포함되어 있습니다. 이 문자는 현재 원본 문자 집합에서 잘못된 문자입니다(코드 페이지 65001).
C:\Users\bbty0\source\repos\QTViewer\QTViewer\src\DrawComponent.cpp(1,1): warning C4828: 파일에 0x2e1 오프셋에서 시작하는 문자가 포함되어 있습니다. 이 문자는 현재 원본 문자 집합에서 잘못된 문자입니다(코드 페이지 65001).
C:\Users\bbty0\source\repos\QTViewer\QTViewer\src\DrawComponent.cpp(1,1): warning C4828: 파일에 0x685 오프셋에서 시작하는 문자가 포함되어 있습니다. 이 문자는 현재 원본 문자 집합에서 잘못된 문자입니다(코드 페이지 65001).
C:\Users\bbty0\source\repos\QTViewer\QTViewer\src\DrawComponent.cpp(1,1): warning C4828: 파일에 0x686 오프셋에서 시작하는 문자가 포함되어 있습니다. 이 문자는 현재 원본 문자 집합에서 잘못된 문자입니다(코드 페이지 65001).
C:\Users\bbty0\source\repos\QTViewer\QTViewer\src\DrawComponent.cpp(1,1): warning C4828: 파일에 0x687 오프셋에서 시작하는 문자가 포함되어 있습니다. 이 문자는 현재 원본 문자 집합에서 잘못된 문자입니다(코드 페이지 65001).
C:\Users\bbty0\source\repos\QTViewer\QTViewer\src\DrawComponent.cpp(1,1): warning C4828: 파일에 0x688 오프셋에서 시작하는 문자가 포함되어 있습니다. 이 문자는 현재 원본 문자 집합에서 잘못된 문자입니다(코드 페이지 65001).
C:\Users\bbty0\source\repos\QTViewer\QTViewer\src\DrawComponent.cpp(1,1): warning C4828: 파일에 0x68a 오프셋에서 시작하는 문자가 포함되어 있습니다. 이 문자는 현재 원본 문자 집합에서 잘못된 문자입니다(코드 페이지 65001).
C:\Users\bbty0\source\repos\QTViewer\QTViewer\src\DrawComponent.cpp(1,1): warning C4828: 파일에 0x68b 오프셋에서 시작하는 문자가 포함되어 있습니다. 이 문자는 현재 원본 문자 집합에서 잘못된 문자입니다(코드 페이지 65001).
C:\Users\bbty0\source\repos\QTViewer\QTViewer\src\DrawComponent.cpp(1,1): warning C4828: 파일에 0x68f 오프셋에서 시작하는 문자가 포함되어 있습니다. 이 문자는 현재 원본 문자 집합에서 잘못된 문자입니다(코드 페이지 65001).
C:\Users\bbty0\source\repos\QTViewer\QTViewer\src\DrawComponent.cpp(1,1): warning C4828: 파일에 0x690 오프셋에서 시작하는 문자가 포함되어 있습니다. 이 문자는 현재 원본 문자 집합에서 잘못된 문자입니다(코드 페이지 65001).
C:\Users\bbty0\source\repos\QTViewer\QTViewer\src\DrawComponent.cpp(1,1): warning C4828: 파일에 0x694 오프셋에서 시작하는 문자가 포함되어 있습니다. 이 문자는 현재 원본 문자 집합에서 잘못된 문자입니다(코드 페이지 65001).
C:\Users\bbty0\source\repos\QTViewer\QTViewer\src\DrawComponent.cpp(1,1): warning C4828: 파일에 0x695 오프셋에서 시작하는 문자가 포함되어 있습니다. 이 문자는 현재 원본 문자 집합에서 잘못된 문자입니다(코드 페이지 65001).
C:\Users\bbty0\source\repos\QTViewer\QTViewer\src\DrawComponent.cpp(1,1): warning C4828: 파일에 0x699 오프셋에서 시작하는 문자가 포함되어 있습니다. 이 문자는 현재 원본 문자 집합에서 잘못된 문자입니다(코드 페이지 65001).
C:\Users\bbty0\source\repos\QTViewer\QTViewer\src\DrawComponent.cpp(1,1): warning C4828: 파일에 0x69b 오프셋에서 시작하는 문자가 포함되어 있습니다. 이 문자는 현재 원본 문자 집합에서 잘못된 문자입니다(코드 페이지 65001).
C:\Users\bbty0\source\repos\QTViewer\QTViewer\src\DrawComponent.cpp(1,1): warning C4828: 파일에 0x69c 오프셋에서 시작하는 문자가 포함되어 있습니다. 이 문자는 현재 원본 문자 집합에서 잘못된 문자입니다(코드 페이지 65001).
C:\Users\bbty0\source\repos\QTViewer\QTViewer\src\DrawComponent.cpp(1,1): warning C4828: 파일에 0x6d6 오프셋에서 시작하는 문자가 포함되어 있습니다. 이 문자는 현재 원본 문자 집합에서 잘못된 문자입니다(코드 페이지 65001).
C:\Users\bbty0\source\repos\QTViewer\QTViewer\src\DrawComponent.cpp(1,1): warning C4828: 파일에 0x6d7 오프셋에서 시작하는 문자가 포함되어 있습니다. 이 문자는 현재 원본 문자 집합에서 잘못된 문자입니다(코드 페이지 65001).
C:\Users\bbty0\source\repos\QTViewer\QTViewer\src\DrawComponent.cpp(1,1): warning C4828: 파일에 0x6d9 오프셋에서 시작하는 문자가 포함되어 있습니다. 이 문자는 현재 원본 문자 집합에서 잘못된 문자입니다(코드 페이지 65001).
C:\Users\bbty0\source\repos\QTViewer\QTViewer\src\DrawComponent.cpp(1,1): warning C4828: 파일에 0x6da 오프셋에서 시작하는 문자가 포함되어 있습니다. 이 문자는 현재 원본 문자 집합에서 잘못된 문자입니다(코드 페이지 65001).
C:\Users\bbty0\source\repos\QTViewer\QTViewer\src\DrawComponent.cpp(1,1): warning C4828: 파일에 0x6de 오프셋에서 시작하는 문자가 포함되어 있습니다. 이 문자는 현재 원본 문자 집합에서 잘못된 문자입니다(코드 페이지 65001).
C:\Users\bbty0\source\repos\QTViewer\QTViewer\src\DrawComponent.cpp(1,1): warning C4828: 파일에 0x6df 오프셋에서 시작하는 문자가 포함되어 있습니다. 이 문자는 현재 원본 문자 집합에서 잘못된 문자입니다(코드 페이지 65001).
C:\Users\bbty0\source\repos\QTViewer\QTViewer\src\DrawComponent.cpp(1,1): warning C4828: 파일에 0x6e2 오프셋에서 시작하는 문자가 포함되어 있습니다. 이 문자는 현재 원본 문자 집합에서 잘못된 문자입니다(코드 페이지 65001).
C:\Users\bbty0\source\repos\QTViewer\QTViewer\src\DrawComponent.cpp(1,1): warning C4828: 파일에 0x6e3 오프셋에서 시작하는 문자가 포함되어 있습니다. 이 문자는 현재 원본 문자 집합에서 잘못된 문자입니다(코드 페이지 65001).
C:\Users\bbty0\source\repos\QTViewer\QTViewer\src\DrawComponent.cpp(1,1): warning C4828: 파일에 0x6e4 오프셋에서 시작하는 문자가 포함되어 있습니다. 이 문자는 현재 원본 문자 집합에서 잘못된 문자입니다(코드 페이지 65001).
C:\Users\bbty0\source\repos\QTViewer\QTViewer\src\DrawComponent.cpp(1,1): warning C4828: 파일에 0x6e5 오프셋에서 시작하는 문자가 포함되어 있습니다. 이 문자는 현재 원본 문자 집합에서 잘못된 문자입니다(코드 페이지 65001).
C:\Users\bbty0\source\repos\QTViewer\QTViewer\src\DrawComponent.cpp(1,1): warning C4828: 파일에 0x6e9 오프셋에서 시작하는 문자가 포함되어 있습니다. 이 문자는 현재 원본 문자 집합에서 잘못된 문자입니다(코드 페이지 65001).
C:\Users\bbty0\source\repos\QTViewer\QTViewer\src\DrawComponent.cpp(1,1): warning C4828: 파일에 0x6ea 오프셋에서 시작하는 문자가 포함되어 있습니다. 이 문자는 현재 원본 문자 집합에서 잘못된 문자입니다(코드 페이지 65001).
C:\Users\bbty0\source\repos\QTViewer\QTViewer\src\DrawComponent.cpp(1,1): warning C4828: 파일에 0x6eb 오프셋에서 시작하는 문자가 포함되어 있습니다. 이 문자는 현재 원본 문자 집합에서 잘못된 문자입니다(코드 페이지 65001).
C:\Users\bbty0\source\repos\QTViewer\QTViewer\src\DrawComponent.cpp(1,1): warning C4828: 파일에 0x6ec 오프셋에서 시작하는 문자가 포함되어 있습니다. 이 문자는 현재 원본 문자 집합에서 잘못된 문자입니다(코드 페이지 65001).
C:\Users\bbty0\source\repos\QTViewer\QTViewer\src\DrawComponent.cpp(1,1): warning C4828: 파일에 0x6ee 오프셋에서 시작하는 문자가 포함되어 있습니다. 이 문자는 현재 원본 문자 집합에서 잘못된 문자입니다(코드 페이지 65001).
C:\Users\bbty0\source\repos\QTViewer\QTViewer\src\DrawComponent.cpp(1,1): warning C4828: 파일에 0x6ef 오프셋에서 시작하는 문자가 포함되어 있습니다. 이 문자는 현재 원본 문자 집합에서 잘못된 문자입니다(코드 페이지 65001).
C:\Users\bbty0\source\repos\QTViewer\QTViewer\src\DrawComponent.cpp(1,1): warning C4828: 파일에 0x6f3 오프셋에서 시작하는 문자가 포함되어 있습니다. 이 문자는 현재 원본 문자 집합에서 잘못된 문자입니다(코드 페이지 65001).
C:\Users\bbty0\source\repos\QTViewer\QTViewer\src\DrawComponent.cpp(1,1): warning C4828: 파일에 0x6f5 오프셋에서 시작하는 문자가 포함되어 있습니다. 이 문자는 현재 원본 문자 집합에서 잘못된 문자입니다(코드 페이지 65001).
C:\Users\bbty0\source\repos\QTViewer\QTViewer\src\DrawComponent.cpp(1,1): warning C4828: 파일에 0x6f6 오프셋에서 시작하는 문자가 포함되어 있습니다. 이 문자는 현재 원본 문자 집합에서 잘못된 문자입니다(코드 페이지 65001).
C:\Users\bbty0\source\repos\QTViewer\QTViewer\src\DrawComponent.cpp(1,1): warning C4828: 파일에 0x6f9 오프셋에서 시작하는 문자가 포함되어 있습니다. 이 문자는 현재 원본 문자 집합에서 잘못된 문자입니다(코드 페이지 65001).
C:\Users\bbty0\source\repos\QTViewer\QTViewer\src\DrawComponent.cpp(1,1): warning C4828: 파일에 0x6fb 오프셋에서 시작하는 문자가 포함되어 있습니다. 이 문자는 현재 원본 문자 집합에서 잘못된 문자입니다(코드 페이지 65001).
C:\Users\bbty0\source\repos\QTViewer\QTViewer\src\DrawComponent.cpp(1,1): warning C4828: 파일에 0x6fc 오프셋에서 시작하는 문자가 포함되어 있습니다. 이 문자는 현재 원본 문자 집합에서 잘못된 문자입니다(코드 페이지 65001).
C:\Users\bbty0\source\repos\QTViewer\QTViewer\src\DrawComponent.cpp(1,1): warning C4828: 파일에 0x6ff 오프셋에서 시작하는 문자가 포함되어 있습니다. 이 문자는 현재 원본 문자 집합에서 잘못된 문자입니다(코드 페이지 65001).
C:\Users\bbty0\source\repos\QTViewer\QTViewer\src\DrawComponent.cpp(1,1): warning C4828: 파일에 0x700 오프셋에서 시작하는 문자가 포함되어 있습니다. 이 문자는 현재 원본 문자 집합에서 잘못된 문자입니다(코드 페이지 65001).
C:\Users\bbty0\source\repos\QTViewer\QTViewer\src\DrawComponent.cpp(1,1): warning C4828: 파일에 0x701 오프셋에서 시작하는 문자가 포함되어 있습니다. 이 문자는 현재 원본 문자 집합에서 잘못된 문자입니다(코드 페이지 65001).
C:\Users\bbty0\source\repos\QTViewer\QTViewer\src\DrawComponent.cpp(1,1): warning C4828: 파일에 0x704 오프셋에서 시작하는 문자가 포함되어 있습니다. 이 문자는 현재 원본 문자 집합에서 잘못된 문자입니다(코드 페이지 65001).
C:\Users\bbty0\source\repos\QTViewer\QTViewer\src\DrawComponent.cpp(1,1): warning C4828: 파일에 0x706 오프셋에서 시작하는 문자가 포함되어 있습니다. 이 문자는 현재 원본 문자 집합에서 잘못된 문자입니다(코드 페이지 65001).
C:\Users\bbty0\source\repos\QTViewer\QTViewer\src\DrawComponent.cpp(1,1): warning C4828: 파일에 0x707 오프셋에서 시작하는 문자가 포함되어 있습니다. 이 문자는 현재 원본 문자 집합에서 잘못된 문자입니다(코드 페이지 65001).
C:\Users\bbty0\source\repos\QTViewer\QTViewer\src\DrawComponent.cpp(1,1): warning C4828: 파일에 0x708 오프셋에서 시작하는 문자가 포함되어 있습니다. 이 문자는 현재 원본 문자 집합에서 잘못된 문자입니다(코드 페이지 65001).
C:\Users\bbty0\source\repos\QTViewer\QTViewer\src\DrawComponent.cpp(1,1): warning C4828: 파일에 0x709 오프셋에서 시작하는 문자가 포함되어 있습니다. 이 문자는 현재 원본 문자 집합에서 잘못된 문자입니다(코드 페이지 65001).
C:\Users\bbty0\source\repos\QTViewer\QTViewer\src\DrawComponent.cpp(1,1): warning C4828: 파일에 0x70b 오프셋에서 시작하는 문자가 포함되어 있습니다. 이 문자는 현재 원본 문자 집합에서 잘못된 문자입니다(코드 페이지 65001).
C:\Users\bbty0\source\repos\QTViewer\QTViewer\src\DrawComponent.cpp(1,1): warning C4828: 파일에 0x70c 오프셋에서 시작하는 문자가 포함되어 있습니다. 이 문자는 현재 원본 문자 집합에서 잘못된 문자입니다(코드 페이지 65001).
C:\Users\bbty0\source\repos\QTViewer\QTViewer\src\DrawComponent.cpp(1,1): warning C4828: 파일에 0x70d 오프셋에서 시작하는 문자가 포함되어 있습니다. 이 문자는 현재 원본 문자 집합에서 잘못된 문자입니다(코드 페이지 65001).
C:\Users\bbty0\source\repos\QTViewer\QTViewer\src\DrawComponent.cpp(1,1): warning C4828: 파일에 0x9dc 오프셋에서 시작하는 문자가 포함되어 있습니다. 이 문자는 현재 원본 문자 집합에서 잘못된 문자입니다(코드 페이지 65001).
C:\Users\bbty0\source\repos\QTViewer\QTViewer\src\DrawComponent.cpp(1,1): warning C4828: 파일에 0x9dd 오프셋에서 시작하는 문자가 포함되어 있습니다. 이 문자는 현재 원본 문자 집합에서 잘못된 문자입니다(코드 페이지 65001).
C:\Users\bbty0\source\repos\QTViewer\QTViewer\src\DrawComponent.cpp(1,1): warning C4828: 파일에 0x9de 오프셋에서 시작하는 문자가 포함되어 있습니다. 이 문자는 현재 원본 문자 집합에서 잘못된 문자입니다(코드 페이지 65001).
C:\Users\bbty0\source\repos\QTViewer\QTViewer\src\DrawComponent.cpp(1,1): warning C4828: 파일에 0x9df 오프셋에서 시작하는 문자가 포함되어 있습니다. 이 문자는 현재 원본 문자 집합에서 잘못된 문자입니다(코드 페이지 65001).
C:\Users\bbty0\source\repos\QTViewer\QTViewer\src\DrawComponent.cpp(1,1): warning C4828: 파일에 0x9e1 오프셋에서 시작하는 문자가 포함되어 있습니다. 이 문자는 현재 원본 문자 집합에서 잘못된 문자입니다(코드 페이지 65001).
C:\Users\bbty0\source\repos\QTViewer\QTViewer\src\DrawComponent.cpp(1,1): warning C4828: 파일에 0x9e2 오프셋에서 시작하는 문자가 포함되어 있습니다. 이 문자는 현재 원본 문자 집합에서 잘못된 문자입니다(코드 페이지 65001).
C:\Users\bbty0\source\repos\QTViewer\QTViewer\src\DrawComponent.cpp(1,1): warning C4828: 파일에 0x9e6 오프셋에서 시작하는 문자가 포함되어 있습니다. 이 문자는 현재 원본 문자 집합에서 잘못된 문자입니다(코드 페이지 65001).
C:\Users\bbty0\source\repos\QTViewer\QTViewer\src\DrawComponent.cpp(1,1): warning C4828: 파일에 0x9e7 오프셋에서 시작하는 문자가 포함되어 있습니다. 이 문자는 현재 원본 문자 집합에서 잘못된 문자입니다(코드 페이지 65001).
C:\Users\bbty0\source\repos\QTViewer\QTViewer\src\DrawComponent.cpp(1,1): warning C4828: 파일에 0x9eb 오프셋에서 시작하는 문자가 포함되어 있습니다. 이 문자는 현재 원본 문자 집합에서 잘못된 문자입니다(코드 페이지 65001).
C:\Users\bbty0\source\repos\QTViewer\QTViewer\src\DrawComponent.cpp(1,1): warning C4828: 파일에 0x9ec 오프셋에서 시작하는 문자가 포함되어 있습니다. 이 문자는 현재 원본 문자 집합에서 잘못된 문자입니다(코드 페이지 65001).
C:\Users\bbty0\source\repos\QTViewer\QTViewer\src\DrawComponent.cpp(1,1): warning C4828: 파일에 0x9f0 오프셋에서 시작하는 문자가 포함되어 있습니다. 이 문자는 현재 원본 문자 집합에서 잘못된 문자입니다(코드 페이지 65001).
C:\Users\bbty0\source\repos\QTViewer\QTViewer\src\DrawComponent.cpp(1,1): warning C4828: 파일에 0x9f2 오프셋에서 시작하는 문자가 포함되어 있습니다. 이 문자는 현재 원본 문자 집합에서 잘못된 문자입니다(코드 페이지 65001).
C:\Users\bbty0\source\repos\QTViewer\QTViewer\src\DrawComponent.cpp(1,1): warning C4828: 파일에 0x9f3 오프셋에서 시작하는 문자가 포함되어 있습니다. 이 문자는 현재 원본 문자 집합에서 잘못된 문자입니다(코드 페이지 65001).
C:\Users\bbty0\source\repos\QTViewer\QTViewer\src\DrawComponent.cpp(1,1): warning C4828: 파일에 0xa37 오프셋에서 시작하는 문자가 포함되어 있습니다. 이 문자는 현재 원본 문자 집합에서 잘못된 문자입니다(코드 페이지 65001).
C:\Users\bbty0\source\repos\QTViewer\QTViewer\src\DrawComponent.cpp(1,1): warning C4828: 파일에 0xa38 오프셋에서 시작하는 문자가 포함되어 있습니다. 이 문자는 현재 원본 문자 집합에서 잘못된 문자입니다(코드 페이지 65001).
C:\Users\bbty0\source\repos\QTViewer\QTViewer\src\DrawComponent.cpp(1,1): warning C4828: 파일에 0xa3a 오프셋에서 시작하는 문자가 포함되어 있습니다. 이 문자는 현재 원본 문자 집합에서 잘못된 문자입니다(코드 페이지 65001).
C:\Users\bbty0\source\repos\QTViewer\QTViewer\src\DrawComponent.cpp(1,1): warning C4828: 파일에 0xa3b 오프셋에서 시작하는 문자가 포함되어 있습니다. 이 문자는 현재 원본 문자 집합에서 잘못된 문자입니다(코드 페이지 65001).
C:\Users\bbty0\source\repos\QTViewer\QTViewer\src\DrawComponent.cpp(1,1): warning C4828: 파일에 0xa3f 오프셋에서 시작하는 문자가 포함되어 있습니다. 이 문자는 현재 원본 문자 집합에서 잘못된 문자입니다(코드 페이지 65001).
C:\Users\bbty0\source\repos\QTViewer\QTViewer\src\DrawComponent.cpp(1,1): warning C4828: 파일에 0xa40 오프셋에서 시작하는 문자가 포함되어 있습니다. 이 문자는 현재 원본 문자 집합에서 잘못된 문자입니다(코드 페이지 65001).
C:\Users\bbty0\source\repos\QTViewer\QTViewer\src\DrawComponent.cpp(1,1): warning C4828: 파일에 0xa43 오프셋에서 시작하는 문자가 포함되어 있습니다. 이 문자는 현재 원본 문자 집합에서 잘못된 문자입니다(코드 페이지 65001).
C:\Users\bbty0\source\repos\QTViewer\QTViewer\src\DrawComponent.cpp(1,1): warning C4828: 파일에 0xa44 오프셋에서 시작하는 문자가 포함되어 있습니다. 이 문자는 현재 원본 문자 집합에서 잘못된 문자입니다(코드 페이지 65001).
C:\Users\bbty0\source\repos\QTViewer\QTViewer\src\DrawComponent.cpp(1,1): warning C4828: 파일에 0xa45 오프셋에서 시작하는 문자가 포함되어 있습니다. 이 문자는 현재 원본 문자 집합에서 잘못된 문자입니다(코드 페이지 65001).
C:\Users\bbty0\source\repos\QTViewer\QTViewer\src\DrawComponent.cpp(1,1): warning C4828: 파일에 0xa46 오프셋에서 시작하는 문자가 포함되어 있습니다. 이 문자는 현재 원본 문자 집합에서 잘못된 문자입니다(코드 페이지 65001).
C:\Users\bbty0\source\repos\QTViewer\QTViewer\src\DrawComponent.cpp(1,1): warning C4828: 파일에 0xa4a 오프셋에서 시작하는 문자가 포함되어 있습니다. 이 문자는 현재 원본 문자 집합에서 잘못된 문자입니다(코드 페이지 65001).
C:\Users\bbty0\source\repos\QTViewer\QTViewer\src\DrawComponent.cpp(1,1): warning C4828: 파일에 0xa4b 오프셋에서 시작하는 문자가 포함되어 있습니다. 이 문자는 현재 원본 문자 집합에서 잘못된 문자입니다(코드 페이지 65001).
C:\Users\bbty0\source\repos\QTViewer\QTViewer\src\DrawComponent.cpp(1,1): warning C4828: 파일에 0xa4c 오프셋에서 시작하는 문자가 포함되어 있습니다. 이 문자는 현재 원본 문자 집합에서 잘못된 문자입니다(코드 페이지 65001).
C:\Users\bbty0\source\repos\QTViewer\QTViewer\src\DrawComponent.cpp(1,1): warning C4828: 파일에 0xa4d 오프셋에서 시작하는 문자가 포함되어 있습니다. 이 문자는 현재 원본 문자 집합에서 잘못된 문자입니다(코드 페이지 65001).
C:\Users\bbty0\source\repos\QTViewer\QTViewer\src\DrawComponent.cpp(1,1): warning C4828: 파일에 0xa4f 오프셋에서 시작하는 문자가 포함되어 있습니다. 이 문자는 현재 원본 문자 집합에서 잘못된 문자입니다(코드 페이지 65001).
C:\Users\bbty0\source\repos\QTViewer\QTViewer\src\DrawComponent.cpp(1,1): warning C4828: 파일에 0xa50 오프셋에서 시작하는 문자가 포함되어 있습니다. 이 문자는 현재 원본 문자 집합에서 잘못된 문자입니다(코드 페이지 65001).
C:\Users\bbty0\source\repos\QTViewer\QTViewer\src\DrawComponent.cpp(1,1): warning C4828: 파일에 0xa54 오프셋에서 시작하는 문자가 포함되어 있습니다. 이 문자는 현재 원본 문자 집합에서 잘못된 문자입니다(코드 페이지 65001).
C:\Users\bbty0\source\repos\QTViewer\QTViewer\src\DrawComponent.cpp(1,1): warning C4828: 파일에 0xa56 오프셋에서 시작하는 문자가 포함되어 있습니다. 이 문자는 현재 원본 문자 집합에서 잘못된 문자입니다(코드 페이지 65001).
C:\Users\bbty0\source\repos\QTViewer\QTViewer\src\DrawComponent.cpp(1,1): warning C4828: 파일에 0xa57 오프셋에서 시작하는 문자가 포함되어 있습니다. 이 문자는 현재 원본 문자 집합에서 잘못된 문자입니다(코드 페이지 65001).
C:\Users\bbty0\source\repos\QTViewer\QTViewer\src\DrawComponent.cpp(1,1): warning C4828: 파일에 0xa5a 오프셋에서 시작하는 문자가 포함되어 있습니다. 이 문자는 현재 원본 문자 집합에서 잘못된 문자입니다(코드 페이지 65001).
C:\Users\bbty0\source\repos\QTViewer\QTViewer\src\DrawComponent.cpp(1,1): warning C4828: 파일에 0xa5c 오프셋에서 시작하는 문자가 포함되어 있습니다. 이 문자는 현재 원본 문자 집합에서 잘못된 문자입니다(코드 페이지 65001).
C:\Users\bbty0\source\repos\QTViewer\QTViewer\src\DrawComponent.cpp(1,1): warning C4828: 파일에 0xa5d 오프셋에서 시작하는 문자가 포함되어 있습니다. 이 문자는 현재 원본 문자 집합에서 잘못된 문자입니다(코드 페이지 65001).
C:\Users\bbty0\source\repos\QTViewer\QTViewer\src\DrawComponent.cpp(1,1): warning C4828: 파일에 0xa60 오프셋에서 시작하는 문자가 포함되어 있습니다. 이 문자는 현재 원본 문자 집합에서 잘못된 문자입니다(코드 페이지 65001).
C:\Users\bbty0\source\repos\QTViewer\QTViewer\src\DrawComponent.cpp(1,1): warning C4828: 파일에 0xa61 오프셋에서 시작하는 문자가 포함되어 있습니다. 이 문자는 현재 원본 문자 집합에서 잘못된 문자입니다(코드 페이지 65001).
C:\Users\bbty0\source\repos\QTViewer\QTViewer\src\DrawComponent.cpp(1,1): warning C4828: 파일에 0xa62 오프셋에서 시작하는 문자가 포함되어 있습니다. 이 문자는 현재 원본 문자 집합에서 잘못된 문자입니다(코드 페이지 65001).
C:\Users\bbty0\source\repos\QTViewer\QTViewer\src\DrawComponent.cpp(1,1): warning C4828: 파일에 0xa65 오프셋에서 시작하는 문자가 포함되어 있습니다. 이 문자는 현재 원본 문자 집합에서 잘못된 문자입니다(코드 페이지 65001).
C:\Users\bbty0\source\repos\QTViewer\QTViewer\src\DrawComponent.cpp(1,1): warning C4828: 파일에 0xa67 오프셋에서 시작하는 문자가 포함되어 있습니다. 이 문자는 현재 원본 문자 집합에서 잘못된 문자입니다(코드 페이지 65001).
C:\Users\bbty0\source\repos\QTViewer\QTViewer\src\DrawComponent.cpp(1,1): warning C4828: 파일에 0xa68 오프셋에서 시작하는 문자가 포함되어 있습니다. 이 문자는 현재 원본 문자 집합에서 잘못된 문자입니다(코드 페이지 65001).
C:\Users\bbty0\source\repos\QTViewer\QTViewer\src\DrawComponent.cpp(1,1): warning C4828: 파일에 0xa69 오프셋에서 시작하는 문자가 포함되어 있습니다. 이 문자는 현재 원본 문자 집합에서 잘못된 문자입니다(코드 페이지 65001).
C:\Users\bbty0\source\repos\QTViewer\QTViewer\src\DrawComponent.cpp(1,1): warning C4828: 파일에 0xa6a 오프셋에서 시작하는 문자가 포함되어 있습니다. 이 문자는 현재 원본 문자 집합에서 잘못된 문자입니다(코드 페이지 65001).
C:\Users\bbty0\source\repos\QTViewer\QTViewer\src\DrawComponent.cpp(1,1): warning C4828: 파일에 0xa6c 오프셋에서 시작하는 문자가 포함되어 있습니다. 이 문자는 현재 원본 문자 집합에서 잘못된 문자입니다(코드 페이지 65001).
C:\Users\bbty0\source\repos\QTViewer\QTViewer\src\DrawComponent.cpp(1,1): warning C4828: 파일에 0xa6d 오프셋에서 시작하는 문자가 포함되어 있습니다. 이 문자는 현재 원본 문자 집합에서 잘못된 문자입니다(코드 페이지 65001).
C:\Users\bbty0\source\repos\QTViewer\QTViewer\src\DrawComponent.cpp(1,1): warning C4828: 파일에 0xa6e 오프셋에서 시작하는 문자가 포함되어 있습니다. 이 문자는 현재 원본 문자 집합에서 잘못된 문자입니다(코드 페이지 65001).
C:\Users\bbty0\source\repos\QTViewer\QTViewer\src\DrawComponent.cpp(1,1): warning C4828: 파일에 0xbad 오프셋에서 시작하는 문자가 포함되어 있습니다. 이 문자는 현재 원본 문자 집합에서 잘못된 문자입니다(코드 페이지 65001).
C:\Users\bbty0\source\repos\QTViewer\QTViewer\src\DrawComponent.cpp(1,1): warning C4828: 파일에 0xbb0 오프셋에서 시작하는 문자가 포함되어 있습니다. 이 문자는 현재 원본 문자 집합에서 잘못된 문자입니다(코드 페이지 65001).
C:\Users\bbty0\source\repos\QTViewer\QTViewer\src\DrawComponent.cpp(1,1): warning C4828: 파일에 0xbb1 오프셋에서 시작하는 문자가 포함되어 있습니다. 이 문자는 현재 원본 문자 집합에서 잘못된 문자입니다(코드 페이지 65001).
C:\Users\bbty0\source\repos\QTViewer\QTViewer\src\DrawComponent.cpp(1,1): warning C4828: 파일에 0xbb2 오프셋에서 시작하는 문자가 포함되어 있습니다. 이 문자는 현재 원본 문자 집합에서 잘못된 문자입니다(코드 페이지 65001).
C:\Users\bbty0\source\repos\QTViewer\QTViewer\src\DrawComponent.cpp(1,1): warning C4828: 파일에 0xcbb 오프셋에서 시작하는 문자가 포함되어 있습니다. 이 문자는 현재 원본 문자 집합에서 잘못된 문자입니다(코드 페이지 65001).
C:\Users\bbty0\source\repos\QTViewer\QTViewer\src\DrawComponent.cpp(1,1): warning C4828: 파일에 0xcbc 오프셋에서 시작하는 문자가 포함되어 있습니다. 이 문자는 현재 원본 문자 집합에서 잘못된 문자입니다(코드 페이지 65001).
C:\Users\bbty0\source\repos\QTViewer\QTViewer\src\DrawComponent.cpp(1,1): warning C4828: 파일에 0xcbd 오프셋에서 시작하는 문자가 포함되어 있습니다. 이 문자는 현재 원본 문자 집합에서 잘못된 문자입니다(코드 페이지 65001).
C:\Users\bbty0\source\repos\QTViewer\QTViewer\src\DrawComponent.cpp(1,1): warning C4828: 파일에 0xcbe 오프셋에서 시작하는 문자가 포함되어 있습니다. 이 문자는 현재 원본 문자 집합에서 잘못된 문자입니다(코드 페이지 65001).
C:\Users\bbty0\source\repos\QTViewer\QTViewer\src\DrawComponent.cpp(1,1): warning C4828: 파일에 0xdc9 오프셋에서 시작하는 문자가 포함되어 있습니다. 이 문자는 현재 원본 문자 집합에서 잘못된 문자입니다(코드 페이지 65001).
C:\Users\bbty0\source\repos\QTViewer\QTViewer\src\DrawComponent.cpp(1,1): warning C4828: 파일에 0xdca 오프셋에서 시작하는 문자가 포함되어 있습니다. 이 문자는 현재 원본 문자 집합에서 잘못된 문자입니다(코드 페이지 65001).
C:\Users\bbty0\source\repos\QTViewer\QTViewer\src\DrawComponent.cpp(1,1): warning C4828: 파일에 0xdcb 오프셋에서 시작하는 문자가 포함되어 있습니다. 이 문자는 현재 원본 문자 집합에서 잘못된 문자입니다(코드 페이지 65001).
C:\Users\bbty0\source\repos\QTViewer\QTViewer\src\DrawComponent.cpp(1,1): warning C4828: 파일에 0xdcc 오프셋에서 시작하는 문자가 포함되어 있습니다. 이 문자는 현재 원본 문자 집합에서 잘못된 문자입니다(코드 페이지 65001).
C:\Users\bbty0\source\repos\QTViewer\QTViewer\src\DrawComponent.cpp(1,1): warning C4828: 파일에 0x123e 오프셋에서 시작하는 문자가 포함되어 있습니다. 이 문자는 현재 원본 문자 집합에서 잘못된 문자입니다(코드 페이지 65001).
C:\Users\bbty0\source\repos\QTViewer\QTViewer\src\DrawComponent.cpp(1,1): warning C4828: 파일에 0x1241 오프셋에서 시작하는 문자가 포함되어 있습니다. 이 문자는 현재 원본 문자 집합에서 잘못된 문자입니다(코드 페이지 65001).
C:\Users\bbty0\source\repos\QTViewer\QTViewer\src\DrawComponent.cpp(1,1): warning C4828: 파일에 0x1242 오프셋에서 시작하는 문자가 포함되어 있습니다. 이 문자는 현재 원본 문자 집합에서 잘못된 문자입니다(코드 페이지 65001).
C:\Users\bbty0\source\repos\QTViewer\QTViewer\src\DrawComponent.cpp(1,1): warning C4828: 파일에 0x1243 오프셋에서 시작하는 문자가 포함되어 있습니다. 이 문자는 현재 원본 문자 집합에서 잘못된 문자입니다(코드 페이지 65001).
C:\Users\bbty0\source\repos\QTViewer\QTViewer\src\DrawComponent.cpp(1,1): warning C4828: 파일에 0x134a 오프셋에서 시작하는 문자가 포함되어 있습니다. 이 문자는 현재 원본 문자 집합에서 잘못된 문자입니다(코드 페이지 65001).
C:\Users\bbty0\source\repos\QTViewer\QTViewer\src\DrawComponent.cpp(1,1): warning C4828: 파일에 0x134b 오프셋에서 시작하는 문자가 포함되어 있습니다. 이 문자는 현재 원본 문자 집합에서 잘못된 문자입니다(코드 페이지 65001).
C:\Users\bbty0\source\repos\QTViewer\QTViewer\src\DrawComponent.cpp(1,1): warning C4828: 파일에 0x134c 오프셋에서 시작하는 문자가 포함되어 있습니다. 이 문자는 현재 원본 문자 집합에서 잘못된 문자입니다(코드 페이지 65001).
C:\Users\bbty0\source\repos\QTViewer\QTViewer\src\DrawComponent.cpp(1,1): warning C4828: 파일에 0x134d 오프셋에서 시작하는 문자가 포함되어 있습니다. 이 문자는 현재 원본 문자 집합에서 잘못된 문자입니다(코드 페이지 65001).
C:\Users\bbty0\source\repos\QTViewer\QTViewer\src\DrawComponent.cpp(1,1): warning C4828: 파일에 0x1456 오프셋에서 시작하는 문자가 포함되어 있습니다. 이 문자는 현재 원본 문자 집합에서 잘못된 문자입니다(코드 페이지 65001).
C:\Users\bbty0\source\repos\QTViewer\QTViewer\src\DrawComponent.cpp(1,1): warning C4828: 파일에 0x1457 오프셋에서 시작하는 문자가 포함되어 있습니다. 이 문자는 현재 원본 문자 집합에서 잘못된 문자입니다(코드 페이지 65001).
C:\Users\bbty0\source\repos\QTViewer\QTViewer\src\DrawComponent.cpp(1,1): warning C4828: 파일에 0x1458 오프셋에서 시작하는 문자가 포함되어 있습니다. 이 문자는 현재 원본 문자 집합에서 잘못된 문자입니다(코드 페이지 65001).
C:\Users\bbty0\source\repos\QTViewer\QTViewer\src\DrawComponent.cpp(1,1): warning C4828: 파일에 0x1459 오프셋에서 시작하는 문자가 포함되어 있습니다. 이 문자는 현재 원본 문자 집합에서 잘못된 문자입니다(코드 페이지 65001).
C:\Users\bbty0\source\repos\QTViewer\QTViewer\src\DrawComponent.cpp(1,1): warning C4828: 파일에 0x1969 오프셋에서 시작하는 문자가 포함되어 있습니다. 이 문자는 현재 원본 문자 집합에서 잘못된 문자입니다(코드 페이지 65001).
C:\Users\bbty0\source\repos\QTViewer\QTViewer\src\DrawComponent.cpp(1,1): warning C4828: 파일에 0x196a 오프셋에서 시작하는 문자가 포함되어 있습니다. 이 문자는 현재 원본 문자 집합에서 잘못된 문자입니다(코드 페이지 65001).
C:\Users\bbty0\source\repos\QTViewer\QTViewer\src\DrawComponent.cpp(1,1): warning C4828: 파일에 0x196c 오프셋에서 시작하는 문자가 포함되어 있습니다. 이 문자는 현재 원본 문자 집합에서 잘못된 문자입니다(코드 페이지 65001).
C:\Users\bbty0\source\repos\QTViewer\QTViewer\src\DrawComponent.cpp(1,1): warning C4828: 파일에 0x196d 오프셋에서 시작하는 문자가 포함되어 있습니다. 이 문자는 현재 원본 문자 집합에서 잘못된 문자입니다(코드 페이지 65001).
C:\Users\bbty0\source\repos\QTViewer\QTViewer\src\DrawComponent.cpp(1,1): warning C4828: 파일에 0x196e 오프셋에서 시작하는 문자가 포함되어 있습니다. 이 문자는 현재 원본 문자 집합에서 잘못된 문자입니다(코드 페이지 65001).
C:\Users\bbty0\source\repos\QTViewer\QTViewer\src\DrawComponent.cpp(1,1): warning C4828: 파일에 0x1970 오프셋에서 시작하는 문자가 포함되어 있습니다. 이 문자는 현재 원본 문자 집합에서 잘못된 문자입니다(코드 페이지 65001).
C:\Users\bbty0\source\repos\QTViewer\QTViewer\src\DrawComponent.cpp(1,1): warning C4828: 파일에 0x1971 오프셋에서 시작하는 문자가 포함되어 있습니다. 이 문자는 현재 원본 문자 집합에서 잘못된 문자입니다(코드 페이지 65001).
C:\Users\bbty0\source\repos\QTViewer\QTViewer\src\DrawComponent.cpp(1,1): warning C4828: 파일에 0x1972 오프셋에서 시작하는 문자가 포함되어 있습니다. 이 문자는 현재 원본 문자 집합에서 잘못된 문자입니다(코드 페이지 65001).
C:\Users\bbty0\source\repos\QTViewer\QTViewer\src\DrawComponent.cpp(1,1): warning C4828: 파일에 0x1973 오프셋에서 시작하는 문자가 포함되어 있습니다. 이 문자는 현재 원본 문자 집합에서 잘못된 문자입니다(코드 페이지 65001).
C:\Users\bbty0\source\repos\QTViewer\QTViewer\src\DrawComponent.cpp(1,1): warning C4828: 파일에 0x1975 오프셋에서 시작하는 문자가 포함되어 있습니다. 이 문자는 현재 원본 문자 집합에서 잘못된 문자입니다(코드 페이지 65001).
C:\Users\bbty0\source\repos\QTViewer\QTViewer\src\DrawComponent.cpp(1,1): warning C4828: 파일에 0x1976 오프셋에서 시작하는 문자가 포함되어 있습니다. 이 문자는 현재 원본 문자 집합에서 잘못된 문자입니다(코드 페이지 65001).
C:\Users\bbty0\source\repos\QTViewer\QTViewer\src\DrawComponent.cpp(1,1): warning C4828: 파일에 0x1977 오프셋에서 시작하는 문자가 포함되어 있습니다. 이 문자는 현재 원본 문자 집합에서 잘못된 문자입니다(코드 페이지 65001).
C:\Users\bbty0\source\repos\QTViewer\QTViewer\src\DrawComponent.cpp(1,1): warning C4828: 파일에 0x1978 오프셋에서 시작하는 문자가 포함되어 있습니다. 이 문자는 현재 원본 문자 집합에서 잘못된 문자입니다(코드 페이지 65001).
C:\Users\bbty0\source\repos\QTViewer\QTViewer\src\DrawComponent.cpp(1,1): warning C4828: 파일에 0x19af 오프셋에서 시작하는 문자가 포함되어 있습니다. 이 문자는 현재 원본 문자 집합에서 잘못된 문자입니다(코드 페이지 65001).
C:\Users\bbty0\source\repos\QTViewer\QTViewer\src\DrawComponent.cpp(1,1): warning C4828: 파일에 0x19b0 오프셋에서 시작하는 문자가 포함되어 있습니다. 이 문자는 현재 원본 문자 집합에서 잘못된 문자입니다(코드 페이지 65001).
C:\Users\bbty0\source\repos\QTViewer\QTViewer\src\DrawComponent.cpp(1,1): warning C4828: 파일에 0x19b2 오프셋에서 시작하는 문자가 포함되어 있습니다. 이 문자는 현재 원본 문자 집합에서 잘못된 문자입니다(코드 페이지 65001).
C:\Users\bbty0\source\repos\QTViewer\QTViewer\src\DrawComponent.cpp(1,1): warning C4828: 파일에 0x19b3 오프셋에서 시작하는 문자가 포함되어 있습니다. 이 문자는 현재 원본 문자 집합에서 잘못된 문자입니다(코드 페이지 65001).
C:\Users\bbty0\source\repos\QTViewer\QTViewer\src\DrawComponent.cpp(1,1): warning C4828: 파일에 0x19b4 오프셋에서 시작하는 문자가 포함되어 있습니다. 이 문자는 현재 원본 문자 집합에서 잘못된 문자입니다(코드 페이지 65001).
C:\Users\bbty0\source\repos\QTViewer\QTViewer\src\DrawComponent.cpp(1,1): warning C4828: 파일에 0x19b6 오프셋에서 시작하는 문자가 포함되어 있습니다. 이 문자는 현재 원본 문자 집합에서 잘못된 문자입니다(코드 페이지 65001).
C:\Users\bbty0\source\repos\QTViewer\QTViewer\src\DrawComponent.cpp(1,1): warning C4828: 파일에 0x19b7 오프셋에서 시작하는 문자가 포함되어 있습니다. 이 문자는 현재 원본 문자 집합에서 잘못된 문자입니다(코드 페이지 65001).
C:\Users\bbty0\source\repos\QTViewer\QTViewer\src\DrawComponent.cpp(1,1): warning C4828: 파일에 0x19b8 오프셋에서 시작하는 문자가 포함되어 있습니다. 이 문자는 현재 원본 문자 집합에서 잘못된 문자입니다(코드 페이지 65001).
C:\Users\bbty0\source\repos\QTViewer\QTViewer\src\DrawComponent.cpp(1,1): warning C4828: 파일에 0x19b9 오프셋에서 시작하는 문자가 포함되어 있습니다. 이 문자는 현재 원본 문자 집합에서 잘못된 문자입니다(코드 페이지 65001).
C:\Users\bbty0\source\repos\QTViewer\QTViewer\src\DrawComponent.cpp(1,1): warning C4828: 파일에 0x19bb 오프셋에서 시작하는 문자가 포함되어 있습니다. 이 문자는 현재 원본 문자 집합에서 잘못된 문자입니다(코드 페이지 65001).
C:\Users\bbty0\source\repos\QTViewer\QTViewer\src\DrawComponent.cpp(1,1): warning C4828: 파일에 0x19bc 오프셋에서 시작하는 문자가 포함되어 있습니다. 이 문자는 현재 원본 문자 집합에서 잘못된 문자입니다(코드 페이지 65001).
C:\Users\bbty0\source\repos\QTViewer\QTViewer\src\DrawComponent.cpp(1,1): warning C4828: 파일에 0x19bd 오프셋에서 시작하는 문자가 포함되어 있습니다. 이 문자는 현재 원본 문자 집합에서 잘못된 문자입니다(코드 페이지 65001).
C:\Users\bbty0\source\repos\QTViewer\QTViewer\src\DrawComponent.cpp(1,1): warning C4828: 파일에 0x19be 오프셋에서 시작하는 문자가 포함되어 있습니다. 이 문자는 현재 원본 문자 집합에서 잘못된 문자입니다(코드 페이지 65001).
C:\Users\bbty0\source\repos\QTViewer\QTViewer\src\DrawComponent.cpp(1,1): warning C4828: 파일에 0x19c2 오프셋에서 시작하는 문자가 포함되어 있습니다. 이 문자는 현재 원본 문자 집합에서 잘못된 문자입니다(코드 페이지 65001).
C:\Users\bbty0\source\repos\QTViewer\QTViewer\src\DrawComponent.cpp(1,1): warning C4828: 파일에 0x19c4 오프셋에서 시작하는 문자가 포함되어 있습니다. 이 문자는 현재 원본 문자 집합에서 잘못된 문자입니다(코드 페이지 65001).
C:\Users\bbty0\source\repos\QTViewer\QTViewer\src\DrawComponent.cpp(1,1): warning C4828: 파일에 0x19c5 오프셋에서 시작하는 문자가 포함되어 있습니다. 이 문자는 현재 원본 문자 집합에서 잘못된 문자입니다(코드 페이지 65001).
C:\Users\bbty0\source\repos\QTViewer\QTViewer\src\DrawComponent.cpp(1,1): warning C4828: 파일에 0x19c9 오프셋에서 시작하는 문자가 포함되어 있습니다. 이 문자는 현재 원본 문자 집합에서 잘못된 문자입니다(코드 페이지 65001).
C:\Users\bbty0\source\repos\QTViewer\QTViewer\src\DrawComponent.cpp(1,1): warning C4828: 파일에 0x19ca 오프셋에서 시작하는 문자가 포함되어 있습니다. 이 문자는 현재 원본 문자 집합에서 잘못된 문자입니다(코드 페이지 65001).
C:\Users\bbty0\source\repos\QTViewer\QTViewer\src\DrawComponent.cpp(1,1): warning C4828: 파일에 0x19cb 오프셋에서 시작하는 문자가 포함되어 있습니다. 이 문자는 현재 원본 문자 집합에서 잘못된 문자입니다(코드 페이지 65001).
C:\Users\bbty0\source\repos\QTViewer\QTViewer\src\DrawComponent.cpp(1,1): warning C4828: 파일에 0x19cc 오프셋에서 시작하는 문자가 포함되어 있습니다. 이 문자는 현재 원본 문자 집합에서 잘못된 문자입니다(코드 페이지 65001).
C:\Users\bbty0\source\repos\QTViewer\QTViewer\src\DrawComponent.cpp(1,1): warning C4828: 파일에 0x19d0 오프셋에서 시작하는 문자가 포함되어 있습니다. 이 문자는 현재 원본 문자 집합에서 잘못된 문자입니다(코드 페이지 65001).
C:\Users\bbty0\source\repos\QTViewer\QTViewer\src\DrawComponent.cpp(1,1): warning C4828: 파일에 0x19d2 오프셋에서 시작하는 문자가 포함되어 있습니다. 이 문자는 현재 원본 문자 집합에서 잘못된 문자입니다(코드 페이지 65001).
C:\Users\bbty0\source\repos\QTViewer\QTViewer\src\DrawComponent.cpp(1,1): warning C4828: 파일에 0x19d3 오프셋에서 시작하는 문자가 포함되어 있습니다. 이 문자는 현재 원본 문자 집합에서 잘못된 문자입니다(코드 페이지 65001).
C:\Users\bbty0\source\repos\QTViewer\QTViewer\src\DrawComponent.cpp(1,1): warning C4828: 파일에 0x19d4 오프셋에서 시작하는 문자가 포함되어 있습니다. 이 문자는 현재 원본 문자 집합에서 잘못된 문자입니다(코드 페이지 65001).
C:\Users\bbty0\source\repos\QTViewer\QTViewer\src\DrawComponent.cpp(1,1): warning C4828: 파일에 0x19d5 오프셋에서 시작하는 문자가 포함되어 있습니다. 이 문자는 현재 원본 문자 집합에서 잘못된 문자입니다(코드 페이지 65001).
C:\Users\bbty0\source\repos\QTViewer\QTViewer\src\DrawComponent.cpp(1,1): warning C4828: 파일에 0x19d8 오프셋에서 시작하는 문자가 포함되어 있습니다. 이 문자는 현재 원본 문자 집합에서 잘못된 문자입니다(코드 페이지 65001).
C:\Users\bbty0\source\repos\QTViewer\QTViewer\src\DrawComponent.cpp(1,1): warning C4828: 파일에 0x19d9 오프셋에서 시작하는 문자가 포함되어 있습니다. 이 문자는 현재 원본 문자 집합에서 잘못된 문자입니다(코드 페이지 65001).
C:\Users\bbty0\source\repos\QTViewer\QTViewer\src\DrawComponent.cpp(1,1): warning C4828: 파일에 0x19da 오프셋에서 시작하는 문자가 포함되어 있습니다. 이 문자는 현재 원본 문자 집합에서 잘못된 문자입니다(코드 페이지 65001).
C:\Users\bbty0\source\repos\QTViewer\QTViewer\src\DrawComponent.cpp(1,1): warning C4828: 파일에 0x19db 오프셋에서 시작하는 문자가 포함되어 있습니다. 이 문자는 현재 원본 문자 집합에서 잘못된 문자입니다(코드 페이지 65001).
C:\Users\bbty0\source\repos\QTViewer\QTViewer\src\DrawComponent.cpp(1,1): warning C4828: 파일에 0x19dd 오프셋에서 시작하는 문자가 포함되어 있습니다. 이 문자는 현재 원본 문자 집합에서 잘못된 문자입니다(코드 페이지 65001).
C:\Users\bbty0\source\repos\QTViewer\QTViewer\src\DrawComponent.cpp(1,1): warning C4828: 파일에 0x19e0 오프셋에서 시작하는 문자가 포함되어 있습니다. 이 문자는 현재 원본 문자 집합에서 잘못된 문자입니다(코드 페이지 65001).
C:\Users\bbty0\source\repos\QTViewer\QTViewer\src\DrawComponent.cpp(1,1): warning C4828: 파일에 0x19e1 오프셋에서 시작하는 문자가 포함되어 있습니다. 이 문자는 현재 원본 문자 집합에서 잘못된 문자입니다(코드 페이지 65001).
C:\Users\bbty0\source\repos\QTViewer\QTViewer\src\DrawComponent.cpp(1,1): warning C4828: 파일에 0x19e2 오프셋에서 시작하는 문자가 포함되어 있습니다. 이 문자는 현재 원본 문자 집합에서 잘못된 문자입니다(코드 페이지 65001).
C:\Users\bbty0\source\repos\QTViewer\QTViewer\src\DrawComponent.cpp(1,1): warning C4828: 파일에 0x19e6 오프셋에서 시작하는 문자가 포함되어 있습니다. 이 문자는 현재 원본 문자 집합에서 잘못된 문자입니다(코드 페이지 65001).
C:\Users\bbty0\source\repos\QTViewer\QTViewer\src\DrawComponent.cpp(1,1): warning C4828: 파일에 0x19e7 오프셋에서 시작하는 문자가 포함되어 있습니다. 이 문자는 현재 원본 문자 집합에서 잘못된 문자입니다(코드 페이지 65001).
C:\Users\bbty0\source\repos\QTViewer\QTViewer\src\DrawComponent.cpp(1,1): warning C4828: 파일에 0x19e9 오프셋에서 시작하는 문자가 포함되어 있습니다. 이 문자는 현재 원본 문자 집합에서 잘못된 문자입니다(코드 페이지 65001).
C:\Users\bbty0\source\repos\QTViewer\QTViewer\src\DrawComponent.cpp(1,1): warning C4828: 파일에 0x1a25 오프셋에서 시작하는 문자가 포함되어 있습니다. 이 문자는 현재 원본 문자 집합에서 잘못된 문자입니다(코드 페이지 65001).
C:\Users\bbty0\source\repos\QTViewer\QTViewer\src\DrawComponent.cpp(1,1): warning C4828: 파일에 0x1a27 오프셋에서 시작하는 문자가 포함되어 있습니다. 이 문자는 현재 원본 문자 집합에서 잘못된 문자입니다(코드 페이지 65001).
C:\Users\bbty0\source\repos\QTViewer\QTViewer\src\DrawComponent.cpp(1,1): warning C4828: 파일에 0x1a28 오프셋에서 시작하는 문자가 포함되어 있습니다. 이 문자는 현재 원본 문자 집합에서 잘못된 문자입니다(코드 페이지 65001).
C:\Users\bbty0\source\repos\QTViewer\QTViewer\src\DrawComponent.cpp(1,1): warning C4828: 파일에 0x1a2a 오프셋에서 시작하는 문자가 포함되어 있습니다. 이 문자는 현재 원본 문자 집합에서 잘못된 문자입니다(코드 페이지 65001).
C:\Users\bbty0\source\repos\QTViewer\QTViewer\src\DrawComponent.cpp(1,1): warning C4828: 파일에 0x1a2c 오프셋에서 시작하는 문자가 포함되어 있습니다. 이 문자는 현재 원본 문자 집합에서 잘못된 문자입니다(코드 페이지 65001).
C:\Users\bbty0\source\repos\QTViewer\QTViewer\src\DrawComponent.cpp(1,1): warning C4828: 파일에 0x1a2d 오프셋에서 시작하는 문자가 포함되어 있습니다. 이 문자는 현재 원본 문자 집합에서 잘못된 문자입니다(코드 페이지 65001).
C:\Users\bbty0\source\repos\QTViewer\QTViewer\src\DrawComponent.cpp(1,1): warning C4828: 파일에 0x1a2e 오프셋에서 시작하는 문자가 포함되어 있습니다. 이 문자는 현재 원본 문자 집합에서 잘못된 문자입니다(코드 페이지 65001).
C:\Users\bbty0\source\repos\QTViewer\QTViewer\src\DrawComponent.cpp(1,1): warning C4828: 파일에 0x1a30 오프셋에서 시작하는 문자가 포함되어 있습니다. 이 문자는 현재 원본 문자 집합에서 잘못된 문자입니다(코드 페이지 65001).
C:\Users\bbty0\source\repos\QTViewer\QTViewer\src\DrawComponent.cpp(1,1): warning C4828: 파일에 0x1a31 오프셋에서 시작하는 문자가 포함되어 있습니다. 이 문자는 현재 원본 문자 집합에서 잘못된 문자입니다(코드 페이지 65001).
C:\Users\bbty0\source\repos\QTViewer\QTViewer\src\DrawComponent.cpp(1,1): warning C4828: 파일에 0x1a32 오프셋에서 시작하는 문자가 포함되어 있습니다. 이 문자는 현재 원본 문자 집합에서 잘못된 문자입니다(코드 페이지 65001).
C:\Users\bbty0\source\repos\QTViewer\QTViewer\src\DrawComponent.cpp(1,1): warning C4828: 파일에 0x1a33 오프셋에서 시작하는 문자가 포함되어 있습니다. 이 문자는 현재 원본 문자 집합에서 잘못된 문자입니다(코드 페이지 65001).
C:\Users\bbty0\source\repos\QTViewer\QTViewer\src\DrawComponent.cpp(1,1): warning C4828: 파일에 0x1a35 오프셋에서 시작하는 문자가 포함되어 있습니다. 이 문자는 현재 원본 문자 집합에서 잘못된 문자입니다(코드 페이지 65001).
C:\Users\bbty0\source\repos\QTViewer\QTViewer\src\DrawComponent.cpp(1,1): warning C4828: 파일에 0x1a36 오프셋에서 시작하는 문자가 포함되어 있습니다. 이 문자는 현재 원본 문자 집합에서 잘못된 문자입니다(코드 페이지 65001).
C:\Users\bbty0\source\repos\QTViewer\QTViewer\src\DrawComponent.cpp(1,1): warning C4828: 파일에 0x1a37 오프셋에서 시작하는 문자가 포함되어 있습니다. 이 문자는 현재 원본 문자 집합에서 잘못된 문자입니다(코드 페이지 65001).
C:\Users\bbty0\source\repos\QTViewer\QTViewer\src\DrawComponent.cpp(1,1): warning C4828: 파일에 0x1a38 오프셋에서 시작하는 문자가 포함되어 있습니다. 이 문자는 현재 원본 문자 집합에서 잘못된 문자입니다(코드 페이지 65001).
C:\Users\bbty0\source\repos\QTViewer\QTViewer\src\DrawComponent.cpp(1,1): warning C4828: 파일에 0x1a6e 오프셋에서 시작하는 문자가 포함되어 있습니다. 이 문자는 현재 원본 문자 집합에서 잘못된 문자입니다(코드 페이지 65001).
C:\Users\bbty0\source\repos\QTViewer\QTViewer\src\DrawComponent.cpp(1,1): warning C4828: 파일에 0x1a71 오프셋에서 시작하는 문자가 포함되어 있습니다. 이 문자는 현재 원본 문자 집합에서 잘못된 문자입니다(코드 페이지 65001).
C:\Users\bbty0\source\repos\QTViewer\QTViewer\src\DrawComponent.cpp(1,1): warning C4828: 파일에 0x1a72 오프셋에서 시작하는 문자가 포함되어 있습니다. 이 문자는 현재 원본 문자 집합에서 잘못된 문자입니다(코드 페이지 65001).
C:\Users\bbty0\source\repos\QTViewer\QTViewer\src\DrawComponent.cpp(1,1): warning C4828: 파일에 0x1a75 오프셋에서 시작하는 문자가 포함되어 있습니다. 이 문자는 현재 원본 문자 집합에서 잘못된 문자입니다(코드 페이지 65001).
C:\Users\bbty0\source\repos\QTViewer\QTViewer\src\DrawComponent.cpp(1,1): warning C4828: 파일에 0x1a7a 오프셋에서 시작하는 문자가 포함되어 있습니다. 이 문자는 현재 원본 문자 집합에서 잘못된 문자입니다(코드 페이지 65001).
C:\Users\bbty0\source\repos\QTViewer\QTViewer\src\DrawComponent.cpp(1,1): warning C4828: 파일에 0x1a7c 오프셋에서 시작하는 문자가 포함되어 있습니다. 이 문자는 현재 원본 문자 집합에서 잘못된 문자입니다(코드 페이지 65001).
C:\Users\bbty0\source\repos\QTViewer\QTViewer\src\DrawComponent.cpp(1,1): warning C4828: 파일에 0x1a7d 오프셋에서 시작하는 문자가 포함되어 있습니다. 이 문자는 현재 원본 문자 집합에서 잘못된 문자입니다(코드 페이지 65001).
C:\Users\bbty0\source\repos\QTViewer\QTViewer\src\DrawComponent.cpp(1,1): warning C4828: 파일에 0x1a7f 오프셋에서 시작하는 문자가 포함되어 있습니다. 이 문자는 현재 원본 문자 집합에서 잘못된 문자입니다(코드 페이지 65001).
C:\Users\bbty0\source\repos\QTViewer\QTViewer\src\DrawComponent.cpp(1,1): warning C4828: 파일에 0x1a80 오프셋에서 시작하는 문자가 포함되어 있습니다. 이 문자는 현재 원본 문자 집합에서 잘못된 문자입니다(코드 페이지 65001).
C:\Users\bbty0\source\repos\QTViewer\QTViewer\src\DrawComponent.cpp(1,1): warning C4828: 파일에 0x1a81 오프셋에서 시작하는 문자가 포함되어 있습니다. 이 문자는 현재 원본 문자 집합에서 잘못된 문자입니다(코드 페이지 65001).
C:\Users\bbty0\source\repos\QTViewer\QTViewer\src\DrawComponent.cpp(1,1): warning C4828: 파일에 0x1a83 오프셋에서 시작하는 문자가 포함되어 있습니다. 이 문자는 현재 원본 문자 집합에서 잘못된 문자입니다(코드 페이지 65001).
C:\Users\bbty0\source\repos\QTViewer\QTViewer\src\DrawComponent.cpp(1,1): warning C4828: 파일에 0x1a84 오프셋에서 시작하는 문자가 포함되어 있습니다. 이 문자는 현재 원본 문자 집합에서 잘못된 문자입니다(코드 페이지 65001).
C:\Users\bbty0\source\repos\QTViewer\QTViewer\src\DrawComponent.cpp(1,1): warning C4828: 파일에 0x1a85 오프셋에서 시작하는 문자가 포함되어 있습니다. 이 문자는 현재 원본 문자 집합에서 잘못된 문자입니다(코드 페이지 65001).
C:\Users\bbty0\source\repos\QTViewer\QTViewer\src\DrawComponent.cpp(1,1): warning C4828: 파일에 0x1a86 오프셋에서 시작하는 문자가 포함되어 있습니다. 이 문자는 현재 원본 문자 집합에서 잘못된 문자입니다(코드 페이지 65001).
C:\Users\bbty0\source\repos\QTViewer\QTViewer\src\DrawComponent.cpp(1,1): warning C4828: 파일에 0x1e89 오프셋에서 시작하는 문자가 포함되어 있습니다. 이 문자는 현재 원본 문자 집합에서 잘못된 문자입니다(코드 페이지 65001).
C:\Users\bbty0\source\repos\QTViewer\QTViewer\src\DrawComponent.cpp(1,1): warning C4828: 파일에 0x1e8a 오프셋에서 시작하는 문자가 포함되어 있습니다. 이 문자는 현재 원본 문자 집합에서 잘못된 문자입니다(코드 페이지 65001).
C:\Users\bbty0\source\repos\QTViewer\QTViewer\src\DrawComponent.cpp(1,1): warning C4828: 파일에 0x1e8b 오프셋에서 시작하는 문자가 포함되어 있습니다. 이 문자는 현재 원본 문자 집합에서 잘못된 문자입니다(코드 페이지 65001).
C:\Users\bbty0\source\repos\QTViewer\QTViewer\src\DrawComponent.cpp(1,1): warning C4828: 파일에 0x1e8c 오프셋에서 시작하는 문자가 포함되어 있습니다. 이 문자는 현재 원본 문자 집합에서 잘못된 문자입니다(코드 페이지 65001).
C:\Users\bbty0\source\repos\QTViewer\QTViewer\src\DrawComponent.cpp(1,1): warning C4828: 파일에 0x1e8e 오프셋에서 시작하는 문자가 포함되어 있습니다. 이 문자는 현재 원본 문자 집합에서 잘못된 문자입니다(코드 페이지 65001).
C:\Users\bbty0\source\repos\QTViewer\QTViewer\src\DrawComponent.cpp(1,1): warning C4828: 파일에 0x1e8f 오프셋에서 시작하는 문자가 포함되어 있습니다. 이 문자는 현재 원본 문자 집합에서 잘못된 문자입니다(코드 페이지 65001).
C:\Users\bbty0\source\repos\QTViewer\QTViewer\src\DrawComponent.cpp(1,1): warning C4828: 파일에 0x1e91 오프셋에서 시작하는 문자가 포함되어 있습니다. 이 문자는 현재 원본 문자 집합에서 잘못된 문자입니다(코드 페이지 65001).
C:\Users\bbty0\source\repos\QTViewer\QTViewer\src\DrawComponent.cpp(1,1): warning C4828: 파일에 0x1e92 오프셋에서 시작하는 문자가 포함되어 있습니다. 이 문자는 현재 원본 문자 집합에서 잘못된 문자입니다(코드 페이지 65001).
C:\Users\bbty0\source\repos\QTViewer\QTViewer\src\DrawComponent.cpp(1,1): warning C4828: 파일에 0x1e93 오프셋에서 시작하는 문자가 포함되어 있습니다. 이 문자는 현재 원본 문자 집합에서 잘못된 문자입니다(코드 페이지 65001).
C:\Users\bbty0\source\repos\QTViewer\QTViewer\src\DrawComponent.cpp(1,1): warning C4828: 파일에 0x1e94 오프셋에서 시작하는 문자가 포함되어 있습니다. 이 문자는 현재 원본 문자 집합에서 잘못된 문자입니다(코드 페이지 65001).
C:\Users\bbty0\source\repos\QTViewer\QTViewer\src\DrawComponent.cpp(1,1): warning C4828: 파일에 0x207a 오프셋에서 시작하는 문자가 포함되어 있습니다. 이 문자는 현재 원본 문자 집합에서 잘못된 문자입니다(코드 페이지 65001).
C:\Users\bbty0\source\repos\QTViewer\QTViewer\src\DrawComponent.cpp(1,1): warning C4828: 파일에 0x207b 오프셋에서 시작하는 문자가 포함되어 있습니다. 이 문자는 현재 원본 문자 집합에서 잘못된 문자입니다(코드 페이지 65001).
C:\Users\bbty0\source\repos\QTViewer\QTViewer\src\DrawComponent.cpp(1,1): warning C4828: 파일에 0x207d 오프셋에서 시작하는 문자가 포함되어 있습니다. 이 문자는 현재 원본 문자 집합에서 잘못된 문자입니다(코드 페이지 65001).
C:\Users\bbty0\source\repos\QTViewer\QTViewer\src\DrawComponent.cpp(1,1): warning C4828: 파일에 0x207e 오프셋에서 시작하는 문자가 포함되어 있습니다. 이 문자는 현재 원본 문자 집합에서 잘못된 문자입니다(코드 페이지 65001).
C:\Users\bbty0\source\repos\QTViewer\QTViewer\src\DrawComponent.cpp(1,1): warning C4828: 파일에 0x207f 오프셋에서 시작하는 문자가 포함되어 있습니다. 이 문자는 현재 원본 문자 집합에서 잘못된 문자입니다(코드 페이지 65001).
C:\Users\bbty0\source\repos\QTViewer\QTViewer\src\DrawComponent.cpp(1,1): warning C4828: 파일에 0x2082 오프셋에서 시작하는 문자가 포함되어 있습니다. 이 문자는 현재 원본 문자 집합에서 잘못된 문자입니다(코드 페이지 65001).
C:\Users\bbty0\source\repos\QTViewer\QTViewer\src\DrawComponent.cpp(1,1): warning C4828: 파일에 0x2094 오프셋에서 시작하는 문자가 포함되어 있습니다. 이 문자는 현재 원본 문자 집합에서 잘못된 문자입니다(코드 페이지 65001).
C:\Users\bbty0\source\repos\QTViewer\QTViewer\src\DrawComponent.cpp(1,1): warning C4828: 파일에 0x2097 오프셋에서 시작하는 문자가 포함되어 있습니다. 이 문자는 현재 원본 문자 집합에서 잘못된 문자입니다(코드 페이지 65001).
C:\Users\bbty0\source\repos\QTViewer\QTViewer\src\DrawComponent.cpp(1,1): warning C4828: 파일에 0x2098 오프셋에서 시작하는 문자가 포함되어 있습니다. 이 문자는 현재 원본 문자 집합에서 잘못된 문자입니다(코드 페이지 65001).
C:\Users\bbty0\source\repos\QTViewer\QTViewer\src\DrawComponent.cpp(1,1): warning C4828: 파일에 0x2099 오프셋에서 시작하는 문자가 포함되어 있습니다. 이 문자는 현재 원본 문자 집합에서 잘못된 문자입니다(코드 페이지 65001).
C:\Users\bbty0\source\repos\QTViewer\QTViewer\src\DrawComponent.cpp(1,1): warning C4828: 파일에 0x21e8 오프셋에서 시작하는 문자가 포함되어 있습니다. 이 문자는 현재 원본 문자 집합에서 잘못된 문자입니다(코드 페이지 65001).
C:\Users\bbty0\source\repos\QTViewer\QTViewer\src\DrawComponent.cpp(1,1): warning C4828: 파일에 0x21e9 오프셋에서 시작하는 문자가 포함되어 있습니다. 이 문자는 현재 원본 문자 집합에서 잘못된 문자입니다(코드 페이지 65001).
C:\Users\bbty0\source\repos\QTViewer\QTViewer\src\DrawComponent.cpp(1,1): warning C4828: 파일에 0x21ea 오프셋에서 시작하는 문자가 포함되어 있습니다. 이 문자는 현재 원본 문자 집합에서 잘못된 문자입니다(코드 페이지 65001).
C:\Users\bbty0\source\repos\QTViewer\QTViewer\src\DrawComponent.cpp(1,1): warning C4828: 파일에 0x21eb 오프셋에서 시작하는 문자가 포함되어 있습니다. 이 문자는 현재 원본 문자 집합에서 잘못된 문자입니다(코드 페이지 65001).
C:\Users\bbty0\source\repos\QTViewer\QTViewer\src\DrawComponent.cpp(1,1): warning C4828: 파일에 0x21ed 오프셋에서 시작하는 문자가 포함되어 있습니다. 이 문자는 현재 원본 문자 집합에서 잘못된 문자입니다(코드 페이지 65001).
C:\Users\bbty0\source\repos\QTViewer\QTViewer\src\DrawComponent.cpp(1,1): warning C4828: 파일에 0x21ee 오프셋에서 시작하는 문자가 포함되어 있습니다. 이 문자는 현재 원본 문자 집합에서 잘못된 문자입니다(코드 페이지 65001).
C:\Users\bbty0\source\repos\QTViewer\QTViewer\src\DrawComponent.cpp(1,1): warning C4828: 파일에 0x21f1 오프셋에서 시작하는 문자가 포함되어 있습니다. 이 문자는 현재 원본 문자 집합에서 잘못된 문자입니다(코드 페이지 65001).
C:\Users\bbty0\source\repos\QTViewer\QTViewer\src\DrawComponent.cpp(1,1): warning C4828: 파일에 0x21f2 오프셋에서 시작하는 문자가 포함되어 있습니다. 이 문자는 현재 원본 문자 집합에서 잘못된 문자입니다(코드 페이지 65001).
C:\Users\bbty0\source\repos\QTViewer\QTViewer\src\DrawComponent.cpp(1,1): warning C4828: 파일에 0x2272 오프셋에서 시작하는 문자가 포함되어 있습니다. 이 문자는 현재 원본 문자 집합에서 잘못된 문자입니다(코드 페이지 65001).
C:\Users\bbty0\source\repos\QTViewer\QTViewer\src\DrawComponent.cpp(1,1): warning C4828: 파일에 0x2273 오프셋에서 시작하는 문자가 포함되어 있습니다. 이 문자는 현재 원본 문자 집합에서 잘못된 문자입니다(코드 페이지 65001).
C:\Users\bbty0\source\repos\QTViewer\QTViewer\src\DrawComponent.cpp(1,1): warning C4828: 파일에 0x2275 오프셋에서 시작하는 문자가 포함되어 있습니다. 이 문자는 현재 원본 문자 집합에서 잘못된 문자입니다(코드 페이지 65001).
C:\Users\bbty0\source\repos\QTViewer\QTViewer\src\DrawComponent.cpp(1,1): warning C4828: 파일에 0x2277 오프셋에서 시작하는 문자가 포함되어 있습니다. 이 문자는 현재 원본 문자 집합에서 잘못된 문자입니다(코드 페이지 65001).
C:\Users\bbty0\source\repos\QTViewer\QTViewer\src\DrawComponent.cpp(1,1): warning C4828: 파일에 0x227a 오프셋에서 시작하는 문자가 포함되어 있습니다. 이 문자는 현재 원본 문자 집합에서 잘못된 문자입니다(코드 페이지 65001).
C:\Users\bbty0\source\repos\QTViewer\QTViewer\src\DrawComponent.cpp(1,1): warning C4828: 파일에 0x2418 오프셋에서 시작하는 문자가 포함되어 있습니다. 이 문자는 현재 원본 문자 집합에서 잘못된 문자입니다(코드 페이지 65001).
C:\Users\bbty0\source\repos\QTViewer\QTViewer\src\DrawComponent.cpp(1,1): warning C4828: 파일에 0x2419 오프셋에서 시작하는 문자가 포함되어 있습니다. 이 문자는 현재 원본 문자 집합에서 잘못된 문자입니다(코드 페이지 65001).
C:\Users\bbty0\source\repos\QTViewer\QTViewer\src\DrawComponent.cpp(1,1): warning C4828: 파일에 0x241a 오프셋에서 시작하는 문자가 포함되어 있습니다. 이 문자는 현재 원본 문자 집합에서 잘못된 문자입니다(코드 페이지 65001).
C:\Users\bbty0\source\repos\QTViewer\QTViewer\src\DrawComponent.cpp(1,1): warning C4828: 파일에 0x241b 오프셋에서 시작하는 문자가 포함되어 있습니다. 이 문자는 현재 원본 문자 집합에서 잘못된 문자입니다(코드 페이지 65001).
C:\Users\bbty0\source\repos\QTViewer\QTViewer\src\DrawComponent.cpp(1,1): warning C4828: 파일에 0x241c 오프셋에서 시작하는 문자가 포함되어 있습니다. 이 문자는 현재 원본 문자 집합에서 잘못된 문자입니다(코드 페이지 65001).
C:\Users\bbty0\source\repos\QTViewer\QTViewer\src\DrawComponent.cpp(1,1): warning C4828: 파일에 0x241f 오프셋에서 시작하는 문자가 포함되어 있습니다. 이 문자는 현재 원본 문자 집합에서 잘못된 문자입니다(코드 페이지 65001).
C:\Users\bbty0\source\repos\QTViewer\QTViewer\src\DrawComponent.cpp(1,1): warning C4828: 파일에 0x2422 오프셋에서 시작하는 문자가 포함되어 있습니다. 이 문자는 현재 원본 문자 집합에서 잘못된 문자입니다(코드 페이지 65001).
C:\Users\bbty0\source\repos\QTViewer\QTViewer\src\DrawComponent.cpp(1,1): warning C4828: 파일에 0x25c8 오프셋에서 시작하는 문자가 포함되어 있습니다. 이 문자는 현재 원본 문자 집합에서 잘못된 문자입니다(코드 페이지 65001).
C:\Users\bbty0\source\repos\QTViewer\QTViewer\src\DrawComponent.cpp(1,1): warning C4828: 파일에 0x25c9 오프셋에서 시작하는 문자가 포함되어 있습니다. 이 문자는 현재 원본 문자 집합에서 잘못된 문자입니다(코드 페이지 65001).
C:\Users\bbty0\source\repos\QTViewer\QTViewer\src\DrawComponent.cpp(1,1): warning C4828: 파일에 0x25ca 오프셋에서 시작하는 문자가 포함되어 있습니다. 이 문자는 현재 원본 문자 집합에서 잘못된 문자입니다(코드 페이지 65001).
C:\Users\bbty0\source\repos\QTViewer\QTViewer\src\DrawComponent.cpp(1,1): warning C4828: 파일에 0x25cf 오프셋에서 시작하는 문자가 포함되어 있습니다. 이 문자는 현재 원본 문자 집합에서 잘못된 문자입니다(코드 페이지 65001).
C:\Users\bbty0\source\repos\QTViewer\QTViewer\src\DrawComponent.cpp(1,1): warning C4828: 파일에 0x25d2 오프셋에서 시작하는 문자가 포함되어 있습니다. 이 문자는 현재 원본 문자 집합에서 잘못된 문자입니다(코드 페이지 65001).
C:\Users\bbty0\source\repos\QTViewer\QTViewer\src\DrawComponent.cpp(1,1): warning C4828: 파일에 0x28d0 오프셋에서 시작하는 문자가 포함되어 있습니다. 이 문자는 현재 원본 문자 집합에서 잘못된 문자입니다(코드 페이지 65001).
C:\Users\bbty0\source\repos\QTViewer\QTViewer\src\DrawComponent.cpp(1,1): warning C4828: 파일에 0x28d1 오프셋에서 시작하는 문자가 포함되어 있습니다. 이 문자는 현재 원본 문자 집합에서 잘못된 문자입니다(코드 페이지 65001).
C:\Users\bbty0\source\repos\QTViewer\QTViewer\src\DrawComponent.cpp(1,1): warning C4828: 파일에 0x28d5 오프셋에서 시작하는 문자가 포함되어 있습니다. 이 문자는 현재 원본 문자 집합에서 잘못된 문자입니다(코드 페이지 65001).
C:\Users\bbty0\source\repos\QTViewer\QTViewer\src\DrawComponent.cpp(1,1): warning C4828: 파일에 0x28d6 오프셋에서 시작하는 문자가 포함되어 있습니다. 이 문자는 현재 원본 문자 집합에서 잘못된 문자입니다(코드 페이지 65001).
C:\Users\bbty0\source\repos\QTViewer\QTViewer\src\DrawComponent.cpp(1,1): warning C4828: 파일에 0x28d9 오프셋에서 시작하는 문자가 포함되어 있습니다. 이 문자는 현재 원본 문자 집합에서 잘못된 문자입니다(코드 페이지 65001).
C:\Users\bbty0\source\repos\QTViewer\QTViewer\src\DrawComponent.cpp(1,1): warning C4828: 파일에 0x28da 오프셋에서 시작하는 문자가 포함되어 있습니다. 이 문자는 현재 원본 문자 집합에서 잘못된 문자입니다(코드 페이지 65001).
C:\Users\bbty0\source\repos\QTViewer\QTViewer\src\DrawComponent.cpp(1,1): warning C4828: 파일에 0x28de 오프셋에서 시작하는 문자가 포함되어 있습니다. 이 문자는 현재 원본 문자 집합에서 잘못된 문자입니다(코드 페이지 65001).
C:\Users\bbty0\source\repos\QTViewer\QTViewer\src\DrawComponent.cpp(1,1): warning C4828: 파일에 0x28df 오프셋에서 시작하는 문자가 포함되어 있습니다. 이 문자는 현재 원본 문자 집합에서 잘못된 문자입니다(코드 페이지 65001).
C:\Users\bbty0\source\repos\QTViewer\QTViewer\src\DrawComponent.cpp(1,1): warning C4828: 파일에 0x28e1 오프셋에서 시작하는 문자가 포함되어 있습니다. 이 문자는 현재 원본 문자 집합에서 잘못된 문자입니다(코드 페이지 65001).
C:\Users\bbty0\source\repos\QTViewer\QTViewer\src\DrawComponent.cpp(1,1): warning C4828: 파일에 0x28e3 오프셋에서 시작하는 문자가 포함되어 있습니다. 이 문자는 현재 원본 문자 집합에서 잘못된 문자입니다(코드 페이지 65001).
C:\Users\bbty0\source\repos\QTViewer\QTViewer\src\DrawComponent.cpp(1,1): warning C4828: 파일에 0x28e4 오프셋에서 시작하는 문자가 포함되어 있습니다. 이 문자는 현재 원본 문자 집합에서 잘못된 문자입니다(코드 페이지 65001).
C:\Users\bbty0\source\repos\QTViewer\QTViewer\src\DrawComponent.cpp(1,1): warning C4828: 파일에 0x2962 오프셋에서 시작하는 문자가 포함되어 있습니다. 이 문자는 현재 원본 문자 집합에서 잘못된 문자입니다(코드 페이지 65001).
C:\Users\bbty0\source\repos\QTViewer\QTViewer\src\DrawComponent.cpp(1,1): warning C4828: 파일에 0x2963 오프셋에서 시작하는 문자가 포함되어 있습니다. 이 문자는 현재 원본 문자 집합에서 잘못된 문자입니다(코드 페이지 65001).
C:\Users\bbty0\source\repos\QTViewer\QTViewer\src\DrawComponent.cpp(1,1): warning C4828: 파일에 0x2967 오프셋에서 시작하는 문자가 포함되어 있습니다. 이 문자는 현재 원본 문자 집합에서 잘못된 문자입니다(코드 페이지 65001).
C:\Users\bbty0\source\repos\QTViewer\QTViewer\src\DrawComponent.cpp(1,1): warning C4828: 파일에 0x2968 오프셋에서 시작하는 문자가 포함되어 있습니다. 이 문자는 현재 원본 문자 집합에서 잘못된 문자입니다(코드 페이지 65001).
C:\Users\bbty0\source\repos\QTViewer\QTViewer\src\DrawComponent.cpp(1,1): warning C4828: 파일에 0x296c 오프셋에서 시작하는 문자가 포함되어 있습니다. 이 문자는 현재 원본 문자 집합에서 잘못된 문자입니다(코드 페이지 65001).
C:\Users\bbty0\source\repos\QTViewer\QTViewer\src\DrawComponent.cpp(1,1): warning C4828: 파일에 0x296d 오프셋에서 시작하는 문자가 포함되어 있습니다. 이 문자는 현재 원본 문자 집합에서 잘못된 문자입니다(코드 페이지 65001).
C:\Users\bbty0\source\repos\QTViewer\QTViewer\src\DrawComponent.cpp(1,1): warning C4828: 파일에 0x296e 오프셋에서 시작하는 문자가 포함되어 있습니다. 이 문자는 현재 원본 문자 집합에서 잘못된 문자입니다(코드 페이지 65001).
C:\Users\bbty0\source\repos\QTViewer\QTViewer\src\DrawComponent.cpp(1,1): warning C4828: 파일에 0x296f 오프셋에서 시작하는 문자가 포함되어 있습니다. 이 문자는 현재 원본 문자 집합에서 잘못된 문자입니다(코드 페이지 65001).
C:\Users\bbty0\source\repos\QTViewer\QTViewer\src\DrawComponent.cpp(1,1): warning C4828: 파일에 0x2970 오프셋에서 시작하는 문자가 포함되어 있습니다. 이 문자는 현재 원본 문자 집합에서 잘못된 문자입니다(코드 페이지 65001).
C:\Users\bbty0\source\repos\QTViewer\QTViewer\src\DrawComponent.cpp(1,1): warning C4828: 파일에 0x2971 오프셋에서 시작하는 문자가 포함되어 있습니다. 이 문자는 현재 원본 문자 집합에서 잘못된 문자입니다(코드 페이지 65001).
C:\Users\bbty0\source\repos\QTViewer\QTViewer\src\DrawComponent.cpp(1,1): warning C4828: 파일에 0x2974 오프셋에서 시작하는 문자가 포함되어 있습니다. 이 문자는 현재 원본 문자 집합에서 잘못된 문자입니다(코드 페이지 65001).
C:\Users\bbty0\source\repos\QTViewer\QTViewer\src\DrawComponent.cpp(1,1): warning C4828: 파일에 0x2975 오프셋에서 시작하는 문자가 포함되어 있습니다. 이 문자는 현재 원본 문자 집합에서 잘못된 문자입니다(코드 페이지 65001).
C:\Users\bbty0\source\repos\QTViewer\QTViewer\src\DrawComponent.cpp(1,1): warning C4828: 파일에 0x2977 오프셋에서 시작하는 문자가 포함되어 있습니다. 이 문자는 현재 원본 문자 집합에서 잘못된 문자입니다(코드 페이지 65001).
C:\Users\bbty0\source\repos\QTViewer\QTViewer\src\DrawComponent.cpp(1,1): warning C4828: 파일에 0x2978 오프셋에서 시작하는 문자가 포함되어 있습니다. 이 문자는 현재 원본 문자 집합에서 잘못된 문자입니다(코드 페이지 65001).
C:\Users\bbty0\source\repos\QTViewer\QTViewer\src\DrawComponent.cpp(1,1): warning C4828: 파일에 0x29d5 오프셋에서 시작하는 문자가 포함되어 있습니다. 이 문자는 현재 원본 문자 집합에서 잘못된 문자입니다(코드 페이지 65001).
C:\Users\bbty0\source\repos\QTViewer\QTViewer\src\DrawComponent.cpp(1,1): warning C4828: 파일에 0x29d7 오프셋에서 시작하는 문자가 포함되어 있습니다. 이 문자는 현재 원본 문자 집합에서 잘못된 문자입니다(코드 페이지 65001).
C:\Users\bbty0\source\repos\QTViewer\QTViewer\src\DrawComponent.cpp(1,1): warning C4828: 파일에 0x29d8 오프셋에서 시작하는 문자가 포함되어 있습니다. 이 문자는 현재 원본 문자 집합에서 잘못된 문자입니다(코드 페이지 65001).
C:\Users\bbty0\source\repos\QTViewer\QTViewer\src\DrawComponent.cpp(1,1): warning C4828: 파일에 0x29db 오프셋에서 시작하는 문자가 포함되어 있습니다. 이 문자는 현재 원본 문자 집합에서 잘못된 문자입니다(코드 페이지 65001).
C:\Users\bbty0\source\repos\QTViewer\QTViewer\src\DrawComponent.cpp(1,1): warning C4828: 파일에 0x29de 오프셋에서 시작하는 문자가 포함되어 있습니다. 이 문자는 현재 원본 문자 집합에서 잘못된 문자입니다(코드 페이지 65001).
C:\Users\bbty0\source\repos\QTViewer\QTViewer\src\DrawComponent.cpp(1,1): warning C4828: 파일에 0x29df 오프셋에서 시작하는 문자가 포함되어 있습니다. 이 문자는 현재 원본 문자 집합에서 잘못된 문자입니다(코드 페이지 65001).
C:\Users\bbty0\source\repos\QTViewer\QTViewer\src\DrawComponent.cpp(1,1): warning C4828: 파일에 0x29e1 오프셋에서 시작하는 문자가 포함되어 있습니다. 이 문자는 현재 원본 문자 집합에서 잘못된 문자입니다(코드 페이지 65001).
C:\Users\bbty0\source\repos\QTViewer\QTViewer\src\DrawComponent.cpp(1,1): warning C4828: 파일에 0x29e2 오프셋에서 시작하는 문자가 포함되어 있습니다. 이 문자는 현재 원본 문자 집합에서 잘못된 문자입니다(코드 페이지 65001).
C:\Users\bbty0\source\repos\QTViewer\QTViewer\src\DrawComponent.cpp(1,1): warning C4828: 파일에 0x29e3 오프셋에서 시작하는 문자가 포함되어 있습니다. 이 문자는 현재 원본 문자 집합에서 잘못된 문자입니다(코드 페이지 65001).
C:\Users\bbty0\source\repos\QTViewer\QTViewer\src\DrawComponent.cpp(1,1): warning C4828: 파일에 0x29e4 오프셋에서 시작하는 문자가 포함되어 있습니다. 이 문자는 현재 원본 문자 집합에서 잘못된 문자입니다(코드 페이지 65001).
C:\Users\bbty0\source\repos\QTViewer\QTViewer\src\DrawComponent.cpp(1,1): warning C4828: 파일에 0x29e5 오프셋에서 시작하는 문자가 포함되어 있습니다. 이 문자는 현재 원본 문자 집합에서 잘못된 문자입니다(코드 페이지 65001).
C:\Users\bbty0\source\repos\QTViewer\QTViewer\src\DrawComponent.cpp(1,1): warning C4828: 파일에 0x29e6 오프셋에서 시작하는 문자가 포함되어 있습니다. 이 문자는 현재 원본 문자 집합에서 잘못된 문자입니다(코드 페이지 65001).
C:\Users\bbty0\source\repos\QTViewer\QTViewer\src\DrawComponent.cpp(1,1): warning C4828: 파일에 0x29e8 오프셋에서 시작하는 문자가 포함되어 있습니다. 이 문자는 현재 원본 문자 집합에서 잘못된 문자입니다(코드 페이지 65001).
C:\Users\bbty0\source\repos\QTViewer\QTViewer\src\DrawComponent.cpp(1,1): warning C4828: 파일에 0x29eb 오프셋에서 시작하는 문자가 포함되어 있습니다. 이 문자는 현재 원본 문자 집합에서 잘못된 문자입니다(코드 페이지 65001).
C:\Users\bbty0\source\repos\QTViewer\QTViewer\src\DrawComponent.cpp(1,1): warning C4828: 파일에 0x29ef 오프셋에서 시작하는 문자가 포함되어 있습니다. 이 문자는 현재 원본 문자 집합에서 잘못된 문자입니다(코드 페이지 65001).
C:\Users\bbty0\source\repos\QTViewer\QTViewer\src\DrawComponent.cpp(1,1): warning C4828: 파일에 0x29f0 오프셋에서 시작하는 문자가 포함되어 있습니다. 이 문자는 현재 원본 문자 집합에서 잘못된 문자입니다(코드 페이지 65001).
C:\Users\bbty0\source\repos\QTViewer\QTViewer\src\DrawComponent.cpp(1,1): warning C4828: 파일에 0x29f1 오프셋에서 시작하는 문자가 포함되어 있습니다. 이 문자는 현재 원본 문자 집합에서 잘못된 문자입니다(코드 페이지 65001).
C:\Users\bbty0\source\repos\QTViewer\QTViewer\src\DrawComponent.cpp(1,1): warning C4828: 파일에 0x29f2 오프셋에서 시작하는 문자가 포함되어 있습니다. 이 문자는 현재 원본 문자 집합에서 잘못된 문자입니다(코드 페이지 65001).
C:\Users\bbty0\source\repos\QTViewer\QTViewer\src\DrawComponent.cpp(1,1): warning C4828: 파일에 0x29f3 오프셋에서 시작하는 문자가 포함되어 있습니다. 이 문자는 현재 원본 문자 집합에서 잘못된 문자입니다(코드 페이지 65001).
C:\Users\bbty0\source\repos\QTViewer\QTViewer\src\DrawComponent.cpp(1,1): warning C4828: 파일에 0x29f4 오프셋에서 시작하는 문자가 포함되어 있습니다. 이 문자는 현재 원본 문자 집합에서 잘못된 문자입니다(코드 페이지 65001).
C:\Users\bbty0\source\repos\QTViewer\QTViewer\src\DrawComponent.cpp(1,1): warning C4828: 파일에 0x29f6 오프셋에서 시작하는 문자가 포함되어 있습니다. 이 문자는 현재 원본 문자 집합에서 잘못된 문자입니다(코드 페이지 65001).
C:\Users\bbty0\source\repos\QTViewer\QTViewer\src\DrawComponent.cpp(1,1): warning C4828: 파일에 0x29f7 오프셋에서 시작하는 문자가 포함되어 있습니다. 이 문자는 현재 원본 문자 집합에서 잘못된 문자입니다(코드 페이지 65001).
C:\Users\bbty0\source\repos\QTViewer\QTViewer\src\DrawComponent.cpp(1,1): warning C4828: 파일에 0x29f9 오프셋에서 시작하는 문자가 포함되어 있습니다. 이 문자는 현재 원본 문자 집합에서 잘못된 문자입니다(코드 페이지 65001).
C:\Users\bbty0\source\repos\QTViewer\QTViewer\src\DrawComponent.cpp(1,1): warning C4828: 파일에 0x29fa 오프셋에서 시작하는 문자가 포함되어 있습니다. 이 문자는 현재 원본 문자 집합에서 잘못된 문자입니다(코드 페이지 65001).
C:\Users\bbty0\source\repos\QTViewer\QTViewer\src\DrawComponent.cpp(1,1): warning C4828: 파일에 0x29fc 오프셋에서 시작하는 문자가 포함되어 있습니다. 이 문자는 현재 원본 문자 집합에서 잘못된 문자입니다(코드 페이지 65001).
C:\Users\bbty0\source\repos\QTViewer\QTViewer\src\DrawComponent.cpp(1,1): warning C4828: 파일에 0x29fd 오프셋에서 시작하는 문자가 포함되어 있습니다. 이 문자는 현재 원본 문자 집합에서 잘못된 문자입니다(코드 페이지 65001).
C:\Users\bbty0\source\repos\QTViewer\QTViewer\src\DrawComponent.cpp(1,1): warning C4828: 파일에 0x29ff 오프셋에서 시작하는 문자가 포함되어 있습니다. 이 문자는 현재 원본 문자 집합에서 잘못된 문자입니다(코드 페이지 65001).
C:\Users\bbty0\source\repos\QTViewer\QTViewer\src\DrawComponent.cpp(1,1): warning C4828: 파일에 0x2a00 오프셋에서 시작하는 문자가 포함되어 있습니다. 이 문자는 현재 원본 문자 집합에서 잘못된 문자입니다(코드 페이지 65001).
C:\Users\bbty0\source\repos\QTViewer\QTViewer\src\DrawComponent.cpp(1,1): warning C4828: 파일에 0x2ae0 오프셋에서 시작하는 문자가 포함되어 있습니다. 이 문자는 현재 원본 문자 집합에서 잘못된 문자입니다(코드 페이지 65001).
C:\Users\bbty0\source\repos\QTViewer\QTViewer\src\DrawComponent.cpp(1,1): warning C4828: 파일에 0x2ae2 오프셋에서 시작하는 문자가 포함되어 있습니다. 이 문자는 현재 원본 문자 집합에서 잘못된 문자입니다(코드 페이지 65001).
C:\Users\bbty0\source\repos\QTViewer\QTViewer\src\DrawComponent.cpp(1,1): warning C4828: 파일에 0x2ae3 오프셋에서 시작하는 문자가 포함되어 있습니다. 이 문자는 현재 원본 문자 집합에서 잘못된 문자입니다(코드 페이지 65001).
C:\Users\bbty0\source\repos\QTViewer\QTViewer\src\DrawComponent.cpp(1,1): warning C4828: 파일에 0x2ae8 오프셋에서 시작하는 문자가 포함되어 있습니다. 이 문자는 현재 원본 문자 집합에서 잘못된 문자입니다(코드 페이지 65001).
C:\Users\bbty0\source\repos\QTViewer\QTViewer\src\DrawComponent.cpp(1,1): warning C4828: 파일에 0x2aea 오프셋에서 시작하는 문자가 포함되어 있습니다. 이 문자는 현재 원본 문자 집합에서 잘못된 문자입니다(코드 페이지 65001).
C:\Users\bbty0\source\repos\QTViewer\QTViewer\src\DrawComponent.cpp(1,1): warning C4828: 파일에 0x2aec 오프셋에서 시작하는 문자가 포함되어 있습니다. 이 문자는 현재 원본 문자 집합에서 잘못된 문자입니다(코드 페이지 65001).
C:\Users\bbty0\source\repos\QTViewer\QTViewer\src\DrawComponent.cpp(1,1): warning C4828: 파일에 0x2aed 오프셋에서 시작하는 문자가 포함되어 있습니다. 이 문자는 현재 원본 문자 집합에서 잘못된 문자입니다(코드 페이지 65001).
C:\Users\bbty0\source\repos\QTViewer\QTViewer\src\DrawComponent.cpp(1,1): warning C4828: 파일에 0x2bb1 오프셋에서 시작하는 문자가 포함되어 있습니다. 이 문자는 현재 원본 문자 집합에서 잘못된 문자입니다(코드 페이지 65001).
C:\Users\bbty0\source\repos\QTViewer\QTViewer\src\DrawComponent.cpp(1,1): warning C4828: 파일에 0x2bb3 오프셋에서 시작하는 문자가 포함되어 있습니다. 이 문자는 현재 원본 문자 집합에서 잘못된 문자입니다(코드 페이지 65001).
C:\Users\bbty0\source\repos\QTViewer\QTViewer\src\DrawComponent.cpp(1,1): warning C4828: 파일에 0x2bb4 오프셋에서 시작하는 문자가 포함되어 있습니다. 이 문자는 현재 원본 문자 집합에서 잘못된 문자입니다(코드 페이지 65001).
C:\Users\bbty0\source\repos\QTViewer\QTViewer\src\DrawComponent.cpp(1,1): warning C4828: 파일에 0x2bb5 오프셋에서 시작하는 문자가 포함되어 있습니다. 이 문자는 현재 원본 문자 집합에서 잘못된 문자입니다(코드 페이지 65001).
C:\Users\bbty0\source\repos\QTViewer\QTViewer\src\DrawComponent.cpp(1,1): warning C4828: 파일에 0x2bb6 오프셋에서 시작하는 문자가 포함되어 있습니다. 이 문자는 현재 원본 문자 집합에서 잘못된 문자입니다(코드 페이지 65001).
C:\Users\bbty0\source\repos\QTViewer\QTViewer\src\DrawComponent.cpp(1,1): warning C4828: 파일에 0x2bb8 오프셋에서 시작하는 문자가 포함되어 있습니다. 이 문자는 현재 원본 문자 집합에서 잘못된 문자입니다(코드 페이지 65001).
C:\Users\bbty0\source\repos\QTViewer\QTViewer\src\DrawComponent.cpp(1,1): warning C4828: 파일에 0x2bbb 오프셋에서 시작하는 문자가 포함되어 있습니다. 이 문자는 현재 원본 문자 집합에서 잘못된 문자입니다(코드 페이지 65001).
C:\Users\bbty0\source\repos\QTViewer\QTViewer\src\DrawComponent.cpp(1,1): warning C4828: 파일에 0x2bbd 오프셋에서 시작하는 문자가 포함되어 있습니다. 이 문자는 현재 원본 문자 집합에서 잘못된 문자입니다(코드 페이지 65001).
C:\Users\bbty0\source\repos\QTViewer\QTViewer\src\DrawComponent.cpp(1,1): warning C4828: 파일에 0x2bbe 오프셋에서 시작하는 문자가 포함되어 있습니다. 이 문자는 현재 원본 문자 집합에서 잘못된 문자입니다(코드 페이지 65001).
C:\Users\bbty0\source\repos\QTViewer\QTViewer\src\DrawComponent.cpp(1,1): warning C4828: 파일에 0x2bbf 오프셋에서 시작하는 문자가 포함되어 있습니다. 이 문자는 현재 원본 문자 집합에서 잘못된 문자입니다(코드 페이지 65001).
C:\Users\bbty0\source\repos\QTViewer\QTViewer\src\DrawComponent.cpp(1,1): warning C4828: 파일에 0x2bc0 오프셋에서 시작하는 문자가 포함되어 있습니다. 이 문자는 현재 원본 문자 집합에서 잘못된 문자입니다(코드 페이지 65001).
C:\Users\bbty0\source\repos\QTViewer\QTViewer\src\DrawComponent.cpp(1,1): warning C4828: 파일에 0x2bc4 오프셋에서 시작하는 문자가 포함되어 있습니다. 이 문자는 현재 원본 문자 집합에서 잘못된 문자입니다(코드 페이지 65001).
C:\Users\bbty0\source\repos\QTViewer\QTViewer\src\DrawComponent.cpp(1,1): warning C4828: 파일에 0x2bc5 오프셋에서 시작하는 문자가 포함되어 있습니다. 이 문자는 현재 원본 문자 집합에서 잘못된 문자입니다(코드 페이지 65001).
C:\Users\bbty0\source\repos\QTViewer\QTViewer\src\DrawComponent.cpp(1,1): warning C4828: 파일에 0x2bdf 오프셋에서 시작하는 문자가 포함되어 있습니다. 이 문자는 현재 원본 문자 집합에서 잘못된 문자입니다(코드 페이지 65001).
C:\Users\bbty0\source\repos\QTViewer\QTViewer\src\DrawComponent.cpp(1,1): warning C4828: 파일에 0x2be0 오프셋에서 시작하는 문자가 포함되어 있습니다. 이 문자는 현재 원본 문자 집합에서 잘못된 문자입니다(코드 페이지 65001).
C:\Users\bbty0\source\repos\QTViewer\QTViewer\src\DrawComponent.cpp(1,1): warning C4828: 파일에 0x2be1 오프셋에서 시작하는 문자가 포함되어 있습니다. 이 문자는 현재 원본 문자 집합에서 잘못된 문자입니다(코드 페이지 65001).
C:\Users\bbty0\source\repos\QTViewer\QTViewer\src\DrawComponent.cpp(1,1): warning C4828: 파일에 0x2be2 오프셋에서 시작하는 문자가 포함되어 있습니다. 이 문자는 현재 원본 문자 집합에서 잘못된 문자입니다(코드 페이지 65001).
C:\Users\bbty0\source\repos\QTViewer\QTViewer\src\DrawComponent.cpp(1,1): warning C4828: 파일에 0x2be4 오프셋에서 시작하는 문자가 포함되어 있습니다. 이 문자는 현재 원본 문자 집합에서 잘못된 문자입니다(코드 페이지 65001).
C:\Users\bbty0\source\repos\QTViewer\QTViewer\src\DrawComponent.cpp(1,1): warning C4828: 파일에 0x2be8 오프셋에서 시작하는 문자가 포함되어 있습니다. 이 문자는 현재 원본 문자 집합에서 잘못된 문자입니다(코드 페이지 65001).
C:\Users\bbty0\source\repos\QTViewer\QTViewer\src\DrawComponent.cpp(1,1): warning C4828: 파일에 0x2be9 오프셋에서 시작하는 문자가 포함되어 있습니다. 이 문자는 현재 원본 문자 집합에서 잘못된 문자입니다(코드 페이지 65001).
C:\Users\bbty0\source\repos\QTViewer\QTViewer\src\DrawComponent.cpp(1,1): warning C4828: 파일에 0x2beb 오프셋에서 시작하는 문자가 포함되어 있습니다. 이 문자는 현재 원본 문자 집합에서 잘못된 문자입니다(코드 페이지 65001).
C:\Users\bbty0\source\repos\QTViewer\QTViewer\src\DrawComponent.cpp(1,1): warning C4828: 파일에 0x2bed 오프셋에서 시작하는 문자가 포함되어 있습니다. 이 문자는 현재 원본 문자 집합에서 잘못된 문자입니다(코드 페이지 65001).
C:\Users\bbty0\source\repos\QTViewer\QTViewer\src\DrawComponent.cpp(1,1): warning C4828: 파일에 0x2bee 오프셋에서 시작하는 문자가 포함되어 있습니다. 이 문자는 현재 원본 문자 집합에서 잘못된 문자입니다(코드 페이지 65001).
C:\Users\bbty0\source\repos\QTViewer\QTViewer\src\DrawComponent.cpp(1,1): warning C4828: 파일에 0x2bef 오프셋에서 시작하는 문자가 포함되어 있습니다. 이 문자는 현재 원본 문자 집합에서 잘못된 문자입니다(코드 페이지 65001).
C:\Users\bbty0\source\repos\QTViewer\QTViewer\src\DrawComponent.cpp(1,1): warning C4828: 파일에 0x2bf0 오프셋에서 시작하는 문자가 포함되어 있습니다. 이 문자는 현재 원본 문자 집합에서 잘못된 문자입니다(코드 페이지 65001).
C:\Users\bbty0\source\repos\QTViewer\QTViewer\src\DrawComponent.cpp(1,1): warning C4828: 파일에 0x2c2e 오프셋에서 시작하는 문자가 포함되어 있습니다. 이 문자는 현재 원본 문자 집합에서 잘못된 문자입니다(코드 페이지 65001).
C:\Users\bbty0\source\repos\QTViewer\QTViewer\src\DrawComponent.cpp(1,1): warning C4828: 파일에 0x2c30 오프셋에서 시작하는 문자가 포함되어 있습니다. 이 문자는 현재 원본 문자 집합에서 잘못된 문자입니다(코드 페이지 65001).
C:\Users\bbty0\source\repos\QTViewer\QTViewer\src\DrawComponent.cpp(1,1): warning C4828: 파일에 0x2c31 오프셋에서 시작하는 문자가 포함되어 있습니다. 이 문자는 현재 원본 문자 집합에서 잘못된 문자입니다(코드 페이지 65001).
C:\Users\bbty0\source\repos\QTViewer\QTViewer\src\DrawComponent.cpp(1,1): warning C4828: 파일에 0x2c34 오프셋에서 시작하는 문자가 포함되어 있습니다. 이 문자는 현재 원본 문자 집합에서 잘못된 문자입니다(코드 페이지 65001).
C:\Users\bbty0\source\repos\QTViewer\QTViewer\src\DrawComponent.cpp(1,1): warning C4828: 파일에 0x2c37 오프셋에서 시작하는 문자가 포함되어 있습니다. 이 문자는 현재 원본 문자 집합에서 잘못된 문자입니다(코드 페이지 65001).
C:\Users\bbty0\source\repos\QTViewer\QTViewer\src\DrawComponent.cpp(1,1): warning C4828: 파일에 0x2c38 오프셋에서 시작하는 문자가 포함되어 있습니다. 이 문자는 현재 원본 문자 집합에서 잘못된 문자입니다(코드 페이지 65001).
C:\Users\bbty0\source\repos\QTViewer\QTViewer\src\DrawComponent.cpp(1,1): warning C4828: 파일에 0x2c3a 오프셋에서 시작하는 문자가 포함되어 있습니다. 이 문자는 현재 원본 문자 집합에서 잘못된 문자입니다(코드 페이지 65001).
C:\Users\bbty0\source\repos\QTViewer\QTViewer\src\DrawComponent.cpp(1,1): warning C4828: 파일에 0x2c3b 오프셋에서 시작하는 문자가 포함되어 있습니다. 이 문자는 현재 원본 문자 집합에서 잘못된 문자입니다(코드 페이지 65001).
C:\Users\bbty0\source\repos\QTViewer\QTViewer\src\DrawComponent.cpp(1,1): warning C4828: 파일에 0x2c3c 오프셋에서 시작하는 문자가 포함되어 있습니다. 이 문자는 현재 원본 문자 집합에서 잘못된 문자입니다(코드 페이지 65001).
C:\Users\bbty0\source\repos\QTViewer\QTViewer\src\DrawComponent.cpp(1,1): warning C4828: 파일에 0x2c3d 오프셋에서 시작하는 문자가 포함되어 있습니다. 이 문자는 현재 원본 문자 집합에서 잘못된 문자입니다(코드 페이지 65001).
C:\Users\bbty0\source\repos\QTViewer\QTViewer\src\DrawComponent.cpp(1,1): warning C4828: 파일에 0x2c3e 오프셋에서 시작하는 문자가 포함되어 있습니다. 이 문자는 현재 원본 문자 집합에서 잘못된 문자입니다(코드 페이지 65001).
C:\Users\bbty0\source\repos\QTViewer\QTViewer\src\DrawComponent.cpp(1,1): warning C4828: 파일에 0x2c3f 오프셋에서 시작하는 문자가 포함되어 있습니다. 이 문자는 현재 원본 문자 집합에서 잘못된 문자입니다(코드 페이지 65001).
C:\Users\bbty0\source\repos\QTViewer\QTViewer\src\DrawComponent.cpp(1,1): warning C4828: 파일에 0x2c41 오프셋에서 시작하는 문자가 포함되어 있습니다. 이 문자는 현재 원본 문자 집합에서 잘못된 문자입니다(코드 페이지 65001).
C:\Users\bbty0\source\repos\QTViewer\QTViewer\src\DrawComponent.cpp(1,1): warning C4828: 파일에 0x2c44 오프셋에서 시작하는 문자가 포함되어 있습니다. 이 문자는 현재 원본 문자 집합에서 잘못된 문자입니다(코드 페이지 65001).
C:\Users\bbty0\source\repos\QTViewer\QTViewer\src\DrawComponent.cpp(1,1): warning C4828: 파일에 0x2c48 오프셋에서 시작하는 문자가 포함되어 있습니다. 이 문자는 현재 원본 문자 집합에서 잘못된 문자입니다(코드 페이지 65001).
C:\Users\bbty0\source\repos\QTViewer\QTViewer\src\DrawComponent.cpp(1,1): warning C4828: 파일에 0x2c49 오프셋에서 시작하는 문자가 포함되어 있습니다. 이 문자는 현재 원본 문자 집합에서 잘못된 문자입니다(코드 페이지 65001).
C:\Users\bbty0\source\repos\QTViewer\QTViewer\src\DrawComponent.cpp(1,1): warning C4828: 파일에 0x2c4a 오프셋에서 시작하는 문자가 포함되어 있습니다. 이 문자는 현재 원본 문자 집합에서 잘못된 문자입니다(코드 페이지 65001).
C:\Users\bbty0\source\repos\QTViewer\QTViewer\src\DrawComponent.cpp(1,1): warning C4828: 파일에 0x2c4b 오프셋에서 시작하는 문자가 포함되어 있습니다. 이 문자는 현재 원본 문자 집합에서 잘못된 문자입니다(코드 페이지 65001).
C:\Users\bbty0\source\repos\QTViewer\QTViewer\src\DrawComponent.cpp(1,1): warning C4828: 파일에 0x2c4c 오프셋에서 시작하는 문자가 포함되어 있습니다. 이 문자는 현재 원본 문자 집합에서 잘못된 문자입니다(코드 페이지 65001).
C:\Users\bbty0\source\repos\QTViewer\QTViewer\src\DrawComponent.cpp(1,1): warning C4828: 파일에 0x2c4d 오프셋에서 시작하는 문자가 포함되어 있습니다. 이 문자는 현재 원본 문자 집합에서 잘못된 문자입니다(코드 페이지 65001).
C:\Users\bbty0\source\repos\QTViewer\QTViewer\src\DrawComponent.cpp(1,1): warning C4828: 파일에 0x2c4f 오프셋에서 시작하는 문자가 포함되어 있습니다. 이 문자는 현재 원본 문자 집합에서 잘못된 문자입니다(코드 페이지 65001).
C:\Users\bbty0\source\repos\QTViewer\QTViewer\src\DrawComponent.cpp(1,1): warning C4828: 파일에 0x2c50 오프셋에서 시작하는 문자가 포함되어 있습니다. 이 문자는 현재 원본 문자 집합에서 잘못된 문자입니다(코드 페이지 65001).
C:\Users\bbty0\source\repos\QTViewer\QTViewer\src\DrawComponent.cpp(1,1): warning C4828: 파일에 0x2c52 오프셋에서 시작하는 문자가 포함되어 있습니다. 이 문자는 현재 원본 문자 집합에서 잘못된 문자입니다(코드 페이지 65001).
C:\Users\bbty0\source\repos\QTViewer\QTViewer\src\DrawComponent.cpp(1,1): warning C4828: 파일에 0x2c53 오프셋에서 시작하는 문자가 포함되어 있습니다. 이 문자는 현재 원본 문자 집합에서 잘못된 문자입니다(코드 페이지 65001).
C:\Users\bbty0\source\repos\QTViewer\QTViewer\src\DrawComponent.cpp(1,1): warning C4828: 파일에 0x2c55 오프셋에서 시작하는 문자가 포함되어 있습니다. 이 문자는 현재 원본 문자 집합에서 잘못된 문자입니다(코드 페이지 65001).
C:\Users\bbty0\source\repos\QTViewer\QTViewer\src\DrawComponent.cpp(1,1): warning C4828: 파일에 0x2c56 오프셋에서 시작하는 문자가 포함되어 있습니다. 이 문자는 현재 원본 문자 집합에서 잘못된 문자입니다(코드 페이지 65001).
C:\Users\bbty0\source\repos\QTViewer\QTViewer\src\DrawComponent.cpp(1,1): warning C4828: 파일에 0x2c5a 오프셋에서 시작하는 문자가 포함되어 있습니다. 이 문자는 현재 원본 문자 집합에서 잘못된 문자입니다(코드 페이지 65001).
C:\Users\bbty0\source\repos\QTViewer\QTViewer\src\DrawComponent.cpp(1,1): warning C4828: 파일에 0x2c5b 오프셋에서 시작하는 문자가 포함되어 있습니다. 이 문자는 현재 원본 문자 집합에서 잘못된 문자입니다(코드 페이지 65001).
C:\Users\bbty0\source\repos\QTViewer\QTViewer\src\DrawComponent.cpp(1,1): warning C4828: 파일에 0x2c5d 오프셋에서 시작하는 문자가 포함되어 있습니다. 이 문자는 현재 원본 문자 집합에서 잘못된 문자입니다(코드 페이지 65001).
C:\Users\bbty0\source\repos\QTViewer\QTViewer\src\DrawComponent.cpp(1,1): warning C4828: 파일에 0x2c5e 오프셋에서 시작하는 문자가 포함되어 있습니다. 이 문자는 현재 원본 문자 집합에서 잘못된 문자입니다(코드 페이지 65001).
C:\Users\bbty0\source\repos\QTViewer\QTViewer\src\DrawComponent.cpp(1,1): warning C4828: 파일에 0x2c63 오프셋에서 시작하는 문자가 포함되어 있습니다. 이 문자는 현재 원본 문자 집합에서 잘못된 문자입니다(코드 페이지 65001).
C:\Users\bbty0\source\repos\QTViewer\QTViewer\src\DrawComponent.cpp(1,1): warning C4828: 파일에 0x2c66 오프셋에서 시작하는 문자가 포함되어 있습니다. 이 문자는 현재 원본 문자 집합에서 잘못된 문자입니다(코드 페이지 65001).
C:\Users\bbty0\source\repos\QTViewer\QTViewer\src\DrawComponent.cpp(1,1): warning C4828: 파일에 0x2c68 오프셋에서 시작하는 문자가 포함되어 있습니다. 이 문자는 현재 원본 문자 집합에서 잘못된 문자입니다(코드 페이지 65001).
C:\Users\bbty0\source\repos\QTViewer\QTViewer\src\DrawComponent.cpp(1,1): warning C4828: 파일에 0x2c69 오프셋에서 시작하는 문자가 포함되어 있습니다. 이 문자는 현재 원본 문자 집합에서 잘못된 문자입니다(코드 페이지 65001).
C:\Users\bbty0\source\repos\QTViewer\QTViewer\src\DrawComponent.cpp(1,1): warning C4828: 파일에 0x2c6c 오프셋에서 시작하는 문자가 포함되어 있습니다. 이 문자는 현재 원본 문자 집합에서 잘못된 문자입니다(코드 페이지 65001).
C:\Users\bbty0\source\repos\QTViewer\QTViewer\src\DrawComponent.cpp(1,1): warning C4828: 파일에 0x2c6d 오프셋에서 시작하는 문자가 포함되어 있습니다. 이 문자는 현재 원본 문자 집합에서 잘못된 문자입니다(코드 페이지 65001).
C:\Users\bbty0\source\repos\QTViewer\QTViewer\src\DrawComponent.cpp(1,1): warning C4828: 파일에 0x2c71 오프셋에서 시작하는 문자가 포함되어 있습니다. 이 문자는 현재 원본 문자 집합에서 잘못된 문자입니다(코드 페이지 65001).
C:\Users\bbty0\source\repos\QTViewer\QTViewer\src\DrawComponent.cpp(1,1): warning C4828: 파일에 0x2c72 오프셋에서 시작하는 문자가 포함되어 있습니다. 이 문자는 현재 원본 문자 집합에서 잘못된 문자입니다(코드 페이지 65001).
C:\Users\bbty0\source\repos\QTViewer\QTViewer\src\DrawComponent.cpp(1,1): warning C4828: 파일에 0x2c74 오프셋에서 시작하는 문자가 포함되어 있습니다. 이 문자는 현재 원본 문자 집합에서 잘못된 문자입니다(코드 페이지 65001).
C:\Users\bbty0\source\repos\QTViewer\QTViewer\src\DrawComponent.cpp(1,1): warning C4828: 파일에 0x2c76 오프셋에서 시작하는 문자가 포함되어 있습니다. 이 문자는 현재 원본 문자 집합에서 잘못된 문자입니다(코드 페이지 65001).
C:\Users\bbty0\source\repos\QTViewer\QTViewer\src\DrawComponent.cpp(1,1): warning C4828: 파일에 0x2c77 오프셋에서 시작하는 문자가 포함되어 있습니다. 이 문자는 현재 원본 문자 집합에서 잘못된 문자입니다(코드 페이지 65001).
C:\Users\bbty0\source\repos\QTViewer\QTViewer\src\DrawComponent.cpp(1,1): warning C4828: 파일에 0x2e99 오프셋에서 시작하는 문자가 포함되어 있습니다. 이 문자는 현재 원본 문자 집합에서 잘못된 문자입니다(코드 페이지 65001).
C:\Users\bbty0\source\repos\QTViewer\QTViewer\src\DrawComponent.cpp(1,1): warning C4828: 파일에 0x2e9a 오프셋에서 시작하는 문자가 포함되어 있습니다. 이 문자는 현재 원본 문자 집합에서 잘못된 문자입니다(코드 페이지 65001).
C:\Users\bbty0\source\repos\QTViewer\QTViewer\src\DrawComponent.cpp(1,1): warning C4828: 파일에 0x2e9b 오프셋에서 시작하는 문자가 포함되어 있습니다. 이 문자는 현재 원본 문자 집합에서 잘못된 문자입니다(코드 페이지 65001).
C:\Users\bbty0\source\repos\QTViewer\QTViewer\src\DrawComponent.cpp(1,1): warning C4828: 파일에 0x2e9c 오프셋에서 시작하는 문자가 포함되어 있습니다. 이 문자는 현재 원본 문자 집합에서 잘못된 문자입니다(코드 페이지 65001).
C:\Users\bbty0\source\repos\QTViewer\QTViewer\src\DrawComponent.cpp(1,1): warning C4828: 파일에 0x2e9e 오프셋에서 시작하는 문자가 포함되어 있습니다. 이 문자는 현재 원본 문자 집합에서 잘못된 문자입니다(코드 페이지 65001).
C:\Users\bbty0\source\repos\QTViewer\QTViewer\src\DrawComponent.cpp(1,1): warning C4828: 파일에 0x2e9f 오프셋에서 시작하는 문자가 포함되어 있습니다. 이 문자는 현재 원본 문자 집합에서 잘못된 문자입니다(코드 페이지 65001).
C:\Users\bbty0\source\repos\QTViewer\QTViewer\src\DrawComponent.cpp(1,1): warning C4828: 파일에 0x2ea3 오프셋에서 시작하는 문자가 포함되어 있습니다. 이 문자는 현재 원본 문자 집합에서 잘못된 문자입니다(코드 페이지 65001).
C:\Users\bbty0\source\repos\QTViewer\QTViewer\src\DrawComponent.cpp(1,1): warning C4828: 파일에 0x2ea4 오프셋에서 시작하는 문자가 포함되어 있습니다. 이 문자는 현재 원본 문자 집합에서 잘못된 문자입니다(코드 페이지 65001).
C:\Users\bbty0\source\repos\QTViewer\QTViewer\src\DrawComponent.cpp(1,1): warning C4828: 파일에 0x2ea8 오프셋에서 시작하는 문자가 포함되어 있습니다. 이 문자는 현재 원본 문자 집합에서 잘못된 문자입니다(코드 페이지 65001).
C:\Users\bbty0\source\repos\QTViewer\QTViewer\src\DrawComponent.cpp(1,1): warning C4828: 파일에 0x2ea9 오프셋에서 시작하는 문자가 포함되어 있습니다. 이 문자는 현재 원본 문자 집합에서 잘못된 문자입니다(코드 페이지 65001).
C:\Users\bbty0\source\repos\QTViewer\QTViewer\src\DrawComponent.cpp(1,1): warning C4828: 파일에 0x2eaa 오프셋에서 시작하는 문자가 포함되어 있습니다. 이 문자는 현재 원본 문자 집합에서 잘못된 문자입니다(코드 페이지 65001).
C:\Users\bbty0\source\repos\QTViewer\QTViewer\src\DrawComponent.cpp(1,1): warning C4828: 파일에 0x2eab 오프셋에서 시작하는 문자가 포함되어 있습니다. 이 문자는 현재 원본 문자 집합에서 잘못된 문자입니다(코드 페이지 65001).
C:\Users\bbty0\source\repos\QTViewer\QTViewer\src\DrawComponent.cpp(1,1): warning C4828: 파일에 0x2ed4 오프셋에서 시작하는 문자가 포함되어 있습니다. 이 문자는 현재 원본 문자 집합에서 잘못된 문자입니다(코드 페이지 65001).
C:\Users\bbty0\source\repos\QTViewer\QTViewer\src\DrawComponent.cpp(1,1): warning C4828: 파일에 0x2ed5 오프셋에서 시작하는 문자가 포함되어 있습니다. 이 문자는 현재 원본 문자 집합에서 잘못된 문자입니다(코드 페이지 65001).
C:\Users\bbty0\source\repos\QTViewer\QTViewer\src\DrawComponent.cpp(1,1): warning C4828: 파일에 0x2ed6 오프셋에서 시작하는 문자가 포함되어 있습니다. 이 문자는 현재 원본 문자 집합에서 잘못된 문자입니다(코드 페이지 65001).
C:\Users\bbty0\source\repos\QTViewer\QTViewer\src\DrawComponent.cpp(1,1): warning C4828: 파일에 0x2ed7 오프셋에서 시작하는 문자가 포함되어 있습니다. 이 문자는 현재 원본 문자 집합에서 잘못된 문자입니다(코드 페이지 65001).
C:\Users\bbty0\source\repos\QTViewer\QTViewer\src\DrawComponent.cpp(1,1): warning C4828: 파일에 0x2ed9 오프셋에서 시작하는 문자가 포함되어 있습니다. 이 문자는 현재 원본 문자 집합에서 잘못된 문자입니다(코드 페이지 65001).
C:\Users\bbty0\source\repos\QTViewer\QTViewer\src\DrawComponent.cpp(1,1): warning C4828: 파일에 0x2eda 오프셋에서 시작하는 문자가 포함되어 있습니다. 이 문자는 현재 원본 문자 집합에서 잘못된 문자입니다(코드 페이지 65001).
C:\Users\bbty0\source\repos\QTViewer\QTViewer\src\DrawComponent.cpp(1,1): warning C4828: 파일에 0x2ede 오프셋에서 시작하는 문자가 포함되어 있습니다. 이 문자는 현재 원본 문자 집합에서 잘못된 문자입니다(코드 페이지 65001).
C:\Users\bbty0\source\repos\QTViewer\QTViewer\src\DrawComponent.cpp(1,1): warning C4828: 파일에 0x2edf 오프셋에서 시작하는 문자가 포함되어 있습니다. 이 문자는 현재 원본 문자 집합에서 잘못된 문자입니다(코드 페이지 65001).
C:\Users\bbty0\source\repos\QTViewer\QTViewer\src\DrawComponent.cpp(1,1): warning C4828: 파일에 0x2f01 오프셋에서 시작하는 문자가 포함되어 있습니다. 이 문자는 현재 원본 문자 집합에서 잘못된 문자입니다(코드 페이지 65001).
C:\Users\bbty0\source\repos\QTViewer\QTViewer\src\DrawComponent.cpp(1,1): warning C4828: 파일에 0x2f03 오프셋에서 시작하는 문자가 포함되어 있습니다. 이 문자는 현재 원본 문자 집합에서 잘못된 문자입니다(코드 페이지 65001).
C:\Users\bbty0\source\repos\QTViewer\QTViewer\src\DrawComponent.cpp(1,1): warning C4828: 파일에 0x2f04 오프셋에서 시작하는 문자가 포함되어 있습니다. 이 문자는 현재 원본 문자 집합에서 잘못된 문자입니다(코드 페이지 65001).
C:\Users\bbty0\source\repos\QTViewer\QTViewer\src\DrawComponent.cpp(1,1): warning C4828: 파일에 0x2f07 오프셋에서 시작하는 문자가 포함되어 있습니다. 이 문자는 현재 원본 문자 집합에서 잘못된 문자입니다(코드 페이지 65001).
C:\Users\bbty0\source\repos\QTViewer\QTViewer\src\DrawComponent.cpp(1,1): warning C4828: 파일에 0x2f08 오프셋에서 시작하는 문자가 포함되어 있습니다. 이 문자는 현재 원본 문자 집합에서 잘못된 문자입니다(코드 페이지 65001).
C:\Users\bbty0\source\repos\QTViewer\QTViewer\src\DrawComponent.cpp(1,1): warning C4828: 파일에 0x2f09 오프셋에서 시작하는 문자가 포함되어 있습니다. 이 문자는 현재 원본 문자 집합에서 잘못된 문자입니다(코드 페이지 65001).
C:\Users\bbty0\source\repos\QTViewer\QTViewer\src\Octree.h(1,1): warning C4828: 파일에 0xcb 오프셋에서 시작하는 문자가 포함되어 있습니다. 이 문자는 현재 원본 문자 집합에서 잘못된 문자입니다(코드 페이지 65001).
C:\Users\bbty0\source\repos\QTViewer\QTViewer\src\Octree.h(1,1): warning C4828: 파일에 0xce 오프셋에서 시작하는 문자가 포함되어 있습니다. 이 문자는 현재 원본 문자 집합에서 잘못된 문자입니다(코드 페이지 65001).
C:\Users\bbty0\source\repos\QTViewer\QTViewer\src\Octree.h(1,1): warning C4828: 파일에 0xcf 오프셋에서 시작하는 문자가 포함되어 있습니다. 이 문자는 현재 원본 문자 집합에서 잘못된 문자입니다(코드 페이지 65001).
C:\Users\bbty0\source\repos\QTViewer\QTViewer\src\Octree.h(1,1): warning C4828: 파일에 0xd0 오프셋에서 시작하는 문자가 포함되어 있습니다. 이 문자는 현재 원본 문자 집합에서 잘못된 문자입니다(코드 페이지 65001).
C:\Users\bbty0\source\repos\QTViewer\QTViewer\src\Octree.h(1,1): warning C4828: 파일에 0xd1 오프셋에서 시작하는 문자가 포함되어 있습니다. 이 문자는 현재 원본 문자 집합에서 잘못된 문자입니다(코드 페이지 65001).
C:\Users\bbty0\source\repos\QTViewer\QTViewer\src\Octree.h(1,1): warning C4828: 파일에 0xd3 오프셋에서 시작하는 문자가 포함되어 있습니다. 이 문자는 현재 원본 문자 집합에서 잘못된 문자입니다(코드 페이지 65001).
C:\Users\bbty0\source\repos\QTViewer\QTViewer\src\Octree.h(1,1): warning C4828: 파일에 0xd4 오프셋에서 시작하는 문자가 포함되어 있습니다. 이 문자는 현재 원본 문자 집합에서 잘못된 문자입니다(코드 페이지 65001).
C:\Users\bbty0\source\repos\QTViewer\QTViewer\src\Octree.h(1,1): warning C4828: 파일에 0xdb 오프셋에서 시작하는 문자가 포함되어 있습니다. 이 문자는 현재 원본 문자 집합에서 잘못된 문자입니다(코드 페이지 65001).
C:\Users\bbty0\source\repos\QTViewer\QTViewer\src\Octree.h(1,1): warning C4828: 파일에 0xdc 오프셋에서 시작하는 문자가 포함되어 있습니다. 이 문자는 현재 원본 문자 집합에서 잘못된 문자입니다(코드 페이지 65001).
C:\Users\bbty0\source\repos\QTViewer\QTViewer\src\Octree.h(1,1): warning C4828: 파일에 0xe2 오프셋에서 시작하는 문자가 포함되어 있습니다. 이 문자는 현재 원본 문자 집합에서 잘못된 문자입니다(코드 페이지 65001).
C:\Users\bbty0\source\repos\QTViewer\QTViewer\src\Octree.h(1,1): warning C4828: 파일에 0xe3 오프셋에서 시작하는 문자가 포함되어 있습니다. 이 문자는 현재 원본 문자 집합에서 잘못된 문자입니다(코드 페이지 65001).
C:\Users\bbty0\source\repos\QTViewer\QTViewer\src\Octree.h(1,1): warning C4828: 파일에 0xe5 오프셋에서 시작하는 문자가 포함되어 있습니다. 이 문자는 현재 원본 문자 집합에서 잘못된 문자입니다(코드 페이지 65001).
C:\Users\bbty0\source\repos\QTViewer\QTViewer\src\Octree.h(1,1): warning C4828: 파일에 0xe6 오프셋에서 시작하는 문자가 포함되어 있습니다. 이 문자는 현재 원본 문자 집합에서 잘못된 문자입니다(코드 페이지 65001).
C:\Users\bbty0\source\repos\QTViewer\QTViewer\src\Octree.h(1,1): warning C4828: 파일에 0xe7 오프셋에서 시작하는 문자가 포함되어 있습니다. 이 문자는 현재 원본 문자 집합에서 잘못된 문자입니다(코드 페이지 65001).
C:\Users\bbty0\source\repos\QTViewer\QTViewer\src\Octree.h(1,1): warning C4828: 파일에 0xea 오프셋에서 시작하는 문자가 포함되어 있습니다. 이 문자는 현재 원본 문자 집합에서 잘못된 문자입니다(코드 페이지 65001).
C:\Users\bbty0\source\repos\QTViewer\QTViewer\src\Octree.h(1,1): warning C4828: 파일에 0xec 오프셋에서 시작하는 문자가 포함되어 있습니다. 이 문자는 현재 원본 문자 집합에서 잘못된 문자입니다(코드 페이지 65001).
C:\Users\bbty0\source\repos\QTViewer\QTViewer\src\Octree.h(1,1): warning C4828: 파일에 0xee 오프셋에서 시작하는 문자가 포함되어 있습니다. 이 문자는 현재 원본 문자 집합에서 잘못된 문자입니다(코드 페이지 65001).
C:\Users\bbty0\source\repos\QTViewer\QTViewer\src\Octree.h(1,1): warning C4828: 파일에 0xef 오프셋에서 시작하는 문자가 포함되어 있습니다. 이 문자는 현재 원본 문자 집합에서 잘못된 문자입니다(코드 페이지 65001).
C:\Users\bbty0\source\repos\QTViewer\QTViewer\src\Octree.h(1,1): warning C4828: 파일에 0x1c6 오프셋에서 시작하는 문자가 포함되어 있습니다. 이 문자는 현재 원본 문자 집합에서 잘못된 문자입니다(코드 페이지 65001).
C:\Users\bbty0\source\repos\QTViewer\QTViewer\src\Octree.h(1,1): warning C4828: 파일에 0x1c7 오프셋에서 시작하는 문자가 포함되어 있습니다. 이 문자는 현재 원본 문자 집합에서 잘못된 문자입니다(코드 페이지 65001).
C:\Users\bbty0\source\repos\QTViewer\QTViewer\src\Octree.h(1,1): warning C4828: 파일에 0x2b2 오프셋에서 시작하는 문자가 포함되어 있습니다. 이 문자는 현재 원본 문자 집합에서 잘못된 문자입니다(코드 페이지 65001).
C:\Users\bbty0\source\repos\QTViewer\QTViewer\src\Octree.h(1,1): warning C4828: 파일에 0x2b3 오프셋에서 시작하는 문자가 포함되어 있습니다. 이 문자는 현재 원본 문자 집합에서 잘못된 문자입니다(코드 페이지 65001).
C:\Users\bbty0\source\repos\QTViewer\QTViewer\src\Octree.h(1,1): warning C4828: 파일에 0x34e 오프셋에서 시작하는 문자가 포함되어 있습니다. 이 문자는 현재 원본 문자 집합에서 잘못된 문자입니다(코드 페이지 65001).
C:\Users\bbty0\source\repos\QTViewer\QTViewer\src\Octree.h(1,1): warning C4828: 파일에 0x34f 오프셋에서 시작하는 문자가 포함되어 있습니다. 이 문자는 현재 원본 문자 집합에서 잘못된 문자입니다(코드 페이지 65001).
C:\Users\bbty0\source\repos\QTViewer\QTViewer\src\Octree.h(1,1): warning C4828: 파일에 0x350 오프셋에서 시작하는 문자가 포함되어 있습니다. 이 문자는 현재 원본 문자 집합에서 잘못된 문자입니다(코드 페이지 65001).
C:\Users\bbty0\source\repos\QTViewer\QTViewer\src\Octree.h(1,1): warning C4828: 파일에 0x351 오프셋에서 시작하는 문자가 포함되어 있습니다. 이 문자는 현재 원본 문자 집합에서 잘못된 문자입니다(코드 페이지 65001).
C:\Users\bbty0\source\repos\QTViewer\QTViewer\src\Octree.h(1,1): warning C4828: 파일에 0x352 오프셋에서 시작하는 문자가 포함되어 있습니다. 이 문자는 현재 원본 문자 집합에서 잘못된 문자입니다(코드 페이지 65001).
C:\Users\bbty0\source\repos\QTViewer\QTViewer\src\Octree.h(1,1): warning C4828: 파일에 0x353 오프셋에서 시작하는 문자가 포함되어 있습니다. 이 문자는 현재 원본 문자 집합에서 잘못된 문자입니다(코드 페이지 65001).
C:\Users\bbty0\source\repos\QTViewer\QTViewer\src\Octree.h(1,1): warning C4828: 파일에 0x3ed 오프셋에서 시작하는 문자가 포함되어 있습니다. 이 문자는 현재 원본 문자 집합에서 잘못된 문자입니다(코드 페이지 65001).
C:\Users\bbty0\source\repos\QTViewer\QTViewer\src\Octree.h(1,1): warning C4828: 파일에 0x3ee 오프셋에서 시작하는 문자가 포함되어 있습니다. 이 문자는 현재 원본 문자 집합에서 잘못된 문자입니다(코드 페이지 65001).
C:\Users\bbty0\source\repos\QTViewer\QTViewer\src\Octree.h(1,1): warning C4828: 파일에 0x3f2 오프셋에서 시작하는 문자가 포함되어 있습니다. 이 문자는 현재 원본 문자 집합에서 잘못된 문자입니다(코드 페이지 65001).
C:\Users\bbty0\source\repos\QTViewer\QTViewer\src\Octree.h(1,1): warning C4828: 파일에 0x3f5 오프셋에서 시작하는 문자가 포함되어 있습니다. 이 문자는 현재 원본 문자 집합에서 잘못된 문자입니다(코드 페이지 65001).
C:\Users\bbty0\source\repos\QTViewer\QTViewer\src\Octree.h(1,1): warning C4828: 파일에 0x3f7 오프셋에서 시작하는 문자가 포함되어 있습니다. 이 문자는 현재 원본 문자 집합에서 잘못된 문자입니다(코드 페이지 65001).
C:\Users\bbty0\source\repos\QTViewer\QTViewer\src\Octree.h(1,1): warning C4828: 파일에 0x3f8 오프셋에서 시작하는 문자가 포함되어 있습니다. 이 문자는 현재 원본 문자 집합에서 잘못된 문자입니다(코드 페이지 65001).
C:\Users\bbty0\source\repos\QTViewer\QTViewer\src\Octree.h(1,1): warning C4828: 파일에 0x3fb 오프셋에서 시작하는 문자가 포함되어 있습니다. 이 문자는 현재 원본 문자 집합에서 잘못된 문자입니다(코드 페이지 65001).
C:\Users\bbty0\source\repos\QTViewer\QTViewer\src\Octree.h(1,1): warning C4828: 파일에 0x3fc 오프셋에서 시작하는 문자가 포함되어 있습니다. 이 문자는 현재 원본 문자 집합에서 잘못된 문자입니다(코드 페이지 65001).
C:\Users\bbty0\source\repos\QTViewer\QTViewer\src\Octree.h(1,1): warning C4828: 파일에 0x405 오프셋에서 시작하는 문자가 포함되어 있습니다. 이 문자는 현재 원본 문자 집합에서 잘못된 문자입니다(코드 페이지 65001).
C:\Users\bbty0\source\repos\QTViewer\QTViewer\src\Octree.h(1,1): warning C4828: 파일에 0x406 오프셋에서 시작하는 문자가 포함되어 있습니다. 이 문자는 현재 원본 문자 집합에서 잘못된 문자입니다(코드 페이지 65001).
C:\Users\bbty0\source\repos\QTViewer\QTViewer\src\Octree.h(1,1): warning C4828: 파일에 0x408 오프셋에서 시작하는 문자가 포함되어 있습니다. 이 문자는 현재 원본 문자 집합에서 잘못된 문자입니다(코드 페이지 65001).
C:\Users\bbty0\source\repos\QTViewer\QTViewer\src\Octree.h(1,1): warning C4828: 파일에 0x40a 오프셋에서 시작하는 문자가 포함되어 있습니다. 이 문자는 현재 원본 문자 집합에서 잘못된 문자입니다(코드 페이지 65001).
C:\Users\bbty0\source\repos\QTViewer\QTViewer\src\Octree.h(1,1): warning C4828: 파일에 0x40b 오프셋에서 시작하는 문자가 포함되어 있습니다. 이 문자는 현재 원본 문자 집합에서 잘못된 문자입니다(코드 페이지 65001).
C:\Users\bbty0\source\repos\QTViewer\QTViewer\src\Octree.h(1,1): warning C4828: 파일에 0x5d7 오프셋에서 시작하는 문자가 포함되어 있습니다. 이 문자는 현재 원본 문자 집합에서 잘못된 문자입니다(코드 페이지 65001).
C:\Users\bbty0\source\repos\QTViewer\QTViewer\src\Octree.h(1,1): warning C4828: 파일에 0x5d8 오프셋에서 시작하는 문자가 포함되어 있습니다. 이 문자는 현재 원본 문자 집합에서 잘못된 문자입니다(코드 페이지 65001).
C:\Users\bbty0\source\repos\QTViewer\QTViewer\src\Octree.h(1,1): warning C4828: 파일에 0x5da 오프셋에서 시작하는 문자가 포함되어 있습니다. 이 문자는 현재 원본 문자 집합에서 잘못된 문자입니다(코드 페이지 65001).
C:\Users\bbty0\source\repos\QTViewer\QTViewer\src\Octree.h(1,1): warning C4828: 파일에 0x5dc 오프셋에서 시작하는 문자가 포함되어 있습니다. 이 문자는 현재 원본 문자 집합에서 잘못된 문자입니다(코드 페이지 65001).
C:\Users\bbty0\source\repos\QTViewer\QTViewer\src\Octree.h(1,1): warning C4828: 파일에 0x5dd 오프셋에서 시작하는 문자가 포함되어 있습니다. 이 문자는 현재 원본 문자 집합에서 잘못된 문자입니다(코드 페이지 65001).
C:\Users\bbty0\source\repos\QTViewer\QTViewer\src\Octree.h(1,1): warning C4828: 파일에 0x5e1 오프셋에서 시작하는 문자가 포함되어 있습니다. 이 문자는 현재 원본 문자 집합에서 잘못된 문자입니다(코드 페이지 65001).
C:\Users\bbty0\source\repos\QTViewer\QTViewer\src\Octree.h(1,1): warning C4828: 파일에 0x6d0 오프셋에서 시작하는 문자가 포함되어 있습니다. 이 문자는 현재 원본 문자 집합에서 잘못된 문자입니다(코드 페이지 65001).
C:\Users\bbty0\source\repos\QTViewer\QTViewer\src\Octree.h(1,1): warning C4828: 파일에 0x6d1 오프셋에서 시작하는 문자가 포함되어 있습니다. 이 문자는 현재 원본 문자 집합에서 잘못된 문자입니다(코드 페이지 65001).
C:\Users\bbty0\source\repos\QTViewer\QTViewer\src\Octree.h(1,1): warning C4828: 파일에 0x6d3 오프셋에서 시작하는 문자가 포함되어 있습니다. 이 문자는 현재 원본 문자 집합에서 잘못된 문자입니다(코드 페이지 65001).
C:\Users\bbty0\source\repos\QTViewer\QTViewer\src\Octree.h(1,1): warning C4828: 파일에 0x6d5 오프셋에서 시작하는 문자가 포함되어 있습니다. 이 문자는 현재 원본 문자 집합에서 잘못된 문자입니다(코드 페이지 65001).
C:\Users\bbty0\source\repos\QTViewer\QTViewer\src\Octree.h(1,1): warning C4828: 파일에 0x6d6 오프셋에서 시작하는 문자가 포함되어 있습니다. 이 문자는 현재 원본 문자 집합에서 잘못된 문자입니다(코드 페이지 65001).
C:\Users\bbty0\source\repos\QTViewer\QTViewer\src\Octree.h(1,1): warning C4828: 파일에 0x6d8 오프셋에서 시작하는 문자가 포함되어 있습니다. 이 문자는 현재 원본 문자 집합에서 잘못된 문자입니다(코드 페이지 65001).
C:\Users\bbty0\source\repos\QTViewer\QTViewer\src\Octree.h(1,1): warning C4828: 파일에 0x6d9 오프셋에서 시작하는 문자가 포함되어 있습니다. 이 문자는 현재 원본 문자 집합에서 잘못된 문자입니다(코드 페이지 65001).
C:\Users\bbty0\source\repos\QTViewer\QTViewer\src\Octree.h(1,1): warning C4828: 파일에 0x6dd 오프셋에서 시작하는 문자가 포함되어 있습니다. 이 문자는 현재 원본 문자 집합에서 잘못된 문자입니다(코드 페이지 65001).
C:\Users\bbty0\source\repos\QTViewer\QTViewer\src\Octree.h(1,1): warning C4828: 파일에 0x6de 오프셋에서 시작하는 문자가 포함되어 있습니다. 이 문자는 현재 원본 문자 집합에서 잘못된 문자입니다(코드 페이지 65001).
C:\Users\bbty0\source\repos\QTViewer\QTViewer\src\Octree.h(1,1): warning C4828: 파일에 0x6e0 오프셋에서 시작하는 문자가 포함되어 있습니다. 이 문자는 현재 원본 문자 집합에서 잘못된 문자입니다(코드 페이지 65001).
C:\Users\bbty0\source\repos\QTViewer\QTViewer\src\Octree.h(1,1): warning C4828: 파일에 0x833 오프셋에서 시작하는 문자가 포함되어 있습니다. 이 문자는 현재 원본 문자 집합에서 잘못된 문자입니다(코드 페이지 65001).
C:\Users\bbty0\source\repos\QTViewer\QTViewer\src\Octree.h(1,1): warning C4828: 파일에 0x834 오프셋에서 시작하는 문자가 포함되어 있습니다. 이 문자는 현재 원본 문자 집합에서 잘못된 문자입니다(코드 페이지 65001).
C:\Users\bbty0\source\repos\QTViewer\QTViewer\src\Octree.h(1,1): warning C4828: 파일에 0x836 오프셋에서 시작하는 문자가 포함되어 있습니다. 이 문자는 현재 원본 문자 집합에서 잘못된 문자입니다(코드 페이지 65001).
C:\Users\bbty0\source\repos\QTViewer\QTViewer\src\Octree.h(1,1): warning C4828: 파일에 0x838 오프셋에서 시작하는 문자가 포함되어 있습니다. 이 문자는 현재 원본 문자 집합에서 잘못된 문자입니다(코드 페이지 65001).
C:\Users\bbty0\source\repos\QTViewer\QTViewer\src\Octree.h(1,1): warning C4828: 파일에 0x839 오프셋에서 시작하는 문자가 포함되어 있습니다. 이 문자는 현재 원본 문자 집합에서 잘못된 문자입니다(코드 페이지 65001).
C:\Users\bbty0\source\repos\QTViewer\QTViewer\src\Octree.h(1,1): warning C4828: 파일에 0x83a 오프셋에서 시작하는 문자가 포함되어 있습니다. 이 문자는 현재 원본 문자 집합에서 잘못된 문자입니다(코드 페이지 65001).
C:\Users\bbty0\source\repos\QTViewer\QTViewer\src\Octree.h(1,1): warning C4828: 파일에 0x83b 오프셋에서 시작하는 문자가 포함되어 있습니다. 이 문자는 현재 원본 문자 집합에서 잘못된 문자입니다(코드 페이지 65001).
C:\Users\bbty0\source\repos\QTViewer\QTViewer\src\Octree.h(1,1): warning C4828: 파일에 0x83d 오프셋에서 시작하는 문자가 포함되어 있습니다. 이 문자는 현재 원본 문자 집합에서 잘못된 문자입니다(코드 페이지 65001).
C:\Users\bbty0\source\repos\QTViewer\QTViewer\src\Octree.h(1,1): warning C4828: 파일에 0x83e 오프셋에서 시작하는 문자가 포함되어 있습니다. 이 문자는 현재 원본 문자 집합에서 잘못된 문자입니다(코드 페이지 65001).
C:\Users\bbty0\source\repos\QTViewer\QTViewer\src\Octree.h(1,1): warning C4828: 파일에 0x842 오프셋에서 시작하는 문자가 포함되어 있습니다. 이 문자는 현재 원본 문자 집합에서 잘못된 문자입니다(코드 페이지 65001).
C:\Users\bbty0\source\repos\QTViewer\QTViewer\src\Octree.h(1,1): warning C4828: 파일에 0x844 오프셋에서 시작하는 문자가 포함되어 있습니다. 이 문자는 현재 원본 문자 집합에서 잘못된 문자입니다(코드 페이지 65001).
C:\Users\bbty0\source\repos\QTViewer\QTViewer\src\Octree.h(1,1): warning C4828: 파일에 0x847 오프셋에서 시작하는 문자가 포함되어 있습니다. 이 문자는 현재 원본 문자 집합에서 잘못된 문자입니다(코드 페이지 65001).
C:\Users\bbty0\source\repos\QTViewer\QTViewer\src\Octree.h(1,1): warning C4828: 파일에 0x84b 오프셋에서 시작하는 문자가 포함되어 있습니다. 이 문자는 현재 원본 문자 집합에서 잘못된 문자입니다(코드 페이지 65001).
C:\Users\bbty0\source\repos\QTViewer\QTViewer\src\Octree.h(1,1): warning C4828: 파일에 0x84c 오프셋에서 시작하는 문자가 포함되어 있습니다. 이 문자는 현재 원본 문자 집합에서 잘못된 문자입니다(코드 페이지 65001).
C:\Users\bbty0\source\repos\QTViewer\QTViewer\src\Octree.h(1,1): warning C4828: 파일에 0x84f 오프셋에서 시작하는 문자가 포함되어 있습니다. 이 문자는 현재 원본 문자 집합에서 잘못된 문자입니다(코드 페이지 65001).
C:\Users\bbty0\source\repos\QTViewer\QTViewer\src\Octree.h(1,1): warning C4828: 파일에 0x851 오프셋에서 시작하는 문자가 포함되어 있습니다. 이 문자는 현재 원본 문자 집합에서 잘못된 문자입니다(코드 페이지 65001).
C:\Users\bbty0\source\repos\QTViewer\QTViewer\src\Octree.h(1,1): warning C4828: 파일에 0x852 오프셋에서 시작하는 문자가 포함되어 있습니다. 이 문자는 현재 원본 문자 집합에서 잘못된 문자입니다(코드 페이지 65001).
C:\Users\bbty0\source\repos\QTViewer\QTViewer\src\Octree.h(1,1): warning C4828: 파일에 0x857 오프셋에서 시작하는 문자가 포함되어 있습니다. 이 문자는 현재 원본 문자 집합에서 잘못된 문자입니다(코드 페이지 65001).
C:\Users\bbty0\source\repos\QTViewer\QTViewer\src\Octree.h(1,1): warning C4828: 파일에 0x858 오프셋에서 시작하는 문자가 포함되어 있습니다. 이 문자는 현재 원본 문자 집합에서 잘못된 문자입니다(코드 페이지 65001).
C:\Users\bbty0\source\repos\QTViewer\QTViewer\src\Octree.h(1,1): warning C4828: 파일에 0x859 오프셋에서 시작하는 문자가 포함되어 있습니다. 이 문자는 현재 원본 문자 집합에서 잘못된 문자입니다(코드 페이지 65001).
C:\Users\bbty0\source\repos\QTViewer\QTViewer\src\Octree.h(1,1): warning C4828: 파일에 0x85a 오프셋에서 시작하는 문자가 포함되어 있습니다. 이 문자는 현재 원본 문자 집합에서 잘못된 문자입니다(코드 페이지 65001).
C:\Users\bbty0\source\repos\QTViewer\QTViewer\src\Octree.h(1,1): warning C4828: 파일에 0x92b 오프셋에서 시작하는 문자가 포함되어 있습니다. 이 문자는 현재 원본 문자 집합에서 잘못된 문자입니다(코드 페이지 65001).
C:\Users\bbty0\source\repos\QTViewer\QTViewer\src\Octree.h(1,1): warning C4828: 파일에 0x92c 오프셋에서 시작하는 문자가 포함되어 있습니다. 이 문자는 현재 원본 문자 집합에서 잘못된 문자입니다(코드 페이지 65001).
C:\Users\bbty0\source\repos\QTViewer\QTViewer\src\Octree.h(1,1): warning C4828: 파일에 0x933 오프셋에서 시작하는 문자가 포함되어 있습니다. 이 문자는 현재 원본 문자 집합에서 잘못된 문자입니다(코드 페이지 65001).
C:\Users\bbty0\source\repos\QTViewer\QTViewer\src\Octree.h(1,1): warning C4828: 파일에 0x934 오프셋에서 시작하는 문자가 포함되어 있습니다. 이 문자는 현재 원본 문자 집합에서 잘못된 문자입니다(코드 페이지 65001).
C:\Users\bbty0\source\repos\QTViewer\QTViewer\src\Octree.h(1,1): warning C4828: 파일에 0x936 오프셋에서 시작하는 문자가 포함되어 있습니다. 이 문자는 현재 원본 문자 집합에서 잘못된 문자입니다(코드 페이지 65001).
C:\Users\bbty0\source\repos\QTViewer\QTViewer\src\Octree.h(1,1): warning C4828: 파일에 0x937 오프셋에서 시작하는 문자가 포함되어 있습니다. 이 문자는 현재 원본 문자 집합에서 잘못된 문자입니다(코드 페이지 65001).
C:\Users\bbty0\source\repos\QTViewer\QTViewer\src\Octree.h(1,1): warning C4828: 파일에 0x938 오프셋에서 시작하는 문자가 포함되어 있습니다. 이 문자는 현재 원본 문자 집합에서 잘못된 문자입니다(코드 페이지 65001).
C:\Users\bbty0\source\repos\QTViewer\QTViewer\src\Octree.h(1,1): warning C4828: 파일에 0x93a 오프셋에서 시작하는 문자가 포함되어 있습니다. 이 문자는 현재 원본 문자 집합에서 잘못된 문자입니다(코드 페이지 65001).
C:\Users\bbty0\source\repos\QTViewer\QTViewer\src\Octree.h(1,1): warning C4828: 파일에 0x93b 오프셋에서 시작하는 문자가 포함되어 있습니다. 이 문자는 현재 원본 문자 집합에서 잘못된 문자입니다(코드 페이지 65001).
C:\Users\bbty0\source\repos\QTViewer\QTViewer\src\Octree.h(1,1): warning C4828: 파일에 0x93d 오프셋에서 시작하는 문자가 포함되어 있습니다. 이 문자는 현재 원본 문자 집합에서 잘못된 문자입니다(코드 페이지 65001).
C:\Users\bbty0\source\repos\QTViewer\QTViewer\src\Octree.h(1,1): warning C4828: 파일에 0x941 오프셋에서 시작하는 문자가 포함되어 있습니다. 이 문자는 현재 원본 문자 집합에서 잘못된 문자입니다(코드 페이지 65001).
C:\Users\bbty0\source\repos\QTViewer\QTViewer\src\Octree.h(1,1): warning C4828: 파일에 0x942 오프셋에서 시작하는 문자가 포함되어 있습니다. 이 문자는 현재 원본 문자 집합에서 잘못된 문자입니다(코드 페이지 65001).
C:\Users\bbty0\source\repos\QTViewer\QTViewer\src\Octree.h(1,1): warning C4828: 파일에 0x945 오프셋에서 시작하는 문자가 포함되어 있습니다. 이 문자는 현재 원본 문자 집합에서 잘못된 문자입니다(코드 페이지 65001).
C:\Users\bbty0\source\repos\QTViewer\QTViewer\src\Octree.h(1,1): warning C4828: 파일에 0x946 오프셋에서 시작하는 문자가 포함되어 있습니다. 이 문자는 현재 원본 문자 집합에서 잘못된 문자입니다(코드 페이지 65001).
C:\Users\bbty0\source\repos\QTViewer\QTViewer\src\Octree.h(1,1): warning C4828: 파일에 0x948 오프셋에서 시작하는 문자가 포함되어 있습니다. 이 문자는 현재 원본 문자 집합에서 잘못된 문자입니다(코드 페이지 65001).
C:\Users\bbty0\source\repos\QTViewer\QTViewer\src\Octree.h(1,1): warning C4828: 파일에 0x94a 오프셋에서 시작하는 문자가 포함되어 있습니다. 이 문자는 현재 원본 문자 집합에서 잘못된 문자입니다(코드 페이지 65001).
C:\Users\bbty0\source\repos\QTViewer\QTViewer\src\Octree.h(1,1): warning C4828: 파일에 0x94b 오프셋에서 시작하는 문자가 포함되어 있습니다. 이 문자는 현재 원본 문자 집합에서 잘못된 문자입니다(코드 페이지 65001).
C:\Users\bbty0\source\repos\QTViewer\QTViewer\src\Octree.h(1,1): warning C4828: 파일에 0x9d7 오프셋에서 시작하는 문자가 포함되어 있습니다. 이 문자는 현재 원본 문자 집합에서 잘못된 문자입니다(코드 페이지 65001).
C:\Users\bbty0\source\repos\QTViewer\QTViewer\src\Octree.h(1,1): warning C4828: 파일에 0x9d8 오프셋에서 시작하는 문자가 포함되어 있습니다. 이 문자는 현재 원본 문자 집합에서 잘못된 문자입니다(코드 페이지 65001).
C:\Users\bbty0\source\repos\QTViewer\QTViewer\src\Octree.h(1,1): warning C4828: 파일에 0x9d9 오프셋에서 시작하는 문자가 포함되어 있습니다. 이 문자는 현재 원본 문자 집합에서 잘못된 문자입니다(코드 페이지 65001).
C:\Users\bbty0\source\repos\QTViewer\QTViewer\src\Octree.h(1,1): warning C4828: 파일에 0x9da 오프셋에서 시작하는 문자가 포함되어 있습니다. 이 문자는 현재 원본 문자 집합에서 잘못된 문자입니다(코드 페이지 65001).
C:\Users\bbty0\source\repos\QTViewer\QTViewer\src\Octree.h(1,1): warning C4828: 파일에 0x9db 오프셋에서 시작하는 문자가 포함되어 있습니다. 이 문자는 현재 원본 문자 집합에서 잘못된 문자입니다(코드 페이지 65001).
C:\Users\bbty0\source\repos\QTViewer\QTViewer\src\Octree.h(1,1): warning C4828: 파일에 0x9dc 오프셋에서 시작하는 문자가 포함되어 있습니다. 이 문자는 현재 원본 문자 집합에서 잘못된 문자입니다(코드 페이지 65001).
  QTViewer.vcxproj -> C:\Users\bbty0\source\repos\QTViewer\QTViewer\bin\debug\QTViewer.exe
